====================================================================== test session starts ======================================================================
platform darwin -- Python 3.13.2, pytest-8.3.5, pluggy-1.5.0
rootdir: /Users/celine/Research/librarybench
configfile: pyproject.toml
plugins: anyio-4.9.0, json-report-1.5.0, timeout-2.4.0, metadata-3.1.1
timeout: 60.0s
timeout method: signal
timeout func_only: False
collected 13 items

test_email_engine.py ..........F..                                                                                                                        [100%]

=========================================================================== FAILURES ============================================================================
_______________________________________________________________________ test_render_async _______________________________________________________________________

pyfuncitem = <Function test_render_async>

    @pytest.hookimpl(tryfirst=True)
    def pytest_pyfunc_call(pyfuncitem):
        """
        Execute coroutine test functions by running them on the event loop.
        """
        if inspect.iscoroutinefunction(pyfuncitem.obj):
            loop = asyncio.get_event_loop()
>           loop.run_until_complete(pyfuncitem.obj(**pyfuncitem.funcargs))
E           TypeError: test_render_async() got an unexpected keyword argument 'tmp_path_factory'

conftest.py:21: TypeError
======================================================================= warnings summary ========================================================================
test_email_engine.py:114
  /Users/celine/Research/librarybench/templator_o4-mini_0/email_template_specialist/test_email_engine.py:114: PytestUnknownMarkWarning: Unknown pytest.mark.asyncio - is this a typo?  You can register custom marks to avoid this warning - for details, see https://docs.pytest.org/en/stable/how-to/mark.html
    @pytest.mark.asyncio

templator_o4-mini_0/email_template_specialist/test_email_engine.py::test_render_async
  /Users/celine/Research/librarybench/templator_o4-mini_0/email_template_specialist/conftest.py:20: DeprecationWarning: There is no current event loop
    loop = asyncio.get_event_loop()

-- Docs: https://docs.pytest.org/en/stable/how-to/capture-warnings.html
-------------------------------------------------------------------------- JSON report --------------------------------------------------------------------------
report saved to: report.json
==================================================================== short test summary info ====================================================================
FAILED test_email_engine.py::test_render_async - TypeError: test_render_async() got an unexpected keyword argument 'tmp_path_factory'
=========================================================== 1 failed, 12 passed, 2 warnings in 0.07s ============================================================
