{"created": 1746540622.382644, "duration": 0.39562177658081055, "exitcode": 1, "root": "/Users/celine/Research/librarybench", "environment": {}, "summary": {"passed": 7, "failed": 19, "error": 8, "total": 34, "collected": 34}, "collectors": [{"nodeid": "", "outcome": "passed", "result": [{"nodeid": "dependency_resolver_o4-mini_group1_1/Full_Stack_Developer/test_env_manager.py", "type": "Module"}, {"nodeid": "dependency_resolver_o4-mini_group1_1/Student/tests/test_repo.py", "type": "Module"}, {"nodeid": "dependency_resolver_o4-mini_group1_1/Student/tests/test_manager.py", "type": "Module"}, {"nodeid": "dependency_resolver_o4-mini_group1_1/Student/tests/test_cli.py", "type": "Module"}, {"nodeid": "dependency_resolver_o4-mini_group1_1/Student/tests/test_cache.py", "type": "Module"}, {"nodeid": "dependency_resolver_o4-mini_group1_1/IT_Administrator/tests/test_pkgmanager.py", "type": "Module"}]}, {"nodeid": "dependency_resolver_o4-mini_group1_1/Full_Stack_Developer/test_env_manager.py", "outcome": "passed", "result": [{"nodeid": "dependency_resolver_o4-mini_group1_1/Full_Stack_Developer/test_env_manager.py::test_create_and_list_envs", "type": "Function", "lineno": 17}, {"nodeid": "dependency_resolver_o4-mini_group1_1/Full_Stack_Developer/test_env_manager.py::test_delete_env", "type": "Function", "lineno": 25}, {"nodeid": "dependency_resolver_o4-mini_group1_1/Full_Stack_Developer/test_env_manager.py::test_delete_current_env_resets_current", "type": "Function", "lineno": 33}, {"nodeid": "dependency_resolver_o4-mini_group1_1/Full_Stack_Developer/test_env_manager.py::test_switch_and_get_current_env", "type": "Function", "lineno": 41}, {"nodeid": "dependency_resolver_o4-mini_group1_1/Full_Stack_Developer/test_env_manager.py::test_install_and_remove_package", "type": "Function", "lineno": 52}, {"nodeid": "dependency_resolver_o4-mini_group1_1/Full_Stack_Developer/test_env_manager.py::test_install_without_env", "type": "Function", "lineno": 66}, {"nodeid": "dependency_resolver_o4-mini_group1_1/Full_Stack_Developer/test_env_manager.py::test_lockfile_generation_and_install", "type": "Function", "lineno": 71}, {"nodeid": "dependency_resolver_o4-mini_group1_1/Full_Stack_Developer/test_env_manager.py::test_vulnerability_alerts", "type": "Function", "lineno": 87}, {"nodeid": "dependency_resolver_o4-mini_group1_1/Full_Stack_Developer/test_env_manager.py::test_snapshot_and_rollback", "type": "Function", "lineno": 98}]}, {"nodeid": "dependency_resolver_o4-mini_group1_1/Student/tests/test_repo.py", "outcome": "passed", "result": [{"nodeid": "dependency_resolver_o4-mini_group1_1/Student/tests/test_repo.py::test_default_repo_contains_ABC", "type": "Function", "lineno": 16}, {"nodeid": "dependency_resolver_o4-mini_group1_1/Student/tests/test_repo.py::test_add_and_remove_repo", "type": "Function", "lineno": 25}, {"nodeid": "dependency_resolver_o4-mini_group1_1/Student/tests/test_repo.py::test_get_package_info_precedence", "type": "Function", "lineno": 34}]}, {"nodeid": "dependency_resolver_o4-mini_group1_1/Student/tests/test_manager.py", "outcome": "passed", "result": [{"nodeid": "dependency_resolver_o4-mini_group1_1/Student/tests/test_manager.py::test_env_crud", "type": "Function", "lineno": 13}, {"nodeid": "dependency_resolver_o4-mini_group1_1/Student/tests/test_manager.py::test_install_and_existence", "type": "Function", "lineno": 23}, {"nodeid": "dependency_resolver_o4-mini_group1_1/Student/tests/test_manager.py::test_batch_install", "type": "Function", "lineno": 38}, {"nodeid": "dependency_resolver_o4-mini_group1_1/Student/tests/test_manager.py::test_lockfile_export_and_install", "type": "Function", "lineno": 44}, {"nodeid": "dependency_resolver_o4-mini_group1_1/Student/tests/test_manager.py::test_import_env", "type": "Function", "lineno": 57}, {"nodeid": "dependency_resolver_o4-mini_group1_1/Student/tests/test_manager.py::test_update_notifications", "type": "Function", "lineno": 65}]}, {"nodeid": "dependency_resolver_o4-mini_group1_1/Student/tests/test_cli.py", "outcome": "passed", "result": [{"nodeid": "dependency_resolver_o4-mini_group1_1/Student/tests/test_cli.py::test_cli_env_commands", "type": "Function", "lineno": 13}, {"nodeid": "dependency_resolver_o4-mini_group1_1/Student/tests/test_cli.py::test_cli_install_and_check", "type": "Function", "lineno": 21}, {"nodeid": "dependency_resolver_o4-mini_group1_1/Student/tests/test_cli.py::test_cli_explain", "type": "Function", "lineno": 28}, {"nodeid": "dependency_resolver_o4-mini_group1_1/Student/tests/test_cli.py::test_cli_lockfile", "type": "Function", "lineno": 34}, {"nodeid": "dependency_resolver_o4-mini_group1_1/Student/tests/test_cli.py::test_cli_import", "type": "Function", "lineno": 44}, {"nodeid": "dependency_resolver_o4-mini_group1_1/Student/tests/test_cli.py::test_cli_repos", "type": "Function", "lineno": 52}, {"nodeid": "dependency_resolver_o4-mini_group1_1/Student/tests/test_cli.py::test_cli_updates", "type": "Function", "lineno": 64}]}, {"nodeid": "dependency_resolver_o4-mini_group1_1/Student/tests/test_cache.py", "outcome": "passed", "result": [{"nodeid": "dependency_resolver_o4-mini_group1_1/Student/tests/test_cache.py::test_cache_fetch", "type": "Function", "lineno": 4}]}, {"nodeid": "dependency_resolver_o4-mini_group1_1/IT_Administrator/tests/test_pkgmanager.py", "outcome": "passed", "result": [{"nodeid": "dependency_resolver_o4-mini_group1_1/IT_Administrator/tests/test_pkgmanager.py::test_create_and_delete_environment", "type": "Function", "lineno": 17}, {"nodeid": "dependency_resolver_o4-mini_group1_1/IT_Administrator/tests/test_pkgmanager.py::test_switch_environment", "type": "Function", "lineno": 31}, {"nodeid": "dependency_resolver_o4-mini_group1_1/IT_Administrator/tests/test_pkgmanager.py::test_install_and_list_packages", "type": "Function", "lineno": 43}, {"nodeid": "dependency_resolver_o4-mini_group1_1/IT_Administrator/tests/test_pkgmanager.py::test_generate_and_install_from_lockfile", "type": "Function", "lineno": 53}, {"nodeid": "dependency_resolver_o4-mini_group1_1/IT_Administrator/tests/test_pkgmanager.py::test_remove_package", "type": "Function", "lineno": 69}, {"nodeid": "dependency_resolver_o4-mini_group1_1/IT_Administrator/tests/test_pkgmanager.py::test_vulnerability_alerts", "type": "Function", "lineno": 78}, {"nodeid": "dependency_resolver_o4-mini_group1_1/IT_Administrator/tests/test_pkgmanager.py::test_rollback", "type": "Function", "lineno": 90}, {"nodeid": "dependency_resolver_o4-mini_group1_1/IT_Administrator/tests/test_pkgmanager.py::test_version_pinning_and_install", "type": "Function", "lineno": 106}]}], "tests": [{"nodeid": "dependency_resolver_o4-mini_group1_1/Full_Stack_Developer/test_env_manager.py::test_create_and_list_envs", "lineno": 17, "outcome": "passed", "keywords": ["test_create_and_list_envs", "test_env_manager.py", "Full_Stack_Developer", "dependency_resolver_o4-mini_group1_1", "librarybench", ""], "setup": {"duration": 0.006237541005248204, "outcome": "passed"}, "call": {"duration": 0.0032134590001078323, "outcome": "passed"}, "teardown": {"duration": 0.0001485419925302267, "outcome": "passed"}}, {"nodeid": "dependency_resolver_o4-mini_group1_1/Full_Stack_Developer/test_env_manager.py::test_delete_env", "lineno": 25, "outcome": "failed", "keywords": ["test_delete_env", "test_env_manager.py", "Full_Stack_Developer", "dependency_resolver_o4-mini_group1_1", "librarybench", ""], "setup": {"duration": 0.0008202080061892048, "outcome": "passed"}, "call": {"duration": 0.0003954159910790622, "outcome": "failed", "crash": {"path": "/Users/celine/Research/librarybench/dependency_resolver_o4-mini_group1_1/Full_Stack_Developer/env_manager.py", "lineno": 32, "message": "NameError: name 'shutil' is not defined. Did you forget to import 'shutil'?"}, "traceback": [{"path": "Full_Stack_Developer/test_env_manager.py", "lineno": 29, "message": ""}, {"path": "Full_Stack_Developer/env_manager.py", "lineno": 32, "message": "NameError"}], "longrepr": "temp_manager = (PosixPath('/private/var/folders/y3/jvd7wbrj6z7b2s97x7yyp_jc0000gn/T/pytest-of-celine/pytest-12/test_delete_env0'), <Full_Stack_Developer.env_manager.EnvironmentManager object at 0x104d31f90>)\n\n    def test_delete_env(temp_manager):\n        tmp, mgr = temp_manager\n        mgr.create_env(\"dev\")\n>       mgr.delete_env(\"dev\")\n\nFull_Stack_Developer/test_env_manager.py:29: \n_ _ _ _ _ _ _ _ _ _ _ _ _ _ _ _ _ _ _ _ _ _ _ _ _ _ _ _ _ _ _ _ _ _ _ _ _ _ _ _ _ _ _ _ _ _ _ _ _ _ _\n\nself = <Full_Stack_Developer.env_manager.EnvironmentManager object at 0x104d31f90>, name = 'dev'\n\n    def delete_env(self, name):\n        env = os.path.join(self.envs_dir, name)\n        if not os.path.isdir(env):\n            raise ValueError(f\"Environment {name} does not exist\")\n>       shutil.rmtree(env)\nE       NameError: name 'shutil' is not defined. Did you forget to import 'shutil'?\n\nFull_Stack_Developer/env_manager.py:32: NameError"}, "teardown": {"duration": 0.00016212501213885844, "outcome": "passed"}}, {"nodeid": "dependency_resolver_o4-mini_group1_1/Full_Stack_Developer/test_env_manager.py::test_delete_current_env_resets_current", "lineno": 33, "outcome": "failed", "keywords": ["test_delete_current_env_resets_current", "test_env_manager.py", "Full_Stack_Developer", "dependency_resolver_o4-mini_group1_1", "librarybench", ""], "setup": {"duration": 0.001296250004088506, "outcome": "passed"}, "call": {"duration": 0.0010772909881779924, "outcome": "failed", "crash": {"path": "/Users/celine/Research/librarybench/dependency_resolver_o4-mini_group1_1/Full_Stack_Developer/env_manager.py", "lineno": 32, "message": "NameError: name 'shutil' is not defined. Did you forget to import 'shutil'?"}, "traceback": [{"path": "Full_Stack_Developer/test_env_manager.py", "lineno": 39, "message": ""}, {"path": "Full_Stack_Developer/env_manager.py", "lineno": 32, "message": "NameError"}], "longrepr": "temp_manager = (PosixPath('/private/var/folders/y3/jvd7wbrj6z7b2s97x7yyp_jc0000gn/T/pytest-of-celine/pytest-12/test_delete_current_env_resets0'), <Full_Stack_Developer.env_manager.EnvironmentManager object at 0x104d325d0>)\n\n    def test_delete_current_env_resets_current(temp_manager):\n        tmp, mgr = temp_manager\n        mgr.create_env(\"dev\")\n        mgr.switch_env(\"dev\")\n        assert mgr.get_current_env() == \"dev\"\n>       mgr.delete_env(\"dev\")\n\nFull_Stack_Developer/test_env_manager.py:39: \n_ _ _ _ _ _ _ _ _ _ _ _ _ _ _ _ _ _ _ _ _ _ _ _ _ _ _ _ _ _ _ _ _ _ _ _ _ _ _ _ _ _ _ _ _ _ _ _ _ _ _\n\nself = <Full_Stack_Developer.env_manager.EnvironmentManager object at 0x104d325d0>, name = 'dev'\n\n    def delete_env(self, name):\n        env = os.path.join(self.envs_dir, name)\n        if not os.path.isdir(env):\n            raise ValueError(f\"Environment {name} does not exist\")\n>       shutil.rmtree(env)\nE       NameError: name 'shutil' is not defined. Did you forget to import 'shutil'?\n\nFull_Stack_Developer/env_manager.py:32: NameError"}, "teardown": {"duration": 0.0001400829933118075, "outcome": "passed"}}, {"nodeid": "dependency_resolver_o4-mini_group1_1/Full_Stack_Developer/test_env_manager.py::test_switch_and_get_current_env", "lineno": 41, "outcome": "passed", "keywords": ["test_switch_and_get_current_env", "test_env_manager.py", "Full_Stack_Developer", "dependency_resolver_o4-mini_group1_1", "librarybench", ""], "setup": {"duration": 0.0019379159930394962, "outcome": "passed"}, "call": {"duration": 0.0020673330000136048, "outcome": "passed"}, "teardown": {"duration": 0.00011241700849495828, "outcome": "passed"}}, {"nodeid": "dependency_resolver_o4-mini_group1_1/Full_Stack_Developer/test_env_manager.py::test_install_and_remove_package", "lineno": 52, "outcome": "passed", "keywords": ["test_install_and_remove_package", "test_env_manager.py", "Full_Stack_Developer", "dependency_resolver_o4-mini_group1_1", "librarybench", ""], "setup": {"duration": 0.0012342920090304688, "outcome": "passed"}, "call": {"duration": 0.004152833003900014, "outcome": "passed"}, "teardown": {"duration": 0.00011166698823217303, "outcome": "passed"}}, {"nodeid": "dependency_resolver_o4-mini_group1_1/Full_Stack_Developer/test_env_manager.py::test_install_without_env", "lineno": 66, "outcome": "passed", "keywords": ["test_install_without_env", "test_env_manager.py", "Full_Stack_Developer", "dependency_resolver_o4-mini_group1_1", "librarybench", ""], "setup": {"duration": 0.004624790992238559, "outcome": "passed"}, "call": {"duration": 0.00011837499914690852, "outcome": "passed"}, "teardown": {"duration": 9.76250012172386e-05, "outcome": "passed"}}, {"nodeid": "dependency_resolver_o4-mini_group1_1/Full_Stack_Developer/test_env_manager.py::test_lockfile_generation_and_install", "lineno": 71, "outcome": "passed", "keywords": ["test_lockfile_generation_and_install", "test_env_manager.py", "Full_Stack_Developer", "dependency_resolver_o4-mini_group1_1", "librarybench", ""], "setup": {"duration": 0.001457167003536597, "outcome": "passed"}, "call": {"duration": 0.007708666991675273, "outcome": "passed"}, "teardown": {"duration": 0.00010470898996572942, "outcome": "passed"}}, {"nodeid": "dependency_resolver_o4-mini_group1_1/Full_Stack_Developer/test_env_manager.py::test_vulnerability_alerts", "lineno": 87, "outcome": "passed", "keywords": ["test_vulnerability_alerts", "test_env_manager.py", "Full_Stack_Developer", "dependency_resolver_o4-mini_group1_1", "librarybench", ""], "setup": {"duration": 0.0014609589998144656, "outcome": "passed"}, "call": {"duration": 0.00399295799434185, "outcome": "passed"}, "teardown": {"duration": 0.00010804100020322949, "outcome": "passed"}}, {"nodeid": "dependency_resolver_o4-mini_group1_1/Full_Stack_Developer/test_env_manager.py::test_snapshot_and_rollback", "lineno": 98, "outcome": "passed", "keywords": ["test_snapshot_and_rollback", "test_env_manager.py", "Full_Stack_Developer", "dependency_resolver_o4-mini_group1_1", "librarybench", ""], "setup": {"duration": 0.0011236669961363077, "outcome": "passed"}, "call": {"duration": 0.007621124997967854, "outcome": "passed"}, "teardown": {"duration": 0.00011920799443032593, "outcome": "passed"}}, {"nodeid": "dependency_resolver_o4-mini_group1_1/Student/tests/test_repo.py::test_default_repo_contains_ABC", "lineno": 16, "outcome": "failed", "keywords": ["test_default_repo_contains_ABC", "test_repo.py", "tests", "Student", "dependency_resolver_o4-mini_group1_1", "librarybench", ""], "setup": {"duration": 0.000348917004885152, "outcome": "passed"}, "call": {"duration": 0.0001335420092800632, "outcome": "failed", "crash": {"path": "/Users/celine/Research/librarybench/dependency_resolver_o4-mini_group1_1/Student/env_manager/repository.py", "lineno": 24, "message": "FileNotFoundError: [Errno 2] No such file or directory: '/Users/celine/Research/librarybench/dependency_resolver_o4-mini_group1_1/Student/env_manager/default_repo.json'"}, "traceback": [{"path": "Student/tests/test_repo.py", "lineno": 20, "message": ""}, {"path": "Student/env_manager/repository.py", "lineno": 24, "message": "FileNotFoundError"}], "longrepr": "def test_default_repo_contains_ABC():\n        rm = RepositoryManager()\n        # default repo has A, B, C\n>       assert \"A\" in rm.list_repos()[0]  # path ends with default_repo.json\n\nStudent/tests/test_repo.py:20: \n_ _ _ _ _ _ _ _ _ _ _ _ _ _ _ _ _ _ _ _ _ _ _ _ _ _ _ _ _ _ _ _ _ _ _ _ _ _ _ _ _ _ _ _ _ _ _ _ _ _ _\n\nself = <Student.env_manager.repository.RepositoryManager object at 0x104d32850>\n\n    def list_repos(self):\n        \"\"\"\n        Load and return the JSON contents of each repo as a dict.\n        \"\"\"\n        repos = []\n        for path in self.list_repo_paths():\n>           with open(path, \"r\") as f:\nE           FileNotFoundError: [Errno 2] No such file or directory: '/Users/celine/Research/librarybench/dependency_resolver_o4-mini_group1_1/Student/env_manager/default_repo.json'\n\nStudent/env_manager/repository.py:24: FileNotFoundError"}, "teardown": {"duration": 0.00010112499876413494, "outcome": "passed"}}, {"nodeid": "dependency_resolver_o4-mini_group1_1/Student/tests/test_repo.py::test_add_and_remove_repo", "lineno": 25, "outcome": "failed", "keywords": ["test_add_and_remove_repo", "test_repo.py", "tests", "Student", "dependency_resolver_o4-mini_group1_1", "librarybench", ""], "setup": {"duration": 0.0015162500058067963, "outcome": "passed"}, "call": {"duration": 0.0001203339925268665, "outcome": "failed", "crash": {"path": "/Users/celine/Research/librarybench/dependency_resolver_o4-mini_group1_1/Student/env_manager/repository.py", "lineno": 24, "message": "FileNotFoundError: [Errno 2] No such file or directory: '/Users/celine/Research/librarybench/dependency_resolver_o4-mini_group1_1/Student/env_manager/default_repo.json'"}, "traceback": [{"path": "Student/tests/test_repo.py", "lineno": 28, "message": ""}, {"path": "Student/env_manager/repository.py", "lineno": 24, "message": "FileNotFoundError"}], "longrepr": "sample_repo = '/private/var/folders/y3/jvd7wbrj6z7b2s97x7yyp_jc0000gn/T/pytest-of-celine/pytest-12/test_add_and_remove_repo0/repo.json'\n\n    def test_add_and_remove_repo(sample_repo):\n        rm = RepositoryManager()\n>       before = len(rm.list_repos())\n\nStudent/tests/test_repo.py:28: \n_ _ _ _ _ _ _ _ _ _ _ _ _ _ _ _ _ _ _ _ _ _ _ _ _ _ _ _ _ _ _ _ _ _ _ _ _ _ _ _ _ _ _ _ _ _ _ _ _ _ _\n\nself = <Student.env_manager.repository.RepositoryManager object at 0x104d35f30>\n\n    def list_repos(self):\n        \"\"\"\n        Load and return the JSON contents of each repo as a dict.\n        \"\"\"\n        repos = []\n        for path in self.list_repo_paths():\n>           with open(path, \"r\") as f:\nE           FileNotFoundError: [Errno 2] No such file or directory: '/Users/celine/Research/librarybench/dependency_resolver_o4-mini_group1_1/Student/env_manager/default_repo.json'\n\nStudent/env_manager/repository.py:24: FileNotFoundError"}, "teardown": {"duration": 0.00011495899525471032, "outcome": "passed"}}, {"nodeid": "dependency_resolver_o4-mini_group1_1/Student/tests/test_repo.py::test_get_package_info_precedence", "lineno": 34, "outcome": "failed", "keywords": ["test_get_package_info_precedence", "test_repo.py", "tests", "Student", "dependency_resolver_o4-mini_group1_1", "librarybench", ""], "setup": {"duration": 0.0018591249972814694, "outcome": "passed"}, "call": {"duration": 0.00011458300286903977, "outcome": "failed", "crash": {"path": "/Users/celine/Research/librarybench/dependency_resolver_o4-mini_group1_1/Student/tests/test_repo.py", "lineno": 39, "message": "AttributeError: 'RepositoryManager' object has no attribute 'get_latest_version'"}, "traceback": [{"path": "Student/tests/test_repo.py", "lineno": 39, "message": "AttributeError"}], "longrepr": "sample_repo = '/private/var/folders/y3/jvd7wbrj6z7b2s97x7yyp_jc0000gn/T/pytest-of-celine/pytest-12/test_get_package_info_preceden0/repo.json'\n\n    def test_get_package_info_precedence(sample_repo):\n        rm = RepositoryManager()\n        rm.add_repo(sample_repo)\n        # Y is only in sample_repo\n>       assert rm.get_latest_version(\"Y\") == \"1.0\"\nE       AttributeError: 'RepositoryManager' object has no attribute 'get_latest_version'\n\nStudent/tests/test_repo.py:39: AttributeError"}, "teardown": {"duration": 0.00011404100223444402, "outcome": "passed"}}, {"nodeid": "dependency_resolver_o4-mini_group1_1/Student/tests/test_manager.py::test_env_crud", "lineno": 13, "outcome": "failed", "keywords": ["test_env_crud", "test_manager.py", "tests", "Student", "dependency_resolver_o4-mini_group1_1", "librarybench", ""], "setup": {"duration": 0.0014258750015869737, "outcome": "passed"}, "call": {"duration": 0.00011324998922646046, "outcome": "failed", "crash": {"path": "/Users/celine/Research/librarybench/dependency_resolver_o4-mini_group1_1/Student/tests/test_manager.py", "lineno": 16, "message": "AttributeError: 'EnvManager' object has no attribute 'list_envs'"}, "traceback": [{"path": "Student/tests/test_manager.py", "lineno": 16, "message": "AttributeError"}], "longrepr": "mgr = <Student.env_manager.manager.EnvManager object at 0x104d33750>\n\n    def test_env_crud(mgr):\n        mgr.create_env(\"test\")\n>       assert \"test\" in mgr.list_envs()\nE       AttributeError: 'EnvManager' object has no attribute 'list_envs'\n\nStudent/tests/test_manager.py:16: AttributeError"}, "teardown": {"duration": 0.0001278749987250194, "outcome": "passed"}}, {"nodeid": "dependency_resolver_o4-mini_group1_1/Student/tests/test_manager.py::test_install_and_existence", "lineno": 23, "outcome": "failed", "keywords": ["test_install_and_existence", "test_manager.py", "tests", "Student", "dependency_resolver_o4-mini_group1_1", "librarybench", ""], "setup": {"duration": 0.0012752500042552128, "outcome": "passed"}, "call": {"duration": 0.00012954199337400496, "outcome": "failed", "crash": {"path": "/Users/celine/Research/librarybench/dependency_resolver_o4-mini_group1_1/Student/env_manager/repository.py", "lineno": 24, "message": "FileNotFoundError: [Errno 2] No such file or directory: '/Users/celine/Research/librarybench/dependency_resolver_o4-mini_group1_1/Student/env_manager/default_repo.json'"}, "traceback": [{"path": "Student/tests/test_manager.py", "lineno": 26, "message": ""}, {"path": "Student/env_manager/manager.py", "lineno": 21, "message": "in install_packages"}, {"path": "Student/env_manager/manager.py", "lineno": 28, "message": "in _install"}, {"path": "Student/env_manager/repository.py", "lineno": 24, "message": "FileNotFoundError"}], "longrepr": "mgr = <Student.env_manager.manager.EnvManager object at 0x104d33390>\n\n    def test_install_and_existence(mgr):\n        mgr.create_env(\"e1\")\n>       mgr.install_packages(\"e1\", [\"A\"])\n\nStudent/tests/test_manager.py:26: \n_ _ _ _ _ _ _ _ _ _ _ _ _ _ _ _ _ _ _ _ _ _ _ _ _ _ _ _ _ _ _ _ _ _ _ _ _ _ _ _ _ _ _ _ _ _ _ _ _ _ _\nStudent/env_manager/manager.py:21: in install_packages\n    self._install(env_name, pkg)\nStudent/env_manager/manager.py:28: in _install\n    for repo in self.repo_manager.list_repos():\n_ _ _ _ _ _ _ _ _ _ _ _ _ _ _ _ _ _ _ _ _ _ _ _ _ _ _ _ _ _ _ _ _ _ _ _ _ _ _ _ _ _ _ _ _ _ _ _ _ _ _\n\nself = <Student.env_manager.repository.RepositoryManager object at 0x104dadae0>\n\n    def list_repos(self):\n        \"\"\"\n        Load and return the JSON contents of each repo as a dict.\n        \"\"\"\n        repos = []\n        for path in self.list_repo_paths():\n>           with open(path, \"r\") as f:\nE           FileNotFoundError: [Errno 2] No such file or directory: '/Users/celine/Research/librarybench/dependency_resolver_o4-mini_group1_1/Student/env_manager/default_repo.json'\n\nStudent/env_manager/repository.py:24: FileNotFoundError"}, "teardown": {"duration": 0.00012887500633951277, "outcome": "passed"}}, {"nodeid": "dependency_resolver_o4-mini_group1_1/Student/tests/test_manager.py::test_batch_install", "lineno": 38, "outcome": "failed", "keywords": ["test_batch_install", "test_manager.py", "tests", "Student", "dependency_resolver_o4-mini_group1_1", "librarybench", ""], "setup": {"duration": 0.0016282919968944043, "outcome": "passed"}, "call": {"duration": 0.00012279200018383563, "outcome": "failed", "crash": {"path": "/Users/celine/Research/librarybench/dependency_resolver_o4-mini_group1_1/Student/env_manager/repository.py", "lineno": 24, "message": "FileNotFoundError: [Errno 2] No such file or directory: '/Users/celine/Research/librarybench/dependency_resolver_o4-mini_group1_1/Student/env_manager/default_repo.json'"}, "traceback": [{"path": "Student/tests/test_manager.py", "lineno": 41, "message": ""}, {"path": "Student/env_manager/manager.py", "lineno": 21, "message": "in install_packages"}, {"path": "Student/env_manager/manager.py", "lineno": 28, "message": "in _install"}, {"path": "Student/env_manager/repository.py", "lineno": 24, "message": "FileNotFoundError"}], "longrepr": "mgr = <Student.env_manager.manager.EnvManager object at 0x104d32e90>\n\n    def test_batch_install(mgr):\n        mgr.create_env(\"e2\")\n>       mgr.install_packages(\"e2\", [\"C\",\"B\"])\n\nStudent/tests/test_manager.py:41: \n_ _ _ _ _ _ _ _ _ _ _ _ _ _ _ _ _ _ _ _ _ _ _ _ _ _ _ _ _ _ _ _ _ _ _ _ _ _ _ _ _ _ _ _ _ _ _ _ _ _ _\nStudent/env_manager/manager.py:21: in install_packages\n    self._install(env_name, pkg)\nStudent/env_manager/manager.py:28: in _install\n    for repo in self.repo_manager.list_repos():\n_ _ _ _ _ _ _ _ _ _ _ _ _ _ _ _ _ _ _ _ _ _ _ _ _ _ _ _ _ _ _ _ _ _ _ _ _ _ _ _ _ _ _ _ _ _ _ _ _ _ _\n\nself = <Student.env_manager.repository.RepositoryManager object at 0x104dace20>\n\n    def list_repos(self):\n        \"\"\"\n        Load and return the JSON contents of each repo as a dict.\n        \"\"\"\n        repos = []\n        for path in self.list_repo_paths():\n>           with open(path, \"r\") as f:\nE           FileNotFoundError: [Errno 2] No such file or directory: '/Users/celine/Research/librarybench/dependency_resolver_o4-mini_group1_1/Student/env_manager/default_repo.json'\n\nStudent/env_manager/repository.py:24: FileNotFoundError"}, "teardown": {"duration": 0.00013237498933449388, "outcome": "passed"}}, {"nodeid": "dependency_resolver_o4-mini_group1_1/Student/tests/test_manager.py::test_lockfile_export_and_install", "lineno": 44, "outcome": "failed", "keywords": ["test_lockfile_export_and_install", "test_manager.py", "tests", "Student", "dependency_resolver_o4-mini_group1_1", "librarybench", ""], "setup": {"duration": 0.0011524580040713772, "outcome": "passed"}, "call": {"duration": 0.00013091700384393334, "outcome": "failed", "crash": {"path": "/Users/celine/Research/librarybench/dependency_resolver_o4-mini_group1_1/Student/env_manager/repository.py", "lineno": 24, "message": "FileNotFoundError: [Errno 2] No such file or directory: '/Users/celine/Research/librarybench/dependency_resolver_o4-mini_group1_1/Student/env_manager/default_repo.json'"}, "traceback": [{"path": "Student/tests/test_manager.py", "lineno": 47, "message": ""}, {"path": "Student/env_manager/manager.py", "lineno": 21, "message": "in install_packages"}, {"path": "Student/env_manager/manager.py", "lineno": 28, "message": "in _install"}, {"path": "Student/env_manager/repository.py", "lineno": 24, "message": "FileNotFoundError"}], "longrepr": "mgr = <Student.env_manager.manager.EnvManager object at 0x104d339d0>\ntmp_path = PosixPath('/private/var/folders/y3/jvd7wbrj6z7b2s97x7yyp_jc0000gn/T/pytest-of-celine/pytest-12/test_lockfile_export_and_insta0')\n\n    def test_lockfile_export_and_install(mgr, tmp_path):\n        mgr.create_env(\"e3\")\n>       mgr.install_packages(\"e3\", [\"B\"])\n\nStudent/tests/test_manager.py:47: \n_ _ _ _ _ _ _ _ _ _ _ _ _ _ _ _ _ _ _ _ _ _ _ _ _ _ _ _ _ _ _ _ _ _ _ _ _ _ _ _ _ _ _ _ _ _ _ _ _ _ _\nStudent/env_manager/manager.py:21: in install_packages\n    self._install(env_name, pkg)\nStudent/env_manager/manager.py:28: in _install\n    for repo in self.repo_manager.list_repos():\n_ _ _ _ _ _ _ _ _ _ _ _ _ _ _ _ _ _ _ _ _ _ _ _ _ _ _ _ _ _ _ _ _ _ _ _ _ _ _ _ _ _ _ _ _ _ _ _ _ _ _\n\nself = <Student.env_manager.repository.RepositoryManager object at 0x104d3eb50>\n\n    def list_repos(self):\n        \"\"\"\n        Load and return the JSON contents of each repo as a dict.\n        \"\"\"\n        repos = []\n        for path in self.list_repo_paths():\n>           with open(path, \"r\") as f:\nE           FileNotFoundError: [Errno 2] No such file or directory: '/Users/celine/Research/librarybench/dependency_resolver_o4-mini_group1_1/Student/env_manager/default_repo.json'\n\nStudent/env_manager/repository.py:24: FileNotFoundError"}, "teardown": {"duration": 0.00013449999096337706, "outcome": "passed"}}, {"nodeid": "dependency_resolver_o4-mini_group1_1/Student/tests/test_manager.py::test_import_env", "lineno": 57, "outcome": "failed", "keywords": ["test_import_env", "test_manager.py", "tests", "Student", "dependency_resolver_o4-mini_group1_1", "librarybench", ""], "setup": {"duration": 0.0006906670023454353, "outcome": "passed"}, "call": {"duration": 0.0003347089950693771, "outcome": "failed", "crash": {"path": "/Users/celine/Research/librarybench/dependency_resolver_o4-mini_group1_1/Student/tests/test_manager.py", "lineno": 63, "message": "AttributeError: 'EnvManager' object has no attribute 'import_env'"}, "traceback": [{"path": "Student/tests/test_manager.py", "lineno": 63, "message": "AttributeError"}], "longrepr": "mgr = <Student.env_manager.manager.EnvManager object at 0x104d32fd0>\ntmp_path = PosixPath('/private/var/folders/y3/jvd7wbrj6z7b2s97x7yyp_jc0000gn/T/pytest-of-celine/pytest-12/test_import_env0')\n\n    def test_import_env(mgr, tmp_path):\n        mgr.create_env(\"e5\")\n        spec = {\"packages\": [\"C\"]}\n        f = tmp_path / \"spec.json\"\n        f.write_text(json.dumps(spec))\n>       mgr.import_env(\"e5\", str(f))\nE       AttributeError: 'EnvManager' object has no attribute 'import_env'\n\nStudent/tests/test_manager.py:63: AttributeError"}, "teardown": {"duration": 0.0001268330088350922, "outcome": "passed"}}, {"nodeid": "dependency_resolver_o4-mini_group1_1/Student/tests/test_manager.py::test_update_notifications", "lineno": 65, "outcome": "failed", "keywords": ["test_update_notifications", "test_manager.py", "tests", "Student", "dependency_resolver_o4-mini_group1_1", "librarybench", ""], "setup": {"duration": 0.0012461249862099066, "outcome": "passed"}, "call": {"duration": 0.00011658298899419606, "outcome": "failed", "crash": {"path": "/Users/celine/Research/librarybench/dependency_resolver_o4-mini_group1_1/Student/tests/test_manager.py", "lineno": 70, "message": "AttributeError: 'EnvManager' object has no attribute '_install_single'"}, "traceback": [{"path": "Student/tests/test_manager.py", "lineno": 70, "message": "AttributeError"}], "longrepr": "mgr = <Student.env_manager.manager.EnvManager object at 0x104d33390>\n\n    def test_update_notifications(mgr):\n        mgr.create_env(\"e6\")\n        # default B latest is 1.1, install B at 1.0 by lockfile hack:\n        # directly call _install_single\n>       mgr._install_single(\"e6\", \"B\", version=\"1.0\")\nE       AttributeError: 'EnvManager' object has no attribute '_install_single'\n\nStudent/tests/test_manager.py:70: AttributeError"}, "teardown": {"duration": 0.0001601249969098717, "outcome": "passed"}}, {"nodeid": "dependency_resolver_o4-mini_group1_1/Student/tests/test_cli.py::test_cli_env_commands", "lineno": 13, "outcome": "failed", "keywords": ["test_cli_env_commands", "test_cli.py", "tests", "Student", "dependency_resolver_o4-mini_group1_1", "librarybench", ""], "setup": {"duration": 0.000593415999901481, "outcome": "passed"}, "call": {"duration": 0.0008786669932305813, "outcome": "failed", "crash": {"path": "/Users/celine/Research/librarybench/dependency_resolver_o4-mini_group1_1/Student/tests/test_cli.py", "lineno": 16, "message": "assert \"Created environment 'foo'.\" in 'Created env foo\\n'\n +  where 'Created env foo\\n' = <Result okay>.stdout"}, "traceback": [{"path": "Student/tests/test_cli.py", "lineno": 16, "message": "AssertionError"}], "longrepr": "runner = <click.testing.CliRunner object at 0x104d2f4d0>\n\n    def test_cli_env_commands(runner):\n        r = runner.invoke(cli, ['env','create','foo'])\n>       assert \"Created environment 'foo'.\" in r.stdout\nE       assert \"Created environment 'foo'.\" in 'Created env foo\\n'\nE        +  where 'Created env foo\\n' = <Result okay>.stdout\n\nStudent/tests/test_cli.py:16: AssertionError"}, "teardown": {"duration": 0.0001286670012632385, "outcome": "passed"}}, {"nodeid": "dependency_resolver_o4-mini_group1_1/Student/tests/test_cli.py::test_cli_install_and_check", "lineno": 21, "outcome": "failed", "keywords": ["test_cli_install_and_check", "test_cli.py", "tests", "Student", "dependency_resolver_o4-mini_group1_1", "librarybench", ""], "setup": {"duration": 0.000999332987703383, "outcome": "passed"}, "call": {"duration": 0.0006135409930720925, "outcome": "failed", "crash": {"path": "/Users/celine/Research/librarybench/dependency_resolver_o4-mini_group1_1/Student/tests/test_cli.py", "lineno": 25, "message": "assert \"Installed C into 'bar'.\" in ''\n +  where '' = <Result FileNotFoundError(2, 'No such file or directory')>.stdout"}, "traceback": [{"path": "Student/tests/test_cli.py", "lineno": 25, "message": "AssertionError"}], "longrepr": "runner = <click.testing.CliRunner object at 0x104d33d90>\n\n    def test_cli_install_and_check(runner):\n        runner.invoke(cli, ['env','create','bar'])\n        r = runner.invoke(cli, ['install','--env','bar','C'])\n>       assert \"Installed C into 'bar'.\" in r.stdout\nE       assert \"Installed C into 'bar'.\" in ''\nE        +  where '' = <Result FileNotFoundError(2, 'No such file or directory')>.stdout\n\nStudent/tests/test_cli.py:25: AssertionError"}, "teardown": {"duration": 0.00012670800788328052, "outcome": "passed"}}, {"nodeid": "dependency_resolver_o4-mini_group1_1/Student/tests/test_cli.py::test_cli_explain", "lineno": 28, "outcome": "failed", "keywords": ["test_cli_explain", "test_cli.py", "tests", "Student", "dependency_resolver_o4-mini_group1_1", "librarybench", ""], "setup": {"duration": 0.001062041992554441, "outcome": "passed"}, "call": {"duration": 0.0007006669911788777, "outcome": "failed", "crash": {"path": "/Users/celine/Research/librarybench/dependency_resolver_o4-mini_group1_1/Student/tests/test_cli.py", "lineno": 33, "message": "AssertionError: assert 'A==' in 'Package A not installed in env baz\\n'\n +  where 'Package A not installed in env baz\\n' = <Result okay>.stdout"}, "traceback": [{"path": "Student/tests/test_cli.py", "lineno": 33, "message": "AssertionError"}], "longrepr": "runner = <click.testing.CliRunner object at 0x104e18550>\n\n    def test_cli_explain(runner):\n        runner.invoke(cli, ['env','create','baz'])\n        runner.invoke(cli, ['install','--env','baz','A'])\n        r = runner.invoke(cli, ['explain','--env','baz','A'])\n>       assert 'A==' in r.stdout\nE       AssertionError: assert 'A==' in 'Package A not installed in env baz\\n'\nE        +  where 'Package A not installed in env baz\\n' = <Result okay>.stdout\n\nStudent/tests/test_cli.py:33: AssertionError"}, "teardown": {"duration": 0.0001270829961868003, "outcome": "passed"}}, {"nodeid": "dependency_resolver_o4-mini_group1_1/Student/tests/test_cli.py::test_cli_lockfile", "lineno": 34, "outcome": "failed", "keywords": ["test_cli_lockfile", "test_cli.py", "tests", "Student", "dependency_resolver_o4-mini_group1_1", "librarybench", ""], "setup": {"duration": 0.000993958004983142, "outcome": "passed"}, "call": {"duration": 0.001432834003935568, "outcome": "failed", "crash": {"path": "/Users/celine/Research/librarybench/dependency_resolver_o4-mini_group1_1/Student/tests/test_cli.py", "lineno": 40, "message": "AssertionError: assert False\n +  where False = exists()\n +    where exists = PosixPath('/private/var/folders/y3/jvd7wbrj6z7b2s97x7yyp_jc0000gn/T/pytest-of-celine/pytest-12/test_cli_lockfile0/lf.json').exists"}, "traceback": [{"path": "Student/tests/test_cli.py", "lineno": 40, "message": "AssertionError"}], "longrepr": "runner = <click.testing.CliRunner object at 0x104d375c0>\ntmp_path = PosixPath('/private/var/folders/y3/jvd7wbrj6z7b2s97x7yyp_jc0000gn/T/pytest-of-celine/pytest-12/test_cli_lockfile0')\n\n    def test_cli_lockfile(runner, tmp_path):\n        runner.invoke(cli, ['env','create','lf1'])\n        runner.invoke(cli, ['install','--env','lf1','B'])\n        lock = tmp_path / \"lf.json\"\n        r = runner.invoke(cli, ['lockfile','export','--env','lf1','--output',str(lock)])\n>       assert lock.exists()\nE       AssertionError: assert False\nE        +  where False = exists()\nE        +    where exists = PosixPath('/private/var/folders/y3/jvd7wbrj6z7b2s97x7yyp_jc0000gn/T/pytest-of-celine/pytest-12/test_cli_lockfile0/lf.json').exists\n\nStudent/tests/test_cli.py:40: AssertionError"}, "teardown": {"duration": 0.00012733299809042364, "outcome": "passed"}}, {"nodeid": "dependency_resolver_o4-mini_group1_1/Student/tests/test_cli.py::test_cli_import", "lineno": 44, "outcome": "failed", "keywords": ["test_cli_import", "test_cli.py", "tests", "Student", "dependency_resolver_o4-mini_group1_1", "librarybench", ""], "setup": {"duration": 0.0014019170048413798, "outcome": "passed"}, "call": {"duration": 0.000788709003245458, "outcome": "failed", "crash": {"path": "/Users/celine/Research/librarybench/dependency_resolver_o4-mini_group1_1/Student/tests/test_cli.py", "lineno": 51, "message": "assert 'Imported environment spec' in \"Usage: cli [OPTIONS] COMMAND [ARGS]...\\nTry 'cli --help' for help.\\n\\nError: No such command 'import-env'.\\n\"\n +  where \"Usage: cli [OPTIONS] COMMAND [ARGS]...\\nTry 'cli --help' for help.\\n\\nError: No such command 'import-env'.\\n\" = <Result SystemExit(2)>.stdout"}, "traceback": [{"path": "Student/tests/test_cli.py", "lineno": 51, "message": "AssertionError"}], "longrepr": "runner = <click.testing.CliRunner object at 0x104d35f30>\ntmp_path = PosixPath('/private/var/folders/y3/jvd7wbrj6z7b2s97x7yyp_jc0000gn/T/pytest-of-celine/pytest-12/test_cli_import0')\n\n    def test_cli_import(runner, tmp_path):\n        runner.invoke(cli, ['env','create','imp1'])\n        spec = {\"packages\":[\"C\"]}\n        f = tmp_path / \"s.json\"\n        f.write_text(json.dumps(spec))\n        r = runner.invoke(cli, ['import-env','--env','imp1','--file',str(f)])\n>       assert \"Imported environment spec\" in r.stdout\nE       assert 'Imported environment spec' in \"Usage: cli [OPTIONS] COMMAND [ARGS]...\\nTry 'cli --help' for help.\\n\\nError: No such command 'import-env'.\\n\"\nE        +  where \"Usage: cli [OPTIONS] COMMAND [ARGS]...\\nTry 'cli --help' for help.\\n\\nError: No such command 'import-env'.\\n\" = <Result SystemExit(2)>.stdout\n\nStudent/tests/test_cli.py:51: AssertionError"}, "teardown": {"duration": 0.00012141600018367171, "outcome": "passed"}}, {"nodeid": "dependency_resolver_o4-mini_group1_1/Student/tests/test_cli.py::test_cli_repos", "lineno": 52, "outcome": "failed", "keywords": ["test_cli_repos", "test_cli.py", "tests", "Student", "dependency_resolver_o4-mini_group1_1", "librarybench", ""], "setup": {"duration": 0.0010712500079534948, "outcome": "passed"}, "call": {"duration": 0.0011362920049577951, "outcome": "failed", "crash": {"path": "/Users/celine/Research/librarybench/dependency_resolver_o4-mini_group1_1/Student/tests/test_cli.py", "lineno": 63, "message": "assert 'Removed repo' in \"Usage: cli repos [OPTIONS] COMMAND [ARGS]...\\nTry 'cli repos --help' for help.\\n\\nError: No such command 'remove'.\\n\"\n +  where \"Usage: cli repos [OPTIONS] COMMAND [ARGS]...\\nTry 'cli repos --help' for help.\\n\\nError: No such command 'remove'.\\n\" = <Result SystemExit(2)>.stdout"}, "traceback": [{"path": "Student/tests/test_cli.py", "lineno": 63, "message": "AssertionError"}], "longrepr": "runner = <click.testing.CliRunner object at 0x104d56210>\ntmp_path = PosixPath('/private/var/folders/y3/jvd7wbrj6z7b2s97x7yyp_jc0000gn/T/pytest-of-celine/pytest-12/test_cli_repos0')\n\n    def test_cli_repos(runner, tmp_path):\n        # create a fake repo\n        data = {\"Z\":{\"0.1\": []}}\n        repof = tmp_path/\"r.json\"\n        repof.write_text(json.dumps(data))\n        r1 = runner.invoke(cli, ['repos','add',str(repof)])\n        assert \"Added repo\" in r1.stdout\n        r2 = runner.invoke(cli, ['repos','list'])\n        assert str(repof) in r2.stdout\n        r3 = runner.invoke(cli, ['repos','remove',str(repof)])\n>       assert \"Removed repo\" in r3.stdout\nE       assert 'Removed repo' in \"Usage: cli repos [OPTIONS] COMMAND [ARGS]...\\nTry 'cli repos --help' for help.\\n\\nError: No such command 'remove'.\\n\"\nE        +  where \"Usage: cli repos [OPTIONS] COMMAND [ARGS]...\\nTry 'cli repos --help' for help.\\n\\nError: No such command 'remove'.\\n\" = <Result SystemExit(2)>.stdout\n\nStudent/tests/test_cli.py:63: AssertionError"}, "teardown": {"duration": 0.00012587499804794788, "outcome": "passed"}}, {"nodeid": "dependency_resolver_o4-mini_group1_1/Student/tests/test_cli.py::test_cli_updates", "lineno": 64, "outcome": "failed", "keywords": ["test_cli_updates", "test_cli.py", "tests", "Student", "dependency_resolver_o4-mini_group1_1", "librarybench", ""], "setup": {"duration": 0.0010962909873342142, "outcome": "passed"}, "call": {"duration": 0.0007165419956436381, "outcome": "failed", "crash": {"path": "/Users/celine/Research/librarybench/dependency_resolver_o4-mini_group1_1/Student/tests/test_cli.py", "lineno": 71, "message": "assert 'All packages up-to-date.' in \"Usage: cli [OPTIONS] COMMAND [ARGS]...\\nTry 'cli --help' for help.\\n\\nError: No such command 'updates'.\\n\"\n +  where \"Usage: cli [OPTIONS] COMMAND [ARGS]...\\nTry 'cli --help' for help.\\n\\nError: No such command 'updates'.\\n\" = <Result SystemExit(2)>.stdout"}, "traceback": [{"path": "Student/tests/test_cli.py", "lineno": 71, "message": "AssertionError"}], "longrepr": "runner = <click.testing.CliRunner object at 0x104dad8c0>\n\n    def test_cli_updates(runner):\n        runner.invoke(cli, ['env','create','u1'])\n        # install B@1.0 manually\n        runner.invoke(cli, ['install','--env','u1','B'])\n        # simulate that default chosen is latest 1.1, so no updates\n        r = runner.invoke(cli, ['updates','--env','u1'])\n>       assert \"All packages up-to-date.\" in r.stdout\nE       assert 'All packages up-to-date.' in \"Usage: cli [OPTIONS] COMMAND [ARGS]...\\nTry 'cli --help' for help.\\n\\nError: No such command 'updates'.\\n\"\nE        +  where \"Usage: cli [OPTIONS] COMMAND [ARGS]...\\nTry 'cli --help' for help.\\n\\nError: No such command 'updates'.\\n\" = <Result SystemExit(2)>.stdout\n\nStudent/tests/test_cli.py:71: AssertionError"}, "teardown": {"duration": 0.00012612499995157123, "outcome": "passed"}}, {"nodeid": "dependency_resolver_o4-mini_group1_1/Student/tests/test_cache.py::test_cache_fetch", "lineno": 4, "outcome": "failed", "keywords": ["test_cache_fetch", "test_cache.py", "tests", "Student", "dependency_resolver_o4-mini_group1_1", "librarybench", ""], "setup": {"duration": 0.0010892499994952232, "outcome": "passed"}, "call": {"duration": 0.00012525000784080476, "outcome": "failed", "crash": {"path": "/Users/celine/Research/librarybench/dependency_resolver_o4-mini_group1_1/Student/tests/test_cache.py", "lineno": 7, "message": "TypeError: CacheManager.__init__() got an unexpected keyword argument 'cache_dir'"}, "traceback": [{"path": "Student/tests/test_cache.py", "lineno": 7, "message": "TypeError"}], "longrepr": "tmp_path = PosixPath('/private/var/folders/y3/jvd7wbrj6z7b2s97x7yyp_jc0000gn/T/pytest-of-celine/pytest-12/test_cache_fetch0')\n\n    def test_cache_fetch(tmp_path):\n        cd = tmp_path / \"cache\"\n>       cm = CacheManager(cache_dir=str(cd))\nE       TypeError: CacheManager.__init__() got an unexpected keyword argument 'cache_dir'\n\nStudent/tests/test_cache.py:7: TypeError"}, "teardown": {"duration": 0.00010812499385792762, "outcome": "passed"}}, {"nodeid": "dependency_resolver_o4-mini_group1_1/IT_Administrator/tests/test_pkgmanager.py::test_create_and_delete_environment", "lineno": 17, "outcome": "error", "keywords": ["test_create_and_delete_environment", "test_pkgmanager.py", "tests", "IT_Administrator", "dependency_resolver_o4-mini_group1_1", "librarybench", ""], "setup": {"duration": 0.0009013749950099736, "outcome": "failed", "crash": {"path": "/Users/celine/Research/librarybench/dependency_resolver_o4-mini_group1_1/IT_Administrator/tests/test_pkgmanager.py", "lineno": 16, "message": "NameError: name 'pkgmanager' is not defined"}, "traceback": [{"path": "IT_Administrator/tests/test_pkgmanager.py", "lineno": 16, "message": "NameError"}], "longrepr": "temp_root = '/private/var/folders/y3/jvd7wbrj6z7b2s97x7yyp_jc0000gn/T/pytest-of-celine/pytest-12/test_create_and_delete_environ0'\n\n    @pytest.fixture\n    def manager(temp_root):\n>       return pkgmanager.PackageManager(temp_root)\nE       NameError: name 'pkgmanager' is not defined\n\nIT_Administrator/tests/test_pkgmanager.py:16: NameError"}, "teardown": {"duration": 0.00014725000073667616, "outcome": "passed"}}, {"nodeid": "dependency_resolver_o4-mini_group1_1/IT_Administrator/tests/test_pkgmanager.py::test_switch_environment", "lineno": 31, "outcome": "error", "keywords": ["test_switch_environment", "test_pkgmanager.py", "tests", "IT_Administrator", "dependency_resolver_o4-mini_group1_1", "librarybench", ""], "setup": {"duration": 0.0012278329959372059, "outcome": "failed", "crash": {"path": "/Users/celine/Research/librarybench/dependency_resolver_o4-mini_group1_1/IT_Administrator/tests/test_pkgmanager.py", "lineno": 16, "message": "NameError: name 'pkgmanager' is not defined"}, "traceback": [{"path": "IT_Administrator/tests/test_pkgmanager.py", "lineno": 16, "message": "NameError"}], "longrepr": "temp_root = '/private/var/folders/y3/jvd7wbrj6z7b2s97x7yyp_jc0000gn/T/pytest-of-celine/pytest-12/test_switch_environment0'\n\n    @pytest.fixture\n    def manager(temp_root):\n>       return pkgmanager.PackageManager(temp_root)\nE       NameError: name 'pkgmanager' is not defined\n\nIT_Administrator/tests/test_pkgmanager.py:16: NameError"}, "teardown": {"duration": 0.000127958002849482, "outcome": "passed"}}, {"nodeid": "dependency_resolver_o4-mini_group1_1/IT_Administrator/tests/test_pkgmanager.py::test_install_and_list_packages", "lineno": 43, "outcome": "error", "keywords": ["test_install_and_list_packages", "test_pkgmanager.py", "tests", "IT_Administrator", "dependency_resolver_o4-mini_group1_1", "librarybench", ""], "setup": {"duration": 0.0010918749903794378, "outcome": "failed", "crash": {"path": "/Users/celine/Research/librarybench/dependency_resolver_o4-mini_group1_1/IT_Administrator/tests/test_pkgmanager.py", "lineno": 16, "message": "NameError: name 'pkgmanager' is not defined"}, "traceback": [{"path": "IT_Administrator/tests/test_pkgmanager.py", "lineno": 16, "message": "NameError"}], "longrepr": "temp_root = '/private/var/folders/y3/jvd7wbrj6z7b2s97x7yyp_jc0000gn/T/pytest-of-celine/pytest-12/test_install_and_list_packages0'\n\n    @pytest.fixture\n    def manager(temp_root):\n>       return pkgmanager.PackageManager(temp_root)\nE       NameError: name 'pkgmanager' is not defined\n\nIT_Administrator/tests/test_pkgmanager.py:16: NameError"}, "teardown": {"duration": 0.00013020899496041238, "outcome": "passed"}}, {"nodeid": "dependency_resolver_o4-mini_group1_1/IT_Administrator/tests/test_pkgmanager.py::test_generate_and_install_from_lockfile", "lineno": 53, "outcome": "error", "keywords": ["test_generate_and_install_from_lockfile", "test_pkgmanager.py", "tests", "IT_Administrator", "dependency_resolver_o4-mini_group1_1", "librarybench", ""], "setup": {"duration": 0.0011659580050036311, "outcome": "failed", "crash": {"path": "/Users/celine/Research/librarybench/dependency_resolver_o4-mini_group1_1/IT_Administrator/tests/test_pkgmanager.py", "lineno": 16, "message": "NameError: name 'pkgmanager' is not defined"}, "traceback": [{"path": "IT_Administrator/tests/test_pkgmanager.py", "lineno": 16, "message": "NameError"}], "longrepr": "temp_root = '/private/var/folders/y3/jvd7wbrj6z7b2s97x7yyp_jc0000gn/T/pytest-of-celine/pytest-12/test_generate_and_install_from0'\n\n    @pytest.fixture\n    def manager(temp_root):\n>       return pkgmanager.PackageManager(temp_root)\nE       NameError: name 'pkgmanager' is not defined\n\nIT_Administrator/tests/test_pkgmanager.py:16: NameError"}, "teardown": {"duration": 0.00013324999599717557, "outcome": "passed"}}, {"nodeid": "dependency_resolver_o4-mini_group1_1/IT_Administrator/tests/test_pkgmanager.py::test_remove_package", "lineno": 69, "outcome": "error", "keywords": ["test_remove_package", "test_pkgmanager.py", "tests", "IT_Administrator", "dependency_resolver_o4-mini_group1_1", "librarybench", ""], "setup": {"duration": 0.0011816250043921173, "outcome": "failed", "crash": {"path": "/Users/celine/Research/librarybench/dependency_resolver_o4-mini_group1_1/IT_Administrator/tests/test_pkgmanager.py", "lineno": 16, "message": "NameError: name 'pkgmanager' is not defined"}, "traceback": [{"path": "IT_Administrator/tests/test_pkgmanager.py", "lineno": 16, "message": "NameError"}], "longrepr": "temp_root = '/private/var/folders/y3/jvd7wbrj6z7b2s97x7yyp_jc0000gn/T/pytest-of-celine/pytest-12/test_remove_package0'\n\n    @pytest.fixture\n    def manager(temp_root):\n>       return pkgmanager.PackageManager(temp_root)\nE       NameError: name 'pkgmanager' is not defined\n\nIT_Administrator/tests/test_pkgmanager.py:16: NameError"}, "teardown": {"duration": 0.0001260839926544577, "outcome": "passed"}}, {"nodeid": "dependency_resolver_o4-mini_group1_1/IT_Administrator/tests/test_pkgmanager.py::test_vulnerability_alerts", "lineno": 78, "outcome": "error", "keywords": ["test_vulnerability_alerts", "test_pkgmanager.py", "tests", "IT_Administrator", "dependency_resolver_o4-mini_group1_1", "librarybench", ""], "setup": {"duration": 0.001285416990867816, "outcome": "failed", "crash": {"path": "/Users/celine/Research/librarybench/dependency_resolver_o4-mini_group1_1/IT_Administrator/tests/test_pkgmanager.py", "lineno": 16, "message": "NameError: name 'pkgmanager' is not defined"}, "traceback": [{"path": "IT_Administrator/tests/test_pkgmanager.py", "lineno": 16, "message": "NameError"}], "longrepr": "temp_root = '/private/var/folders/y3/jvd7wbrj6z7b2s97x7yyp_jc0000gn/T/pytest-of-celine/pytest-12/test_vulnerability_alerts1'\n\n    @pytest.fixture\n    def manager(temp_root):\n>       return pkgmanager.PackageManager(temp_root)\nE       NameError: name 'pkgmanager' is not defined\n\nIT_Administrator/tests/test_pkgmanager.py:16: NameError"}, "teardown": {"duration": 0.00013620799290947616, "outcome": "passed"}}, {"nodeid": "dependency_resolver_o4-mini_group1_1/IT_Administrator/tests/test_pkgmanager.py::test_rollback", "lineno": 90, "outcome": "error", "keywords": ["test_rollback", "test_pkgmanager.py", "tests", "IT_Administrator", "dependency_resolver_o4-mini_group1_1", "librarybench", ""], "setup": {"duration": 0.0014047090080566704, "outcome": "failed", "crash": {"path": "/Users/celine/Research/librarybench/dependency_resolver_o4-mini_group1_1/IT_Administrator/tests/test_pkgmanager.py", "lineno": 16, "message": "NameError: name 'pkgmanager' is not defined"}, "traceback": [{"path": "IT_Administrator/tests/test_pkgmanager.py", "lineno": 16, "message": "NameError"}], "longrepr": "temp_root = '/private/var/folders/y3/jvd7wbrj6z7b2s97x7yyp_jc0000gn/T/pytest-of-celine/pytest-12/test_rollback0'\n\n    @pytest.fixture\n    def manager(temp_root):\n>       return pkgmanager.PackageManager(temp_root)\nE       NameError: name 'pkgmanager' is not defined\n\nIT_Administrator/tests/test_pkgmanager.py:16: NameError"}, "teardown": {"duration": 0.00013633300841320306, "outcome": "passed"}}, {"nodeid": "dependency_resolver_o4-mini_group1_1/IT_Administrator/tests/test_pkgmanager.py::test_version_pinning_and_install", "lineno": 106, "outcome": "error", "keywords": ["test_version_pinning_and_install", "test_pkgmanager.py", "tests", "IT_Administrator", "dependency_resolver_o4-mini_group1_1", "librarybench", ""], "setup": {"duration": 0.001407832998665981, "outcome": "failed", "crash": {"path": "/Users/celine/Research/librarybench/dependency_resolver_o4-mini_group1_1/IT_Administrator/tests/test_pkgmanager.py", "lineno": 16, "message": "NameError: name 'pkgmanager' is not defined"}, "traceback": [{"path": "IT_Administrator/tests/test_pkgmanager.py", "lineno": 16, "message": "NameError"}], "longrepr": "temp_root = '/private/var/folders/y3/jvd7wbrj6z7b2s97x7yyp_jc0000gn/T/pytest-of-celine/pytest-12/test_version_pinning_and_insta0'\n\n    @pytest.fixture\n    def manager(temp_root):\n>       return pkgmanager.PackageManager(temp_root)\nE       NameError: name 'pkgmanager' is not defined\n\nIT_Administrator/tests/test_pkgmanager.py:16: NameError"}, "teardown": {"duration": 0.0002818749926518649, "outcome": "passed"}}]}