{"created": 1746540475.599406, "duration": 0.5500919818878174, "exitcode": 1, "root": "/Users/celine/Research/librarybench", "environment": {}, "summary": {"passed": 9, "failed": 17, "error": 8, "total": 34, "collected": 34}, "collectors": [{"nodeid": "", "outcome": "passed", "result": [{"nodeid": "dependency_resolver_o4-mini_group1_0/Full_Stack_Developer/test_env_manager.py", "type": "Module"}, {"nodeid": "dependency_resolver_o4-mini_group1_0/Student/tests/test_repo.py", "type": "Module"}, {"nodeid": "dependency_resolver_o4-mini_group1_0/Student/tests/test_manager.py", "type": "Module"}, {"nodeid": "dependency_resolver_o4-mini_group1_0/Student/tests/test_cli.py", "type": "Module"}, {"nodeid": "dependency_resolver_o4-mini_group1_0/Student/tests/test_cache.py", "type": "Module"}, {"nodeid": "dependency_resolver_o4-mini_group1_0/IT_Administrator/tests/test_pkgmanager.py", "type": "Module"}]}, {"nodeid": "dependency_resolver_o4-mini_group1_0/Full_Stack_Developer/test_env_manager.py", "outcome": "passed", "result": [{"nodeid": "dependency_resolver_o4-mini_group1_0/Full_Stack_Developer/test_env_manager.py::test_create_and_list_envs", "type": "Function", "lineno": 17}, {"nodeid": "dependency_resolver_o4-mini_group1_0/Full_Stack_Developer/test_env_manager.py::test_delete_env", "type": "Function", "lineno": 25}, {"nodeid": "dependency_resolver_o4-mini_group1_0/Full_Stack_Developer/test_env_manager.py::test_delete_current_env_resets_current", "type": "Function", "lineno": 33}, {"nodeid": "dependency_resolver_o4-mini_group1_0/Full_Stack_Developer/test_env_manager.py::test_switch_and_get_current_env", "type": "Function", "lineno": 41}, {"nodeid": "dependency_resolver_o4-mini_group1_0/Full_Stack_Developer/test_env_manager.py::test_install_and_remove_package", "type": "Function", "lineno": 52}, {"nodeid": "dependency_resolver_o4-mini_group1_0/Full_Stack_Developer/test_env_manager.py::test_install_without_env", "type": "Function", "lineno": 66}, {"nodeid": "dependency_resolver_o4-mini_group1_0/Full_Stack_Developer/test_env_manager.py::test_lockfile_generation_and_install", "type": "Function", "lineno": 71}, {"nodeid": "dependency_resolver_o4-mini_group1_0/Full_Stack_Developer/test_env_manager.py::test_vulnerability_alerts", "type": "Function", "lineno": 87}, {"nodeid": "dependency_resolver_o4-mini_group1_0/Full_Stack_Developer/test_env_manager.py::test_snapshot_and_rollback", "type": "Function", "lineno": 98}]}, {"nodeid": "dependency_resolver_o4-mini_group1_0/Student/tests/test_repo.py", "outcome": "passed", "result": [{"nodeid": "dependency_resolver_o4-mini_group1_0/Student/tests/test_repo.py::test_default_repo_contains_ABC", "type": "Function", "lineno": 16}, {"nodeid": "dependency_resolver_o4-mini_group1_0/Student/tests/test_repo.py::test_add_and_remove_repo", "type": "Function", "lineno": 25}, {"nodeid": "dependency_resolver_o4-mini_group1_0/Student/tests/test_repo.py::test_get_package_info_precedence", "type": "Function", "lineno": 34}]}, {"nodeid": "dependency_resolver_o4-mini_group1_0/Student/tests/test_manager.py", "outcome": "passed", "result": [{"nodeid": "dependency_resolver_o4-mini_group1_0/Student/tests/test_manager.py::test_env_crud", "type": "Function", "lineno": 13}, {"nodeid": "dependency_resolver_o4-mini_group1_0/Student/tests/test_manager.py::test_install_and_existence", "type": "Function", "lineno": 23}, {"nodeid": "dependency_resolver_o4-mini_group1_0/Student/tests/test_manager.py::test_batch_install", "type": "Function", "lineno": 38}, {"nodeid": "dependency_resolver_o4-mini_group1_0/Student/tests/test_manager.py::test_lockfile_export_and_install", "type": "Function", "lineno": 44}, {"nodeid": "dependency_resolver_o4-mini_group1_0/Student/tests/test_manager.py::test_import_env", "type": "Function", "lineno": 57}, {"nodeid": "dependency_resolver_o4-mini_group1_0/Student/tests/test_manager.py::test_update_notifications", "type": "Function", "lineno": 65}]}, {"nodeid": "dependency_resolver_o4-mini_group1_0/Student/tests/test_cli.py", "outcome": "passed", "result": [{"nodeid": "dependency_resolver_o4-mini_group1_0/Student/tests/test_cli.py::test_cli_env_commands", "type": "Function", "lineno": 13}, {"nodeid": "dependency_resolver_o4-mini_group1_0/Student/tests/test_cli.py::test_cli_install_and_check", "type": "Function", "lineno": 21}, {"nodeid": "dependency_resolver_o4-mini_group1_0/Student/tests/test_cli.py::test_cli_explain", "type": "Function", "lineno": 28}, {"nodeid": "dependency_resolver_o4-mini_group1_0/Student/tests/test_cli.py::test_cli_lockfile", "type": "Function", "lineno": 34}, {"nodeid": "dependency_resolver_o4-mini_group1_0/Student/tests/test_cli.py::test_cli_import", "type": "Function", "lineno": 44}, {"nodeid": "dependency_resolver_o4-mini_group1_0/Student/tests/test_cli.py::test_cli_repos", "type": "Function", "lineno": 52}, {"nodeid": "dependency_resolver_o4-mini_group1_0/Student/tests/test_cli.py::test_cli_updates", "type": "Function", "lineno": 64}]}, {"nodeid": "dependency_resolver_o4-mini_group1_0/Student/tests/test_cache.py", "outcome": "passed", "result": [{"nodeid": "dependency_resolver_o4-mini_group1_0/Student/tests/test_cache.py::test_cache_fetch", "type": "Function", "lineno": 4}]}, {"nodeid": "dependency_resolver_o4-mini_group1_0/IT_Administrator/tests/test_pkgmanager.py", "outcome": "passed", "result": [{"nodeid": "dependency_resolver_o4-mini_group1_0/IT_Administrator/tests/test_pkgmanager.py::test_create_and_delete_environment", "type": "Function", "lineno": 17}, {"nodeid": "dependency_resolver_o4-mini_group1_0/IT_Administrator/tests/test_pkgmanager.py::test_switch_environment", "type": "Function", "lineno": 31}, {"nodeid": "dependency_resolver_o4-mini_group1_0/IT_Administrator/tests/test_pkgmanager.py::test_install_and_list_packages", "type": "Function", "lineno": 43}, {"nodeid": "dependency_resolver_o4-mini_group1_0/IT_Administrator/tests/test_pkgmanager.py::test_generate_and_install_from_lockfile", "type": "Function", "lineno": 53}, {"nodeid": "dependency_resolver_o4-mini_group1_0/IT_Administrator/tests/test_pkgmanager.py::test_remove_package", "type": "Function", "lineno": 69}, {"nodeid": "dependency_resolver_o4-mini_group1_0/IT_Administrator/tests/test_pkgmanager.py::test_vulnerability_alerts", "type": "Function", "lineno": 78}, {"nodeid": "dependency_resolver_o4-mini_group1_0/IT_Administrator/tests/test_pkgmanager.py::test_rollback", "type": "Function", "lineno": 90}, {"nodeid": "dependency_resolver_o4-mini_group1_0/IT_Administrator/tests/test_pkgmanager.py::test_version_pinning_and_install", "type": "Function", "lineno": 106}]}], "tests": [{"nodeid": "dependency_resolver_o4-mini_group1_0/Full_Stack_Developer/test_env_manager.py::test_create_and_list_envs", "lineno": 17, "outcome": "passed", "keywords": ["test_create_and_list_envs", "test_env_manager.py", "Full_Stack_Developer", "dependency_resolver_o4-mini_group1_0", "librarybench", ""], "setup": {"duration": 0.008202542012440972, "outcome": "passed"}, "call": {"duration": 0.0019376249983906746, "outcome": "passed"}, "teardown": {"duration": 0.00025437500153202564, "outcome": "passed"}}, {"nodeid": "dependency_resolver_o4-mini_group1_0/Full_Stack_Developer/test_env_manager.py::test_delete_env", "lineno": 25, "outcome": "passed", "keywords": ["test_delete_env", "test_env_manager.py", "Full_Stack_Developer", "dependency_resolver_o4-mini_group1_0", "librarybench", ""], "setup": {"duration": 0.002376916992943734, "outcome": "passed"}, "call": {"duration": 0.003059583992580883, "outcome": "passed"}, "teardown": {"duration": 0.00021570800163317472, "outcome": "passed"}}, {"nodeid": "dependency_resolver_o4-mini_group1_0/Full_Stack_Developer/test_env_manager.py::test_delete_current_env_resets_current", "lineno": 33, "outcome": "passed", "keywords": ["test_delete_current_env_resets_current", "test_env_manager.py", "Full_Stack_Developer", "dependency_resolver_o4-mini_group1_0", "librarybench", ""], "setup": {"duration": 0.0017380000062985346, "outcome": "passed"}, "call": {"duration": 0.002513625004212372, "outcome": "passed"}, "teardown": {"duration": 0.0002058749960269779, "outcome": "passed"}}, {"nodeid": "dependency_resolver_o4-mini_group1_0/Full_Stack_Developer/test_env_manager.py::test_switch_and_get_current_env", "lineno": 41, "outcome": "passed", "keywords": ["test_switch_and_get_current_env", "test_env_manager.py", "Full_Stack_Developer", "dependency_resolver_o4-mini_group1_0", "librarybench", ""], "setup": {"duration": 0.0017978329997276887, "outcome": "passed"}, "call": {"duration": 0.0027025419985875487, "outcome": "passed"}, "teardown": {"duration": 0.00019416700524743646, "outcome": "passed"}}, {"nodeid": "dependency_resolver_o4-mini_group1_0/Full_Stack_Developer/test_env_manager.py::test_install_and_remove_package", "lineno": 52, "outcome": "passed", "keywords": ["test_install_and_remove_package", "test_env_manager.py", "Full_Stack_Developer", "dependency_resolver_o4-mini_group1_0", "librarybench", ""], "setup": {"duration": 0.0018339579983148724, "outcome": "passed"}, "call": {"duration": 0.0059086249966640025, "outcome": "passed"}, "teardown": {"duration": 0.00020512499031610787, "outcome": "passed"}}, {"nodeid": "dependency_resolver_o4-mini_group1_0/Full_Stack_Developer/test_env_manager.py::test_install_without_env", "lineno": 66, "outcome": "passed", "keywords": ["test_install_without_env", "test_env_manager.py", "Full_Stack_Developer", "dependency_resolver_o4-mini_group1_0", "librarybench", ""], "setup": {"duration": 0.0019070830021519214, "outcome": "passed"}, "call": {"duration": 0.0002230829995824024, "outcome": "passed"}, "teardown": {"duration": 0.0001801249891286716, "outcome": "passed"}}, {"nodeid": "dependency_resolver_o4-mini_group1_0/Full_Stack_Developer/test_env_manager.py::test_lockfile_generation_and_install", "lineno": 71, "outcome": "passed", "keywords": ["test_lockfile_generation_and_install", "test_env_manager.py", "Full_Stack_Developer", "dependency_resolver_o4-mini_group1_0", "librarybench", ""], "setup": {"duration": 0.0021152089902898297, "outcome": "passed"}, "call": {"duration": 0.0073922919982578605, "outcome": "passed"}, "teardown": {"duration": 0.0002018329978454858, "outcome": "passed"}}, {"nodeid": "dependency_resolver_o4-mini_group1_0/Full_Stack_Developer/test_env_manager.py::test_vulnerability_alerts", "lineno": 87, "outcome": "passed", "keywords": ["test_vulnerability_alerts", "test_env_manager.py", "Full_Stack_Developer", "dependency_resolver_o4-mini_group1_0", "librarybench", ""], "setup": {"duration": 0.001957290995051153, "outcome": "passed"}, "call": {"duration": 0.005464375004521571, "outcome": "passed"}, "teardown": {"duration": 0.00019604100089054555, "outcome": "passed"}}, {"nodeid": "dependency_resolver_o4-mini_group1_0/Full_Stack_Developer/test_env_manager.py::test_snapshot_and_rollback", "lineno": 98, "outcome": "passed", "keywords": ["test_snapshot_and_rollback", "test_env_manager.py", "Full_Stack_Developer", "dependency_resolver_o4-mini_group1_0", "librarybench", ""], "setup": {"duration": 0.0018464159948052838, "outcome": "passed"}, "call": {"duration": 0.00617637499817647, "outcome": "passed"}, "teardown": {"duration": 0.00020320799376349896, "outcome": "passed"}}, {"nodeid": "dependency_resolver_o4-mini_group1_0/Student/tests/test_repo.py::test_default_repo_contains_ABC", "lineno": 16, "outcome": "failed", "keywords": ["test_default_repo_contains_ABC", "test_repo.py", "tests", "Student", "dependency_resolver_o4-mini_group1_0", "librarybench", ""], "setup": {"duration": 0.0005940830014878884, "outcome": "passed"}, "call": {"duration": 0.00025858399749267846, "outcome": "failed", "crash": {"path": "/Users/celine/Research/librarybench/dependency_resolver_o4-mini_group1_0/Student/env_manager/repository.py", "lineno": 24, "message": "FileNotFoundError: [Errno 2] No such file or directory: '/Users/celine/Research/librarybench/dependency_resolver_o4-mini_group1_0/Student/env_manager/default_repo.json'"}, "traceback": [{"path": "Student/tests/test_repo.py", "lineno": 20, "message": ""}, {"path": "Student/env_manager/repository.py", "lineno": 24, "message": "FileNotFoundError"}], "longrepr": "def test_default_repo_contains_ABC():\n        rm = RepositoryManager()\n        # default repo has A, B, C\n>       assert \"A\" in rm.list_repos()[0]  # path ends with default_repo.json\n\nStudent/tests/test_repo.py:20: \n_ _ _ _ _ _ _ _ _ _ _ _ _ _ _ _ _ _ _ _ _ _ _ _ _ _ _ _ _ _ _ _ _ _ _ _ _ _ _ _ _ _ _ _ _ _ _ _ _ _ _\n\nself = <Student.env_manager.repository.RepositoryManager object at 0x101f965d0>\n\n    def list_repos(self):\n        \"\"\"\n        Load and return the JSON contents of each repo as a dict.\n        \"\"\"\n        repos = []\n        for path in self.list_repo_paths():\n>           with open(path, \"r\") as f:\nE           FileNotFoundError: [Errno 2] No such file or directory: '/Users/celine/Research/librarybench/dependency_resolver_o4-mini_group1_0/Student/env_manager/default_repo.json'\n\nStudent/env_manager/repository.py:24: FileNotFoundError"}, "teardown": {"duration": 0.00013187500007916242, "outcome": "passed"}}, {"nodeid": "dependency_resolver_o4-mini_group1_0/Student/tests/test_repo.py::test_add_and_remove_repo", "lineno": 25, "outcome": "failed", "keywords": ["test_add_and_remove_repo", "test_repo.py", "tests", "Student", "dependency_resolver_o4-mini_group1_0", "librarybench", ""], "setup": {"duration": 0.0019960000063292682, "outcome": "passed"}, "call": {"duration": 0.000155624991748482, "outcome": "failed", "crash": {"path": "/Users/celine/Research/librarybench/dependency_resolver_o4-mini_group1_0/Student/env_manager/repository.py", "lineno": 24, "message": "FileNotFoundError: [Errno 2] No such file or directory: '/Users/celine/Research/librarybench/dependency_resolver_o4-mini_group1_0/Student/env_manager/default_repo.json'"}, "traceback": [{"path": "Student/tests/test_repo.py", "lineno": 28, "message": ""}, {"path": "Student/env_manager/repository.py", "lineno": 24, "message": "FileNotFoundError"}], "longrepr": "sample_repo = '/private/var/folders/y3/jvd7wbrj6z7b2s97x7yyp_jc0000gn/T/pytest-of-celine/pytest-11/test_add_and_remove_repo0/repo.json'\n\n    def test_add_and_remove_repo(sample_repo):\n        rm = RepositoryManager()\n>       before = len(rm.list_repos())\n\nStudent/tests/test_repo.py:28: \n_ _ _ _ _ _ _ _ _ _ _ _ _ _ _ _ _ _ _ _ _ _ _ _ _ _ _ _ _ _ _ _ _ _ _ _ _ _ _ _ _ _ _ _ _ _ _ _ _ _ _\n\nself = <Student.env_manager.repository.RepositoryManager object at 0x102095480>\n\n    def list_repos(self):\n        \"\"\"\n        Load and return the JSON contents of each repo as a dict.\n        \"\"\"\n        repos = []\n        for path in self.list_repo_paths():\n>           with open(path, \"r\") as f:\nE           FileNotFoundError: [Errno 2] No such file or directory: '/Users/celine/Research/librarybench/dependency_resolver_o4-mini_group1_0/Student/env_manager/default_repo.json'\n\nStudent/env_manager/repository.py:24: FileNotFoundError"}, "teardown": {"duration": 0.0001585420104674995, "outcome": "passed"}}, {"nodeid": "dependency_resolver_o4-mini_group1_0/Student/tests/test_repo.py::test_get_package_info_precedence", "lineno": 34, "outcome": "failed", "keywords": ["test_get_package_info_precedence", "test_repo.py", "tests", "Student", "dependency_resolver_o4-mini_group1_0", "librarybench", ""], "setup": {"duration": 0.0017412499873898923, "outcome": "passed"}, "call": {"duration": 0.00015387499297503382, "outcome": "failed", "crash": {"path": "/Users/celine/Research/librarybench/dependency_resolver_o4-mini_group1_0/Student/tests/test_repo.py", "lineno": 39, "message": "AttributeError: 'RepositoryManager' object has no attribute 'get_latest_version'"}, "traceback": [{"path": "Student/tests/test_repo.py", "lineno": 39, "message": "AttributeError"}], "longrepr": "sample_repo = '/private/var/folders/y3/jvd7wbrj6z7b2s97x7yyp_jc0000gn/T/pytest-of-celine/pytest-11/test_get_package_info_preceden0/repo.json'\n\n    def test_get_package_info_precedence(sample_repo):\n        rm = RepositoryManager()\n        rm.add_repo(sample_repo)\n        # Y is only in sample_repo\n>       assert rm.get_latest_version(\"Y\") == \"1.0\"\nE       AttributeError: 'RepositoryManager' object has no attribute 'get_latest_version'\n\nStudent/tests/test_repo.py:39: AttributeError"}, "teardown": {"duration": 0.00017045799177139997, "outcome": "passed"}}, {"nodeid": "dependency_resolver_o4-mini_group1_0/Student/tests/test_manager.py::test_env_crud", "lineno": 13, "outcome": "failed", "keywords": ["test_env_crud", "test_manager.py", "tests", "Student", "dependency_resolver_o4-mini_group1_0", "librarybench", ""], "setup": {"duration": 0.0011505419970490038, "outcome": "passed"}, "call": {"duration": 0.0001590409956406802, "outcome": "failed", "crash": {"path": "/Users/celine/Research/librarybench/dependency_resolver_o4-mini_group1_0/Student/tests/test_manager.py", "lineno": 16, "message": "AttributeError: 'EnvManager' object has no attribute 'list_envs'"}, "traceback": [{"path": "Student/tests/test_manager.py", "lineno": 16, "message": "AttributeError"}], "longrepr": "mgr = <Student.env_manager.manager.EnvManager object at 0x1025dac10>\n\n    def test_env_crud(mgr):\n        mgr.create_env(\"test\")\n>       assert \"test\" in mgr.list_envs()\nE       AttributeError: 'EnvManager' object has no attribute 'list_envs'\n\nStudent/tests/test_manager.py:16: AttributeError"}, "teardown": {"duration": 0.0001610000035725534, "outcome": "passed"}}, {"nodeid": "dependency_resolver_o4-mini_group1_0/Student/tests/test_manager.py::test_install_and_existence", "lineno": 23, "outcome": "failed", "keywords": ["test_install_and_existence", "test_manager.py", "tests", "Student", "dependency_resolver_o4-mini_group1_0", "librarybench", ""], "setup": {"duration": 0.0016346249904017895, "outcome": "passed"}, "call": {"duration": 0.0001612920023035258, "outcome": "failed", "crash": {"path": "/Users/celine/Research/librarybench/dependency_resolver_o4-mini_group1_0/Student/env_manager/repository.py", "lineno": 24, "message": "FileNotFoundError: [Errno 2] No such file or directory: '/Users/celine/Research/librarybench/dependency_resolver_o4-mini_group1_0/Student/env_manager/default_repo.json'"}, "traceback": [{"path": "Student/tests/test_manager.py", "lineno": 26, "message": ""}, {"path": "Student/env_manager/manager.py", "lineno": 21, "message": "in install_packages"}, {"path": "Student/env_manager/manager.py", "lineno": 28, "message": "in _install"}, {"path": "Student/env_manager/repository.py", "lineno": 24, "message": "FileNotFoundError"}], "longrepr": "mgr = <Student.env_manager.manager.EnvManager object at 0x1025dae90>\n\n    def test_install_and_existence(mgr):\n        mgr.create_env(\"e1\")\n>       mgr.install_packages(\"e1\", [\"A\"])\n\nStudent/tests/test_manager.py:26: \n_ _ _ _ _ _ _ _ _ _ _ _ _ _ _ _ _ _ _ _ _ _ _ _ _ _ _ _ _ _ _ _ _ _ _ _ _ _ _ _ _ _ _ _ _ _ _ _ _ _ _\nStudent/env_manager/manager.py:21: in install_packages\n    self._install(env_name, pkg)\nStudent/env_manager/manager.py:28: in _install\n    for repo in self.repo_manager.list_repos():\n_ _ _ _ _ _ _ _ _ _ _ _ _ _ _ _ _ _ _ _ _ _ _ _ _ _ _ _ _ _ _ _ _ _ _ _ _ _ _ _ _ _ _ _ _ _ _ _ _ _ _\n\nself = <Student.env_manager.repository.RepositoryManager object at 0x1026947c0>\n\n    def list_repos(self):\n        \"\"\"\n        Load and return the JSON contents of each repo as a dict.\n        \"\"\"\n        repos = []\n        for path in self.list_repo_paths():\n>           with open(path, \"r\") as f:\nE           FileNotFoundError: [Errno 2] No such file or directory: '/Users/celine/Research/librarybench/dependency_resolver_o4-mini_group1_0/Student/env_manager/default_repo.json'\n\nStudent/env_manager/repository.py:24: FileNotFoundError"}, "teardown": {"duration": 0.00017333299911115319, "outcome": "passed"}}, {"nodeid": "dependency_resolver_o4-mini_group1_0/Student/tests/test_manager.py::test_batch_install", "lineno": 38, "outcome": "failed", "keywords": ["test_batch_install", "test_manager.py", "tests", "Student", "dependency_resolver_o4-mini_group1_0", "librarybench", ""], "setup": {"duration": 0.0015612919960403815, "outcome": "passed"}, "call": {"duration": 0.00016720799612812698, "outcome": "failed", "crash": {"path": "/Users/celine/Research/librarybench/dependency_resolver_o4-mini_group1_0/Student/env_manager/repository.py", "lineno": 24, "message": "FileNotFoundError: [Errno 2] No such file or directory: '/Users/celine/Research/librarybench/dependency_resolver_o4-mini_group1_0/Student/env_manager/default_repo.json'"}, "traceback": [{"path": "Student/tests/test_manager.py", "lineno": 41, "message": ""}, {"path": "Student/env_manager/manager.py", "lineno": 21, "message": "in install_packages"}, {"path": "Student/env_manager/manager.py", "lineno": 28, "message": "in _install"}, {"path": "Student/env_manager/repository.py", "lineno": 24, "message": "FileNotFoundError"}], "longrepr": "mgr = <Student.env_manager.manager.EnvManager object at 0x1025dac10>\n\n    def test_batch_install(mgr):\n        mgr.create_env(\"e2\")\n>       mgr.install_packages(\"e2\", [\"C\",\"B\"])\n\nStudent/tests/test_manager.py:41: \n_ _ _ _ _ _ _ _ _ _ _ _ _ _ _ _ _ _ _ _ _ _ _ _ _ _ _ _ _ _ _ _ _ _ _ _ _ _ _ _ _ _ _ _ _ _ _ _ _ _ _\nStudent/env_manager/manager.py:21: in install_packages\n    self._install(env_name, pkg)\nStudent/env_manager/manager.py:28: in _install\n    for repo in self.repo_manager.list_repos():\n_ _ _ _ _ _ _ _ _ _ _ _ _ _ _ _ _ _ _ _ _ _ _ _ _ _ _ _ _ _ _ _ _ _ _ _ _ _ _ _ _ _ _ _ _ _ _ _ _ _ _\n\nself = <Student.env_manager.repository.RepositoryManager object at 0x10261b460>\n\n    def list_repos(self):\n        \"\"\"\n        Load and return the JSON contents of each repo as a dict.\n        \"\"\"\n        repos = []\n        for path in self.list_repo_paths():\n>           with open(path, \"r\") as f:\nE           FileNotFoundError: [Errno 2] No such file or directory: '/Users/celine/Research/librarybench/dependency_resolver_o4-mini_group1_0/Student/env_manager/default_repo.json'\n\nStudent/env_manager/repository.py:24: FileNotFoundError"}, "teardown": {"duration": 0.0001615410001249984, "outcome": "passed"}}, {"nodeid": "dependency_resolver_o4-mini_group1_0/Student/tests/test_manager.py::test_lockfile_export_and_install", "lineno": 44, "outcome": "failed", "keywords": ["test_lockfile_export_and_install", "test_manager.py", "tests", "Student", "dependency_resolver_o4-mini_group1_0", "librarybench", ""], "setup": {"duration": 0.001618082998902537, "outcome": "passed"}, "call": {"duration": 0.0001690420031081885, "outcome": "failed", "crash": {"path": "/Users/celine/Research/librarybench/dependency_resolver_o4-mini_group1_0/Student/env_manager/repository.py", "lineno": 24, "message": "FileNotFoundError: [Errno 2] No such file or directory: '/Users/celine/Research/librarybench/dependency_resolver_o4-mini_group1_0/Student/env_manager/default_repo.json'"}, "traceback": [{"path": "Student/tests/test_manager.py", "lineno": 47, "message": ""}, {"path": "Student/env_manager/manager.py", "lineno": 21, "message": "in install_packages"}, {"path": "Student/env_manager/manager.py", "lineno": 28, "message": "in _install"}, {"path": "Student/env_manager/repository.py", "lineno": 24, "message": "FileNotFoundError"}], "longrepr": "mgr = <Student.env_manager.manager.EnvManager object at 0x1025dafd0>\ntmp_path = PosixPath('/private/var/folders/y3/jvd7wbrj6z7b2s97x7yyp_jc0000gn/T/pytest-of-celine/pytest-11/test_lockfile_export_and_insta0')\n\n    def test_lockfile_export_and_install(mgr, tmp_path):\n        mgr.create_env(\"e3\")\n>       mgr.install_packages(\"e3\", [\"B\"])\n\nStudent/tests/test_manager.py:47: \n_ _ _ _ _ _ _ _ _ _ _ _ _ _ _ _ _ _ _ _ _ _ _ _ _ _ _ _ _ _ _ _ _ _ _ _ _ _ _ _ _ _ _ _ _ _ _ _ _ _ _\nStudent/env_manager/manager.py:21: in install_packages\n    self._install(env_name, pkg)\nStudent/env_manager/manager.py:28: in _install\n    for repo in self.repo_manager.list_repos():\n_ _ _ _ _ _ _ _ _ _ _ _ _ _ _ _ _ _ _ _ _ _ _ _ _ _ _ _ _ _ _ _ _ _ _ _ _ _ _ _ _ _ _ _ _ _ _ _ _ _ _\n\nself = <Student.env_manager.repository.RepositoryManager object at 0x102626750>\n\n    def list_repos(self):\n        \"\"\"\n        Load and return the JSON contents of each repo as a dict.\n        \"\"\"\n        repos = []\n        for path in self.list_repo_paths():\n>           with open(path, \"r\") as f:\nE           FileNotFoundError: [Errno 2] No such file or directory: '/Users/celine/Research/librarybench/dependency_resolver_o4-mini_group1_0/Student/env_manager/default_repo.json'\n\nStudent/env_manager/repository.py:24: FileNotFoundError"}, "teardown": {"duration": 0.0001677919935900718, "outcome": "passed"}}, {"nodeid": "dependency_resolver_o4-mini_group1_0/Student/tests/test_manager.py::test_import_env", "lineno": 57, "outcome": "failed", "keywords": ["test_import_env", "test_manager.py", "tests", "Student", "dependency_resolver_o4-mini_group1_0", "librarybench", ""], "setup": {"duration": 0.001599790994077921, "outcome": "passed"}, "call": {"duration": 0.0003412919904803857, "outcome": "failed", "crash": {"path": "/Users/celine/Research/librarybench/dependency_resolver_o4-mini_group1_0/Student/tests/test_manager.py", "lineno": 63, "message": "AttributeError: 'EnvManager' object has no attribute 'import_env'"}, "traceback": [{"path": "Student/tests/test_manager.py", "lineno": 63, "message": "AttributeError"}], "longrepr": "mgr = <Student.env_manager.manager.EnvManager object at 0x1025db250>\ntmp_path = PosixPath('/private/var/folders/y3/jvd7wbrj6z7b2s97x7yyp_jc0000gn/T/pytest-of-celine/pytest-11/test_import_env0')\n\n    def test_import_env(mgr, tmp_path):\n        mgr.create_env(\"e5\")\n        spec = {\"packages\": [\"C\"]}\n        f = tmp_path / \"spec.json\"\n        f.write_text(json.dumps(spec))\n>       mgr.import_env(\"e5\", str(f))\nE       AttributeError: 'EnvManager' object has no attribute 'import_env'\n\nStudent/tests/test_manager.py:63: AttributeError"}, "teardown": {"duration": 0.00015420900308527052, "outcome": "passed"}}, {"nodeid": "dependency_resolver_o4-mini_group1_0/Student/tests/test_manager.py::test_update_notifications", "lineno": 65, "outcome": "failed", "keywords": ["test_update_notifications", "test_manager.py", "tests", "Student", "dependency_resolver_o4-mini_group1_0", "librarybench", ""], "setup": {"duration": 0.0027449159970274195, "outcome": "passed"}, "call": {"duration": 0.00014174998796079308, "outcome": "failed", "crash": {"path": "/Users/celine/Research/librarybench/dependency_resolver_o4-mini_group1_0/Student/tests/test_manager.py", "lineno": 70, "message": "AttributeError: 'EnvManager' object has no attribute '_install_single'"}, "traceback": [{"path": "Student/tests/test_manager.py", "lineno": 70, "message": "AttributeError"}], "longrepr": "mgr = <Student.env_manager.manager.EnvManager object at 0x1025db610>\n\n    def test_update_notifications(mgr):\n        mgr.create_env(\"e6\")\n        # default B latest is 1.1, install B at 1.0 by lockfile hack:\n        # directly call _install_single\n>       mgr._install_single(\"e6\", \"B\", version=\"1.0\")\nE       AttributeError: 'EnvManager' object has no attribute '_install_single'\n\nStudent/tests/test_manager.py:70: AttributeError"}, "teardown": {"duration": 0.00015387499297503382, "outcome": "passed"}}, {"nodeid": "dependency_resolver_o4-mini_group1_0/Student/tests/test_cli.py::test_cli_env_commands", "lineno": 13, "outcome": "failed", "keywords": ["test_cli_env_commands", "test_cli.py", "tests", "Student", "dependency_resolver_o4-mini_group1_0", "librarybench", ""], "setup": {"duration": 0.0012897909909952432, "outcome": "passed"}, "call": {"duration": 0.0010466669918969274, "outcome": "failed", "crash": {"path": "/Users/celine/Research/librarybench/dependency_resolver_o4-mini_group1_0/Student/tests/test_cli.py", "lineno": 16, "message": "assert \"Created environment 'foo'.\" in 'Created env foo\\n'\n +  where 'Created env foo\\n' = <Result okay>.stdout"}, "traceback": [{"path": "Student/tests/test_cli.py", "lineno": 16, "message": "AssertionError"}], "longrepr": "runner = <click.testing.CliRunner object at 0x10261f620>\n\n    def test_cli_env_commands(runner):\n        r = runner.invoke(cli, ['env','create','foo'])\n>       assert \"Created environment 'foo'.\" in r.stdout\nE       assert \"Created environment 'foo'.\" in 'Created env foo\\n'\nE        +  where 'Created env foo\\n' = <Result okay>.stdout\n\nStudent/tests/test_cli.py:16: AssertionError"}, "teardown": {"duration": 0.00015637499745935202, "outcome": "passed"}}, {"nodeid": "dependency_resolver_o4-mini_group1_0/Student/tests/test_cli.py::test_cli_install_and_check", "lineno": 21, "outcome": "failed", "keywords": ["test_cli_install_and_check", "test_cli.py", "tests", "Student", "dependency_resolver_o4-mini_group1_0", "librarybench", ""], "setup": {"duration": 0.0012396250094752759, "outcome": "passed"}, "call": {"duration": 0.00078524999844376, "outcome": "failed", "crash": {"path": "/Users/celine/Research/librarybench/dependency_resolver_o4-mini_group1_0/Student/tests/test_cli.py", "lineno": 25, "message": "assert \"Installed C into 'bar'.\" in ''\n +  where '' = <Result FileNotFoundError(2, 'No such file or directory')>.stdout"}, "traceback": [{"path": "Student/tests/test_cli.py", "lineno": 25, "message": "AssertionError"}], "longrepr": "runner = <click.testing.CliRunner object at 0x1025db9d0>\n\n    def test_cli_install_and_check(runner):\n        runner.invoke(cli, ['env','create','bar'])\n        r = runner.invoke(cli, ['install','--env','bar','C'])\n>       assert \"Installed C into 'bar'.\" in r.stdout\nE       assert \"Installed C into 'bar'.\" in ''\nE        +  where '' = <Result FileNotFoundError(2, 'No such file or directory')>.stdout\n\nStudent/tests/test_cli.py:25: AssertionError"}, "teardown": {"duration": 0.00017337499593850225, "outcome": "passed"}}, {"nodeid": "dependency_resolver_o4-mini_group1_0/Student/tests/test_cli.py::test_cli_explain", "lineno": 28, "outcome": "failed", "keywords": ["test_cli_explain", "test_cli.py", "tests", "Student", "dependency_resolver_o4-mini_group1_0", "librarybench", ""], "setup": {"duration": 0.00129162501252722, "outcome": "passed"}, "call": {"duration": 0.0009569579997332767, "outcome": "failed", "crash": {"path": "/Users/celine/Research/librarybench/dependency_resolver_o4-mini_group1_0/Student/tests/test_cli.py", "lineno": 33, "message": "AssertionError: assert 'A==' in 'Package A not installed in env baz\\n'\n +  where 'Package A not installed in env baz\\n' = <Result okay>.stdout"}, "traceback": [{"path": "Student/tests/test_cli.py", "lineno": 33, "message": "AssertionError"}], "longrepr": "runner = <click.testing.CliRunner object at 0x1025db4d0>\n\n    def test_cli_explain(runner):\n        runner.invoke(cli, ['env','create','baz'])\n        runner.invoke(cli, ['install','--env','baz','A'])\n        r = runner.invoke(cli, ['explain','--env','baz','A'])\n>       assert 'A==' in r.stdout\nE       AssertionError: assert 'A==' in 'Package A not installed in env baz\\n'\nE        +  where 'Package A not installed in env baz\\n' = <Result okay>.stdout\n\nStudent/tests/test_cli.py:33: AssertionError"}, "teardown": {"duration": 0.00017012500029522926, "outcome": "passed"}}, {"nodeid": "dependency_resolver_o4-mini_group1_0/Student/tests/test_cli.py::test_cli_lockfile", "lineno": 34, "outcome": "failed", "keywords": ["test_cli_lockfile", "test_cli.py", "tests", "Student", "dependency_resolver_o4-mini_group1_0", "librarybench", ""], "setup": {"duration": 0.0012265410041436553, "outcome": "passed"}, "call": {"duration": 0.0042792919994099066, "outcome": "failed", "crash": {"path": "/Users/celine/Research/librarybench/dependency_resolver_o4-mini_group1_0/Student/tests/test_cli.py", "lineno": 40, "message": "AssertionError: assert False\n +  where False = exists()\n +    where exists = PosixPath('/private/var/folders/y3/jvd7wbrj6z7b2s97x7yyp_jc0000gn/T/pytest-of-celine/pytest-11/test_cli_lockfile0/lf.json').exists"}, "traceback": [{"path": "Student/tests/test_cli.py", "lineno": 40, "message": "AssertionError"}], "longrepr": "runner = <click.testing.CliRunner object at 0x1025bf230>\ntmp_path = PosixPath('/private/var/folders/y3/jvd7wbrj6z7b2s97x7yyp_jc0000gn/T/pytest-of-celine/pytest-11/test_cli_lockfile0')\n\n    def test_cli_lockfile(runner, tmp_path):\n        runner.invoke(cli, ['env','create','lf1'])\n        runner.invoke(cli, ['install','--env','lf1','B'])\n        lock = tmp_path / \"lf.json\"\n        r = runner.invoke(cli, ['lockfile','export','--env','lf1','--output',str(lock)])\n>       assert lock.exists()\nE       AssertionError: assert False\nE        +  where False = exists()\nE        +    where exists = PosixPath('/private/var/folders/y3/jvd7wbrj6z7b2s97x7yyp_jc0000gn/T/pytest-of-celine/pytest-11/test_cli_lockfile0/lf.json').exists\n\nStudent/tests/test_cli.py:40: AssertionError"}, "teardown": {"duration": 0.00016316700202878565, "outcome": "passed"}}, {"nodeid": "dependency_resolver_o4-mini_group1_0/Student/tests/test_cli.py::test_cli_import", "lineno": 44, "outcome": "failed", "keywords": ["test_cli_import", "test_cli.py", "tests", "Student", "dependency_resolver_o4-mini_group1_0", "librarybench", ""], "setup": {"duration": 0.0018126659997506067, "outcome": "passed"}, "call": {"duration": 0.0010699590056901798, "outcome": "failed", "crash": {"path": "/Users/celine/Research/librarybench/dependency_resolver_o4-mini_group1_0/Student/tests/test_cli.py", "lineno": 51, "message": "assert 'Imported environment spec' in \"Usage: cli [OPTIONS] COMMAND [ARGS]...\\nTry 'cli --help' for help.\\n\\nError: No such command 'import-env'.\\n\"\n +  where \"Usage: cli [OPTIONS] COMMAND [ARGS]...\\nTry 'cli --help' for help.\\n\\nError: No such command 'import-env'.\\n\" = <Result SystemExit(2)>.stdout"}, "traceback": [{"path": "Student/tests/test_cli.py", "lineno": 51, "message": "AssertionError"}], "longrepr": "runner = <click.testing.CliRunner object at 0x1025bfa80>\ntmp_path = PosixPath('/private/var/folders/y3/jvd7wbrj6z7b2s97x7yyp_jc0000gn/T/pytest-of-celine/pytest-11/test_cli_import0')\n\n    def test_cli_import(runner, tmp_path):\n        runner.invoke(cli, ['env','create','imp1'])\n        spec = {\"packages\":[\"C\"]}\n        f = tmp_path / \"s.json\"\n        f.write_text(json.dumps(spec))\n        r = runner.invoke(cli, ['import-env','--env','imp1','--file',str(f)])\n>       assert \"Imported environment spec\" in r.stdout\nE       assert 'Imported environment spec' in \"Usage: cli [OPTIONS] COMMAND [ARGS]...\\nTry 'cli --help' for help.\\n\\nError: No such command 'import-env'.\\n\"\nE        +  where \"Usage: cli [OPTIONS] COMMAND [ARGS]...\\nTry 'cli --help' for help.\\n\\nError: No such command 'import-env'.\\n\" = <Result SystemExit(2)>.stdout\n\nStudent/tests/test_cli.py:51: AssertionError"}, "teardown": {"duration": 0.00016554200556129217, "outcome": "passed"}}, {"nodeid": "dependency_resolver_o4-mini_group1_0/Student/tests/test_cli.py::test_cli_repos", "lineno": 52, "outcome": "failed", "keywords": ["test_cli_repos", "test_cli.py", "tests", "Student", "dependency_resolver_o4-mini_group1_0", "librarybench", ""], "setup": {"duration": 0.001211833005072549, "outcome": "passed"}, "call": {"duration": 0.0014288749953266233, "outcome": "failed", "crash": {"path": "/Users/celine/Research/librarybench/dependency_resolver_o4-mini_group1_0/Student/tests/test_cli.py", "lineno": 63, "message": "assert 'Removed repo' in \"Usage: cli repos [OPTIONS] COMMAND [ARGS]...\\nTry 'cli repos --help' for help.\\n\\nError: No such command 'remove'.\\n\"\n +  where \"Usage: cli repos [OPTIONS] COMMAND [ARGS]...\\nTry 'cli repos --help' for help.\\n\\nError: No such command 'remove'.\\n\" = <Result SystemExit(2)>.stdout"}, "traceback": [{"path": "Student/tests/test_cli.py", "lineno": 63, "message": "AssertionError"}], "longrepr": "runner = <click.testing.CliRunner object at 0x102647770>\ntmp_path = PosixPath('/private/var/folders/y3/jvd7wbrj6z7b2s97x7yyp_jc0000gn/T/pytest-of-celine/pytest-11/test_cli_repos0')\n\n    def test_cli_repos(runner, tmp_path):\n        # create a fake repo\n        data = {\"Z\":{\"0.1\": []}}\n        repof = tmp_path/\"r.json\"\n        repof.write_text(json.dumps(data))\n        r1 = runner.invoke(cli, ['repos','add',str(repof)])\n        assert \"Added repo\" in r1.stdout\n        r2 = runner.invoke(cli, ['repos','list'])\n        assert str(repof) in r2.stdout\n        r3 = runner.invoke(cli, ['repos','remove',str(repof)])\n>       assert \"Removed repo\" in r3.stdout\nE       assert 'Removed repo' in \"Usage: cli repos [OPTIONS] COMMAND [ARGS]...\\nTry 'cli repos --help' for help.\\n\\nError: No such command 'remove'.\\n\"\nE        +  where \"Usage: cli repos [OPTIONS] COMMAND [ARGS]...\\nTry 'cli repos --help' for help.\\n\\nError: No such command 'remove'.\\n\" = <Result SystemExit(2)>.stdout\n\nStudent/tests/test_cli.py:63: AssertionError"}, "teardown": {"duration": 0.00017033300537150353, "outcome": "passed"}}, {"nodeid": "dependency_resolver_o4-mini_group1_0/Student/tests/test_cli.py::test_cli_updates", "lineno": 64, "outcome": "failed", "keywords": ["test_cli_updates", "test_cli.py", "tests", "Student", "dependency_resolver_o4-mini_group1_0", "librarybench", ""], "setup": {"duration": 0.0013460829941323027, "outcome": "passed"}, "call": {"duration": 0.0009339590033050627, "outcome": "failed", "crash": {"path": "/Users/celine/Research/librarybench/dependency_resolver_o4-mini_group1_0/Student/tests/test_cli.py", "lineno": 71, "message": "assert 'All packages up-to-date.' in \"Usage: cli [OPTIONS] COMMAND [ARGS]...\\nTry 'cli --help' for help.\\n\\nError: No such command 'updates'.\\n\"\n +  where \"Usage: cli [OPTIONS] COMMAND [ARGS]...\\nTry 'cli --help' for help.\\n\\nError: No such command 'updates'.\\n\" = <Result SystemExit(2)>.stdout"}, "traceback": [{"path": "Student/tests/test_cli.py", "lineno": 71, "message": "AssertionError"}], "longrepr": "runner = <click.testing.CliRunner object at 0x10261acf0>\n\n    def test_cli_updates(runner):\n        runner.invoke(cli, ['env','create','u1'])\n        # install B@1.0 manually\n        runner.invoke(cli, ['install','--env','u1','B'])\n        # simulate that default chosen is latest 1.1, so no updates\n        r = runner.invoke(cli, ['updates','--env','u1'])\n>       assert \"All packages up-to-date.\" in r.stdout\nE       assert 'All packages up-to-date.' in \"Usage: cli [OPTIONS] COMMAND [ARGS]...\\nTry 'cli --help' for help.\\n\\nError: No such command 'updates'.\\n\"\nE        +  where \"Usage: cli [OPTIONS] COMMAND [ARGS]...\\nTry 'cli --help' for help.\\n\\nError: No such command 'updates'.\\n\" = <Result SystemExit(2)>.stdout\n\nStudent/tests/test_cli.py:71: AssertionError"}, "teardown": {"duration": 0.0001777909928932786, "outcome": "passed"}}, {"nodeid": "dependency_resolver_o4-mini_group1_0/Student/tests/test_cache.py::test_cache_fetch", "lineno": 4, "outcome": "failed", "keywords": ["test_cache_fetch", "test_cache.py", "tests", "Student", "dependency_resolver_o4-mini_group1_0", "librarybench", ""], "setup": {"duration": 0.0014146660105325282, "outcome": "passed"}, "call": {"duration": 0.00016904099902603775, "outcome": "failed", "crash": {"path": "/Users/celine/Research/librarybench/dependency_resolver_o4-mini_group1_0/Student/tests/test_cache.py", "lineno": 7, "message": "TypeError: CacheManager.__init__() got an unexpected keyword argument 'cache_dir'"}, "traceback": [{"path": "Student/tests/test_cache.py", "lineno": 7, "message": "TypeError"}], "longrepr": "tmp_path = PosixPath('/private/var/folders/y3/jvd7wbrj6z7b2s97x7yyp_jc0000gn/T/pytest-of-celine/pytest-11/test_cache_fetch0')\n\n    def test_cache_fetch(tmp_path):\n        cd = tmp_path / \"cache\"\n>       cm = CacheManager(cache_dir=str(cd))\nE       TypeError: CacheManager.__init__() got an unexpected keyword argument 'cache_dir'\n\nStudent/tests/test_cache.py:7: TypeError"}, "teardown": {"duration": 0.00014783299411647022, "outcome": "passed"}}, {"nodeid": "dependency_resolver_o4-mini_group1_0/IT_Administrator/tests/test_pkgmanager.py::test_create_and_delete_environment", "lineno": 17, "outcome": "error", "keywords": ["test_create_and_delete_environment", "test_pkgmanager.py", "tests", "IT_Administrator", "dependency_resolver_o4-mini_group1_0", "librarybench", ""], "setup": {"duration": 0.001673125007073395, "outcome": "failed", "crash": {"path": "/Users/celine/Research/librarybench/dependency_resolver_o4-mini_group1_0/IT_Administrator/tests/test_pkgmanager.py", "lineno": 16, "message": "NameError: name 'pkgmanager' is not defined"}, "traceback": [{"path": "IT_Administrator/tests/test_pkgmanager.py", "lineno": 16, "message": "NameError"}], "longrepr": "temp_root = '/private/var/folders/y3/jvd7wbrj6z7b2s97x7yyp_jc0000gn/T/pytest-of-celine/pytest-11/test_create_and_delete_environ0'\n\n    @pytest.fixture\n    def manager(temp_root):\n>       return pkgmanager.PackageManager(temp_root)\nE       NameError: name 'pkgmanager' is not defined\n\nIT_Administrator/tests/test_pkgmanager.py:16: NameError"}, "teardown": {"duration": 0.00016829199739731848, "outcome": "passed"}}, {"nodeid": "dependency_resolver_o4-mini_group1_0/IT_Administrator/tests/test_pkgmanager.py::test_switch_environment", "lineno": 31, "outcome": "error", "keywords": ["test_switch_environment", "test_pkgmanager.py", "tests", "IT_Administrator", "dependency_resolver_o4-mini_group1_0", "librarybench", ""], "setup": {"duration": 0.0011539999977685511, "outcome": "failed", "crash": {"path": "/Users/celine/Research/librarybench/dependency_resolver_o4-mini_group1_0/IT_Administrator/tests/test_pkgmanager.py", "lineno": 16, "message": "NameError: name 'pkgmanager' is not defined"}, "traceback": [{"path": "IT_Administrator/tests/test_pkgmanager.py", "lineno": 16, "message": "NameError"}], "longrepr": "temp_root = '/private/var/folders/y3/jvd7wbrj6z7b2s97x7yyp_jc0000gn/T/pytest-of-celine/pytest-11/test_switch_environment0'\n\n    @pytest.fixture\n    def manager(temp_root):\n>       return pkgmanager.PackageManager(temp_root)\nE       NameError: name 'pkgmanager' is not defined\n\nIT_Administrator/tests/test_pkgmanager.py:16: NameError"}, "teardown": {"duration": 0.00016929199045989662, "outcome": "passed"}}, {"nodeid": "dependency_resolver_o4-mini_group1_0/IT_Administrator/tests/test_pkgmanager.py::test_install_and_list_packages", "lineno": 43, "outcome": "error", "keywords": ["test_install_and_list_packages", "test_pkgmanager.py", "tests", "IT_Administrator", "dependency_resolver_o4-mini_group1_0", "librarybench", ""], "setup": {"duration": 0.001241582998773083, "outcome": "failed", "crash": {"path": "/Users/celine/Research/librarybench/dependency_resolver_o4-mini_group1_0/IT_Administrator/tests/test_pkgmanager.py", "lineno": 16, "message": "NameError: name 'pkgmanager' is not defined"}, "traceback": [{"path": "IT_Administrator/tests/test_pkgmanager.py", "lineno": 16, "message": "NameError"}], "longrepr": "temp_root = '/private/var/folders/y3/jvd7wbrj6z7b2s97x7yyp_jc0000gn/T/pytest-of-celine/pytest-11/test_install_and_list_packages0'\n\n    @pytest.fixture\n    def manager(temp_root):\n>       return pkgmanager.PackageManager(temp_root)\nE       NameError: name 'pkgmanager' is not defined\n\nIT_Administrator/tests/test_pkgmanager.py:16: NameError"}, "teardown": {"duration": 0.00016658300592098385, "outcome": "passed"}}, {"nodeid": "dependency_resolver_o4-mini_group1_0/IT_Administrator/tests/test_pkgmanager.py::test_generate_and_install_from_lockfile", "lineno": 53, "outcome": "error", "keywords": ["test_generate_and_install_from_lockfile", "test_pkgmanager.py", "tests", "IT_Administrator", "dependency_resolver_o4-mini_group1_0", "librarybench", ""], "setup": {"duration": 0.001163290988188237, "outcome": "failed", "crash": {"path": "/Users/celine/Research/librarybench/dependency_resolver_o4-mini_group1_0/IT_Administrator/tests/test_pkgmanager.py", "lineno": 16, "message": "NameError: name 'pkgmanager' is not defined"}, "traceback": [{"path": "IT_Administrator/tests/test_pkgmanager.py", "lineno": 16, "message": "NameError"}], "longrepr": "temp_root = '/private/var/folders/y3/jvd7wbrj6z7b2s97x7yyp_jc0000gn/T/pytest-of-celine/pytest-11/test_generate_and_install_from0'\n\n    @pytest.fixture\n    def manager(temp_root):\n>       return pkgmanager.PackageManager(temp_root)\nE       NameError: name 'pkgmanager' is not defined\n\nIT_Administrator/tests/test_pkgmanager.py:16: NameError"}, "teardown": {"duration": 0.00015675000031478703, "outcome": "passed"}}, {"nodeid": "dependency_resolver_o4-mini_group1_0/IT_Administrator/tests/test_pkgmanager.py::test_remove_package", "lineno": 69, "outcome": "error", "keywords": ["test_remove_package", "test_pkgmanager.py", "tests", "IT_Administrator", "dependency_resolver_o4-mini_group1_0", "librarybench", ""], "setup": {"duration": 0.0012380420084809884, "outcome": "failed", "crash": {"path": "/Users/celine/Research/librarybench/dependency_resolver_o4-mini_group1_0/IT_Administrator/tests/test_pkgmanager.py", "lineno": 16, "message": "NameError: name 'pkgmanager' is not defined"}, "traceback": [{"path": "IT_Administrator/tests/test_pkgmanager.py", "lineno": 16, "message": "NameError"}], "longrepr": "temp_root = '/private/var/folders/y3/jvd7wbrj6z7b2s97x7yyp_jc0000gn/T/pytest-of-celine/pytest-11/test_remove_package0'\n\n    @pytest.fixture\n    def manager(temp_root):\n>       return pkgmanager.PackageManager(temp_root)\nE       NameError: name 'pkgmanager' is not defined\n\nIT_Administrator/tests/test_pkgmanager.py:16: NameError"}, "teardown": {"duration": 0.00014229200314730406, "outcome": "passed"}}, {"nodeid": "dependency_resolver_o4-mini_group1_0/IT_Administrator/tests/test_pkgmanager.py::test_vulnerability_alerts", "lineno": 78, "outcome": "error", "keywords": ["test_vulnerability_alerts", "test_pkgmanager.py", "tests", "IT_Administrator", "dependency_resolver_o4-mini_group1_0", "librarybench", ""], "setup": {"duration": 0.001294374989811331, "outcome": "failed", "crash": {"path": "/Users/celine/Research/librarybench/dependency_resolver_o4-mini_group1_0/IT_Administrator/tests/test_pkgmanager.py", "lineno": 16, "message": "NameError: name 'pkgmanager' is not defined"}, "traceback": [{"path": "IT_Administrator/tests/test_pkgmanager.py", "lineno": 16, "message": "NameError"}], "longrepr": "temp_root = '/private/var/folders/y3/jvd7wbrj6z7b2s97x7yyp_jc0000gn/T/pytest-of-celine/pytest-11/test_vulnerability_alerts1'\n\n    @pytest.fixture\n    def manager(temp_root):\n>       return pkgmanager.PackageManager(temp_root)\nE       NameError: name 'pkgmanager' is not defined\n\nIT_Administrator/tests/test_pkgmanager.py:16: NameError"}, "teardown": {"duration": 0.00014962500426918268, "outcome": "passed"}}, {"nodeid": "dependency_resolver_o4-mini_group1_0/IT_Administrator/tests/test_pkgmanager.py::test_rollback", "lineno": 90, "outcome": "error", "keywords": ["test_rollback", "test_pkgmanager.py", "tests", "IT_Administrator", "dependency_resolver_o4-mini_group1_0", "librarybench", ""], "setup": {"duration": 0.0015094999980647117, "outcome": "failed", "crash": {"path": "/Users/celine/Research/librarybench/dependency_resolver_o4-mini_group1_0/IT_Administrator/tests/test_pkgmanager.py", "lineno": 16, "message": "NameError: name 'pkgmanager' is not defined"}, "traceback": [{"path": "IT_Administrator/tests/test_pkgmanager.py", "lineno": 16, "message": "NameError"}], "longrepr": "temp_root = '/private/var/folders/y3/jvd7wbrj6z7b2s97x7yyp_jc0000gn/T/pytest-of-celine/pytest-11/test_rollback0'\n\n    @pytest.fixture\n    def manager(temp_root):\n>       return pkgmanager.PackageManager(temp_root)\nE       NameError: name 'pkgmanager' is not defined\n\nIT_Administrator/tests/test_pkgmanager.py:16: NameError"}, "teardown": {"duration": 0.00016087500262074172, "outcome": "passed"}}, {"nodeid": "dependency_resolver_o4-mini_group1_0/IT_Administrator/tests/test_pkgmanager.py::test_version_pinning_and_install", "lineno": 106, "outcome": "error", "keywords": ["test_version_pinning_and_install", "test_pkgmanager.py", "tests", "IT_Administrator", "dependency_resolver_o4-mini_group1_0", "librarybench", ""], "setup": {"duration": 0.0015341660036938265, "outcome": "failed", "crash": {"path": "/Users/celine/Research/librarybench/dependency_resolver_o4-mini_group1_0/IT_Administrator/tests/test_pkgmanager.py", "lineno": 16, "message": "NameError: name 'pkgmanager' is not defined"}, "traceback": [{"path": "IT_Administrator/tests/test_pkgmanager.py", "lineno": 16, "message": "NameError"}], "longrepr": "temp_root = '/private/var/folders/y3/jvd7wbrj6z7b2s97x7yyp_jc0000gn/T/pytest-of-celine/pytest-11/test_version_pinning_and_insta0'\n\n    @pytest.fixture\n    def manager(temp_root):\n>       return pkgmanager.PackageManager(temp_root)\nE       NameError: name 'pkgmanager' is not defined\n\nIT_Administrator/tests/test_pkgmanager.py:16: NameError"}, "teardown": {"duration": 0.0003852079971693456, "outcome": "passed"}}]}