{"created": 1746020651.0083892, "duration": 0.06394696235656738, "exitcode": 1, "root": "/Users/celine/Research/librarybench", "environment": {}, "summary": {"passed": 13, "failed": 4, "total": 17, "collected": 17}, "collectors": [{"nodeid": "", "outcome": "passed", "result": [{"nodeid": "dependency_resolver_Student_o4-mini_iterative", "type": "Dir"}]}, {"nodeid": "dependency_resolver_Student_o4-mini_iterative/env_manager", "outcome": "passed", "result": []}, {"nodeid": "dependency_resolver_Student_o4-mini_iterative/src/env_manager", "outcome": "passed", "result": []}, {"nodeid": "dependency_resolver_Student_o4-mini_iterative/src", "outcome": "passed", "result": [{"nodeid": "dependency_resolver_Student_o4-mini_iterative/src/env_manager", "type": "Package"}]}, {"nodeid": "dependency_resolver_Student_o4-mini_iterative/test_output.txt", "outcome": "passed", "result": []}, {"nodeid": "dependency_resolver_Student_o4-mini_iterative/tests/test_cache.py", "outcome": "passed", "result": [{"nodeid": "dependency_resolver_Student_o4-mini_iterative/tests/test_cache.py::test_cache_fetch", "type": "Function", "lineno": 4}]}, {"nodeid": "dependency_resolver_Student_o4-mini_iterative/tests/test_cli.py", "outcome": "passed", "result": [{"nodeid": "dependency_resolver_Student_o4-mini_iterative/tests/test_cli.py::test_cli_env_commands", "type": "Function", "lineno": 13}, {"nodeid": "dependency_resolver_Student_o4-mini_iterative/tests/test_cli.py::test_cli_install_and_check", "type": "Function", "lineno": 21}, {"nodeid": "dependency_resolver_Student_o4-mini_iterative/tests/test_cli.py::test_cli_explain", "type": "Function", "lineno": 28}, {"nodeid": "dependency_resolver_Student_o4-mini_iterative/tests/test_cli.py::test_cli_lockfile", "type": "Function", "lineno": 34}, {"nodeid": "dependency_resolver_Student_o4-mini_iterative/tests/test_cli.py::test_cli_import", "type": "Function", "lineno": 44}, {"nodeid": "dependency_resolver_Student_o4-mini_iterative/tests/test_cli.py::test_cli_repos", "type": "Function", "lineno": 52}, {"nodeid": "dependency_resolver_Student_o4-mini_iterative/tests/test_cli.py::test_cli_updates", "type": "Function", "lineno": 64}]}, {"nodeid": "dependency_resolver_Student_o4-mini_iterative/tests/test_manager.py", "outcome": "passed", "result": [{"nodeid": "dependency_resolver_Student_o4-mini_iterative/tests/test_manager.py::test_env_crud", "type": "Function", "lineno": 13}, {"nodeid": "dependency_resolver_Student_o4-mini_iterative/tests/test_manager.py::test_install_and_existence", "type": "Function", "lineno": 23}, {"nodeid": "dependency_resolver_Student_o4-mini_iterative/tests/test_manager.py::test_batch_install", "type": "Function", "lineno": 38}, {"nodeid": "dependency_resolver_Student_o4-mini_iterative/tests/test_manager.py::test_lockfile_export_and_install", "type": "Function", "lineno": 44}, {"nodeid": "dependency_resolver_Student_o4-mini_iterative/tests/test_manager.py::test_import_env", "type": "Function", "lineno": 57}, {"nodeid": "dependency_resolver_Student_o4-mini_iterative/tests/test_manager.py::test_update_notifications", "type": "Function", "lineno": 65}]}, {"nodeid": "dependency_resolver_Student_o4-mini_iterative/tests/test_repo.py", "outcome": "passed", "result": [{"nodeid": "dependency_resolver_Student_o4-mini_iterative/tests/test_repo.py::test_default_repo_contains_ABC", "type": "Function", "lineno": 16}, {"nodeid": "dependency_resolver_Student_o4-mini_iterative/tests/test_repo.py::test_add_and_remove_repo", "type": "Function", "lineno": 25}, {"nodeid": "dependency_resolver_Student_o4-mini_iterative/tests/test_repo.py::test_get_package_info_precedence", "type": "Function", "lineno": 34}]}, {"nodeid": "dependency_resolver_Student_o4-mini_iterative/tests", "outcome": "passed", "result": [{"nodeid": "dependency_resolver_Student_o4-mini_iterative/tests/test_cache.py", "type": "Module"}, {"nodeid": "dependency_resolver_Student_o4-mini_iterative/tests/test_cli.py", "type": "Module"}, {"nodeid": "dependency_resolver_Student_o4-mini_iterative/tests/test_manager.py", "type": "Module"}, {"nodeid": "dependency_resolver_Student_o4-mini_iterative/tests/test_repo.py", "type": "Module"}]}, {"nodeid": "dependency_resolver_Student_o4-mini_iterative", "outcome": "passed", "result": [{"nodeid": "dependency_resolver_Student_o4-mini_iterative/env_manager", "type": "Package"}, {"nodeid": "dependency_resolver_Student_o4-mini_iterative/src", "type": "Dir"}, {"nodeid": "dependency_resolver_Student_o4-mini_iterative/test_output.txt", "type": "DoctestTextfile"}, {"nodeid": "dependency_resolver_Student_o4-mini_iterative/tests", "type": "Dir"}]}], "tests": [{"nodeid": "dependency_resolver_Student_o4-mini_iterative/tests/test_cache.py::test_cache_fetch", "lineno": 4, "outcome": "passed", "keywords": ["test_cache_fetch", "test_cache.py", "tests", "dependency_resolver_Student_o4-mini_iterative", "librarybench", ""], "setup": {"duration": 0.001423333989805542, "outcome": "passed"}, "call": {"duration": 0.0001784170017344877, "outcome": "passed"}, "teardown": {"duration": 6.466700870078057e-05, "outcome": "passed"}}, {"nodeid": "dependency_resolver_Student_o4-mini_iterative/tests/test_cli.py::test_cli_env_commands", "lineno": 13, "outcome": "passed", "keywords": ["test_cli_env_commands", "test_cli.py", "tests", "dependency_resolver_Student_o4-mini_iterative", "librarybench", ""], "setup": {"duration": 0.00028316699899733067, "outcome": "passed"}, "call": {"duration": 0.0012754579947795719, "outcome": "passed"}, "teardown": {"duration": 7.266599277500063e-05, "outcome": "passed"}}, {"nodeid": "dependency_resolver_Student_o4-mini_iterative/tests/test_cli.py::test_cli_install_and_check", "lineno": 21, "outcome": "passed", "keywords": ["test_cli_install_and_check", "test_cli.py", "tests", "dependency_resolver_Student_o4-mini_iterative", "librarybench", ""], "setup": {"duration": 0.0002925000007962808, "outcome": "passed"}, "call": {"duration": 0.0009546249930281192, "outcome": "passed"}, "teardown": {"duration": 6.091700925026089e-05, "outcome": "passed"}}, {"nodeid": "dependency_resolver_Student_o4-mini_iterative/tests/test_cli.py::test_cli_explain", "lineno": 28, "outcome": "failed", "keywords": ["test_cli_explain", "test_cli.py", "tests", "dependency_resolver_Student_o4-mini_iterative", "librarybench", ""], "setup": {"duration": 0.0002604999899631366, "outcome": "passed"}, "call": {"duration": 0.0010870419937418774, "outcome": "failed", "crash": {"path": "/Users/celine/Research/librarybench/dependency_resolver_Student_o4-mini_iterative/tests/test_cli.py", "lineno": 33, "message": "AssertionError: assert 'A==' in ''\n +  where '' = <Result KeyError('B')>.stdout"}, "traceback": [{"path": "tests/test_cli.py", "lineno": 33, "message": "AssertionError"}], "longrepr": "runner = <click.testing.CliRunner object at 0x10442cb90>\n\n    def test_cli_explain(runner):\n        runner.invoke(cli, ['env','create','baz'])\n        runner.invoke(cli, ['install','--env','baz','A'])\n        r = runner.invoke(cli, ['explain','--env','baz','A'])\n>       assert 'A==' in r.stdout\nE       AssertionError: assert 'A==' in ''\nE        +  where '' = <Result KeyError('B')>.stdout\n\ntests/test_cli.py:33: AssertionError"}, "teardown": {"duration": 8.087500464171171e-05, "outcome": "passed"}}, {"nodeid": "dependency_resolver_Student_o4-mini_iterative/tests/test_cli.py::test_cli_lockfile", "lineno": 34, "outcome": "passed", "keywords": ["test_cli_lockfile", "test_cli.py", "tests", "dependency_resolver_Student_o4-mini_iterative", "librarybench", ""], "setup": {"duration": 0.00030241700005717576, "outcome": "passed"}, "call": {"duration": 0.0018833749927580357, "outcome": "passed"}, "teardown": {"duration": 6.42079976387322e-05, "outcome": "passed"}}, {"nodeid": "dependency_resolver_Student_o4-mini_iterative/tests/test_cli.py::test_cli_import", "lineno": 44, "outcome": "passed", "keywords": ["test_cli_import", "test_cli.py", "tests", "dependency_resolver_Student_o4-mini_iterative", "librarybench", ""], "setup": {"duration": 0.0002936249948106706, "outcome": "passed"}, "call": {"duration": 0.0008150420035235584, "outcome": "passed"}, "teardown": {"duration": 6.28340058028698e-05, "outcome": "passed"}}, {"nodeid": "dependency_resolver_Student_o4-mini_iterative/tests/test_cli.py::test_cli_repos", "lineno": 52, "outcome": "failed", "keywords": ["test_cli_repos", "test_cli.py", "tests", "dependency_resolver_Student_o4-mini_iterative", "librarybench", ""], "setup": {"duration": 0.00027466699248179793, "outcome": "passed"}, "call": {"duration": 0.0006602920038858429, "outcome": "failed", "crash": {"path": "/Users/celine/Research/librarybench/dependency_resolver_Student_o4-mini_iterative/tests/test_cli.py", "lineno": 61, "message": "AssertionError: assert '/private/var/folders/y3/jvd7wbrj6z7b2s97x7yyp_jc0000gn/T/pytest-of-celine/pytest-108/test_cli_repos0/r.json' in '/Users/celine/Research/librarybench/dependency_resolver_Student_o4-mini_iterative/src/env_manager/default_repo.json\\n'\n +  where '/private/var/folders/y3/jvd7wbrj6z7b2s97x7yyp_jc0000gn/T/pytest-of-celine/pytest-108/test_cli_repos0/r.json' = str(PosixPath('/private/var/folders/y3/jvd7wbrj6z7b2s97x7yyp_jc0000gn/T/pytest-of-celine/pytest-108/test_cli_repos0/r.json'))\n +  and   '/Users/celine/Research/librarybench/dependency_resolver_Student_o4-mini_iterative/src/env_manager/default_repo.json\\n' = <Result okay>.stdout"}, "traceback": [{"path": "tests/test_cli.py", "lineno": 61, "message": "AssertionError"}], "longrepr": "runner = <click.testing.CliRunner object at 0x104409c70>\ntmp_path = PosixPath('/private/var/folders/y3/jvd7wbrj6z7b2s97x7yyp_jc0000gn/T/pytest-of-celine/pytest-108/test_cli_repos0')\n\n    def test_cli_repos(runner, tmp_path):\n        # create a fake repo\n        data = {\"Z\":{\"0.1\": []}}\n        repof = tmp_path/\"r.json\"\n        repof.write_text(json.dumps(data))\n        r1 = runner.invoke(cli, ['repos','add',str(repof)])\n        assert \"Added repo\" in r1.stdout\n        r2 = runner.invoke(cli, ['repos','list'])\n>       assert str(repof) in r2.stdout\nE       AssertionError: assert '/private/var/folders/y3/jvd7wbrj6z7b2s97x7yyp_jc0000gn/T/pytest-of-celine/pytest-108/test_cli_repos0/r.json' in '/Users/celine/Research/librarybench/dependency_resolver_Student_o4-mini_iterative/src/env_manager/default_repo.json\\n'\nE        +  where '/private/var/folders/y3/jvd7wbrj6z7b2s97x7yyp_jc0000gn/T/pytest-of-celine/pytest-108/test_cli_repos0/r.json' = str(PosixPath('/private/var/folders/y3/jvd7wbrj6z7b2s97x7yyp_jc0000gn/T/pytest-of-celine/pytest-108/test_cli_repos0/r.json'))\nE        +  and   '/Users/celine/Research/librarybench/dependency_resolver_Student_o4-mini_iterative/src/env_manager/default_repo.json\\n' = <Result okay>.stdout\n\ntests/test_cli.py:61: AssertionError"}, "teardown": {"duration": 6.954101263545454e-05, "outcome": "passed"}}, {"nodeid": "dependency_resolver_Student_o4-mini_iterative/tests/test_cli.py::test_cli_updates", "lineno": 64, "outcome": "passed", "keywords": ["test_cli_updates", "test_cli.py", "tests", "dependency_resolver_Student_o4-mini_iterative", "librarybench", ""], "setup": {"duration": 0.00028854199626948684, "outcome": "passed"}, "call": {"duration": 0.0010902080102823675, "outcome": "passed"}, "teardown": {"duration": 6.541699985973537e-05, "outcome": "passed"}}, {"nodeid": "dependency_resolver_Student_o4-mini_iterative/tests/test_manager.py::test_env_crud", "lineno": 13, "outcome": "passed", "keywords": ["test_env_crud", "test_manager.py", "tests", "dependency_resolver_Student_o4-mini_iterative", "librarybench", ""], "setup": {"duration": 0.0006554999999934807, "outcome": "passed"}, "call": {"duration": 0.00034920898906420916, "outcome": "passed"}, "teardown": {"duration": 5.8792007621377707e-05, "outcome": "passed"}}, {"nodeid": "dependency_resolver_Student_o4-mini_iterative/tests/test_manager.py::test_install_and_existence", "lineno": 23, "outcome": "failed", "keywords": ["test_install_and_existence", "test_manager.py", "tests", "dependency_resolver_Student_o4-mini_iterative", "librarybench", ""], "setup": {"duration": 0.00036854100471828133, "outcome": "passed"}, "call": {"duration": 0.0005605830083368346, "outcome": "failed", "crash": {"path": "/Users/celine/Research/librarybench/dependency_resolver_Student_o4-mini_iterative/tests/test_manager.py", "lineno": 29, "message": "AssertionError: assert False\n +  where False = package_exists('e1', 'B')\n +    where package_exists = <env_manager.manager.EnvManager object at 0x104456950>.package_exists"}, "traceback": [{"path": "tests/test_manager.py", "lineno": 29, "message": "AssertionError"}], "longrepr": "mgr = <env_manager.manager.EnvManager object at 0x104456950>\n\n    def test_install_and_existence(mgr):\n        mgr.create_env(\"e1\")\n        mgr.install_packages(\"e1\", [\"A\"])\n        # A, B, C should be installed\n        for pkg in [\"A\",\"B\",\"C\"]:\n>           assert mgr.package_exists(\"e1\", pkg)\nE           AssertionError: assert False\nE            +  where False = package_exists('e1', 'B')\nE            +    where package_exists = <env_manager.manager.EnvManager object at 0x104456950>.package_exists\n\ntests/test_manager.py:29: AssertionError"}, "teardown": {"duration": 6.870899233035743e-05, "outcome": "passed"}}, {"nodeid": "dependency_resolver_Student_o4-mini_iterative/tests/test_manager.py::test_batch_install", "lineno": 38, "outcome": "passed", "keywords": ["test_batch_install", "test_manager.py", "tests", "dependency_resolver_Student_o4-mini_iterative", "librarybench", ""], "setup": {"duration": 0.0004472919972613454, "outcome": "passed"}, "call": {"duration": 0.0005509159964276478, "outcome": "passed"}, "teardown": {"duration": 7.500000356230885e-05, "outcome": "passed"}}, {"nodeid": "dependency_resolver_Student_o4-mini_iterative/tests/test_manager.py::test_lockfile_export_and_install", "lineno": 44, "outcome": "passed", "keywords": ["test_lockfile_export_and_install", "test_manager.py", "tests", "dependency_resolver_Student_o4-mini_iterative", "librarybench", ""], "setup": {"duration": 0.00044220799463801086, "outcome": "passed"}, "call": {"duration": 0.001077916007488966, "outcome": "passed"}, "teardown": {"duration": 6.216700421646237e-05, "outcome": "passed"}}, {"nodeid": "dependency_resolver_Student_o4-mini_iterative/tests/test_manager.py::test_import_env", "lineno": 57, "outcome": "passed", "keywords": ["test_import_env", "test_manager.py", "tests", "dependency_resolver_Student_o4-mini_iterative", "librarybench", ""], "setup": {"duration": 0.0004742079909192398, "outcome": "passed"}, "call": {"duration": 0.0004362920008134097, "outcome": "passed"}, "teardown": {"duration": 6.158299220260233e-05, "outcome": "passed"}}, {"nodeid": "dependency_resolver_Student_o4-mini_iterative/tests/test_manager.py::test_update_notifications", "lineno": 65, "outcome": "passed", "keywords": ["test_update_notifications", "test_manager.py", "tests", "dependency_resolver_Student_o4-mini_iterative", "librarybench", ""], "setup": {"duration": 0.0004455839953152463, "outcome": "passed"}, "call": {"duration": 0.000529041004483588, "outcome": "passed"}, "teardown": {"duration": 6.379200203809887e-05, "outcome": "passed"}}, {"nodeid": "dependency_resolver_Student_o4-mini_iterative/tests/test_repo.py::test_default_repo_contains_ABC", "lineno": 16, "outcome": "failed", "keywords": ["test_default_repo_contains_ABC", "test_repo.py", "tests", "dependency_resolver_Student_o4-mini_iterative", "librarybench", ""], "setup": {"duration": 5.099999543745071e-05, "outcome": "passed"}, "call": {"duration": 0.00011441699462011456, "outcome": "failed", "crash": {"path": "/Users/celine/Research/librarybench/dependency_resolver_Student_o4-mini_iterative/tests/test_repo.py", "lineno": 20, "message": "AssertionError: assert 'A' in '/Users/celine/Research/librarybench/dependency_resolver_Student_o4-mini_iterative/src/env_manager/default_repo.json'"}, "traceback": [{"path": "tests/test_repo.py", "lineno": 20, "message": "AssertionError"}], "longrepr": "def test_default_repo_contains_ABC():\n        rm = RepositoryManager()\n        # default repo has A, B, C\n>       assert \"A\" in rm.list_repos()[0]  # path ends with default_repo.json\nE       AssertionError: assert 'A' in '/Users/celine/Research/librarybench/dependency_resolver_Student_o4-mini_iterative/src/env_manager/default_repo.json'\n\ntests/test_repo.py:20: AssertionError"}, "teardown": {"duration": 5.324999801814556e-05, "outcome": "passed"}}, {"nodeid": "dependency_resolver_Student_o4-mini_iterative/tests/test_repo.py::test_add_and_remove_repo", "lineno": 25, "outcome": "passed", "keywords": ["test_add_and_remove_repo", "test_repo.py", "tests", "dependency_resolver_Student_o4-mini_iterative", "librarybench", ""], "setup": {"duration": 0.00040499999886378646, "outcome": "passed"}, "call": {"duration": 0.00012420800339896232, "outcome": "passed"}, "teardown": {"duration": 5.587500345427543e-05, "outcome": "passed"}}, {"nodeid": "dependency_resolver_Student_o4-mini_iterative/tests/test_repo.py::test_get_package_info_precedence", "lineno": 34, "outcome": "passed", "keywords": ["test_get_package_info_precedence", "test_repo.py", "tests", "dependency_resolver_Student_o4-mini_iterative", "librarybench", ""], "setup": {"duration": 0.00035591699997894466, "outcome": "passed"}, "call": {"duration": 0.00011129099584650248, "outcome": "passed"}, "teardown": {"duration": 9.754099301062524e-05, "outcome": "passed"}}]}