{"created": 1747352938.6281407, "duration": 1.5000009536743164, "exitcode": 1, "root": "/home/justinchiu_cohere_com/librarybench/projects/file_system_analyzer/unified", "environment": {}, "summary": {"passed": 104, "failed": 3, "total": 107, "collected": 107}, "collectors": [{"nodeid": "", "outcome": "passed", "result": [{"nodeid": "tests", "type": "Package"}]}, {"nodeid": "tests/db_admin/backup_compression/test_compression_analyzer.py", "outcome": "passed", "result": [{"nodeid": "tests/db_admin/backup_compression/test_compression_analyzer.py::test_analyzer_initialization", "type": "Function", "lineno": 13}, {"nodeid": "tests/db_admin/backup_compression/test_compression_analyzer.py::test_calculate_compression_metrics", "type": "Function", "lineno": 22}, {"nodeid": "tests/db_admin/backup_compression/test_compression_analyzer.py::test_compare_algorithms", "type": "Function", "lineno": 53}, {"nodeid": "tests/db_admin/backup_compression/test_compression_analyzer.py::test_analyze_retention_efficiency", "type": "Function", "lineno": 86}, {"nodeid": "tests/db_admin/backup_compression/test_compression_analyzer.py::test_generate_recommendations", "type": "Function", "lineno": 116}, {"nodeid": "tests/db_admin/backup_compression/test_compression_analyzer.py::test_analyze_backup_compression", "type": "Function", "lineno": 173}]}, {"nodeid": "tests/db_admin/backup_compression", "outcome": "passed", "result": [{"nodeid": "tests/db_admin/backup_compression/test_compression_analyzer.py", "type": "Module"}]}, {"nodeid": "tests/db_admin/db_file_recognition/test_detector.py", "outcome": "passed", "result": [{"nodeid": "tests/db_admin/db_file_recognition/test_detector.py::test_detector_initialization", "type": "Function", "lineno": 11}, {"nodeid": "tests/db_admin/db_file_recognition/test_detector.py::test_detect_engine_from_path", "type": "Function", "lineno": 19}, {"nodeid": "tests/db_admin/db_file_recognition/test_detector.py::test_detect_category_from_path", "type": "Function", "lineno": 39}, {"nodeid": "tests/db_admin/db_file_recognition/test_detector.py::test_analyze_file", "type": "Function", "lineno": 61}, {"nodeid": "tests/db_admin/db_file_recognition/test_detector.py::test_scan_directory", "type": "Function", "lineno": 87}, {"nodeid": "tests/db_admin/db_file_recognition/test_detector.py::test_invalid_directory", "type": "Function", "lineno": 125}]}, {"nodeid": "tests/db_admin/db_file_recognition", "outcome": "passed", "result": [{"nodeid": "tests/db_admin/db_file_recognition/test_detector.py", "type": "Module"}]}, {"nodeid": "tests/db_admin/index_efficiency/test_index_analyzer.py", "outcome": "passed", "result": [{"nodeid": "tests/db_admin/index_efficiency/test_index_analyzer.py::test_analyzer_initialization", "type": "Function", "lineno": 12}, {"nodeid": "tests/db_admin/index_efficiency/test_index_analyzer.py::test_detect_redundant_indexes", "type": "Function", "lineno": 20}, {"nodeid": "tests/db_admin/index_efficiency/test_index_analyzer.py::test_calculate_space_performance_ratio", "type": "Function", "lineno": 40}, {"nodeid": "tests/db_admin/index_efficiency/test_index_analyzer.py::test_detect_unused_indexes", "type": "Function", "lineno": 62}, {"nodeid": "tests/db_admin/index_efficiency/test_index_analyzer.py::test_calculate_index_metrics", "type": "Function", "lineno": 80}, {"nodeid": "tests/db_admin/index_efficiency/test_index_analyzer.py::test_categorize_indexes", "type": "Function", "lineno": 107}, {"nodeid": "tests/db_admin/index_efficiency/test_index_analyzer.py::test_generate_recommendations", "type": "Function", "lineno": 130}, {"nodeid": "tests/db_admin/index_efficiency/test_index_analyzer.py::test_analyze_indexes", "type": "Function", "lineno": 160}]}, {"nodeid": "tests/db_admin/index_efficiency", "outcome": "passed", "result": [{"nodeid": "tests/db_admin/index_efficiency/test_index_analyzer.py", "type": "Module"}]}, {"nodeid": "tests/db_admin/interfaces/test_api.py", "outcome": "passed", "result": [{"nodeid": "tests/db_admin/interfaces/test_api.py::test_api_initialization", "type": "Function", "lineno": 15}, {"nodeid": "tests/db_admin/interfaces/test_api.py::test_analyze_database_files", "type": "Function", "lineno": 31}, {"nodeid": "tests/db_admin/interfaces/test_api.py::test_analyze_transaction_logs", "type": "Function", "lineno": 76}, {"nodeid": "tests/db_admin/interfaces/test_api.py::test_analyze_index_efficiency", "type": "Function", "lineno": 105}, {"nodeid": "tests/db_admin/interfaces/test_api.py::test_analyze_tablespace_fragmentation", "type": "Function", "lineno": 137}, {"nodeid": "tests/db_admin/interfaces/test_api.py::test_analyze_backup_compression", "type": "Function", "lineno": 167}, {"nodeid": "tests/db_admin/interfaces/test_api.py::test_comprehensive_analysis", "type": "Function", "lineno": 193}]}, {"nodeid": "tests/db_admin/interfaces", "outcome": "passed", "result": [{"nodeid": "tests/db_admin/interfaces/test_api.py", "type": "Module"}]}, {"nodeid": "tests/db_admin/mock_data/mongodb/backups", "outcome": "passed", "result": []}, {"nodeid": "tests/db_admin/mock_data/mongodb/config", "outcome": "passed", "result": []}, {"nodeid": "tests/db_admin/mock_data/mongodb/data", "outcome": "passed", "result": []}, {"nodeid": "tests/db_admin/mock_data/mongodb/journal", "outcome": "passed", "result": []}, {"nodeid": "tests/db_admin/mock_data/mongodb/log", "outcome": "passed", "result": []}, {"nodeid": "tests/db_admin/mock_data/mongodb", "outcome": "passed", "result": [{"nodeid": "tests/db_admin/mock_data/mongodb/backups", "type": "Package"}, {"nodeid": "tests/db_admin/mock_data/mongodb/config", "type": "Package"}, {"nodeid": "tests/db_admin/mock_data/mongodb/data", "type": "Package"}, {"nodeid": "tests/db_admin/mock_data/mongodb/journal", "type": "Package"}, {"nodeid": "tests/db_admin/mock_data/mongodb/log", "type": "Package"}]}, {"nodeid": "tests/db_admin/mock_data/mysql/backups", "outcome": "passed", "result": []}, {"nodeid": "tests/db_admin/mock_data/mysql/config", "outcome": "passed", "result": []}, {"nodeid": "tests/db_admin/mock_data/mysql/data", "outcome": "passed", "result": []}, {"nodeid": "tests/db_admin/mock_data/mysql/logs", "outcome": "passed", "result": []}, {"nodeid": "tests/db_admin/mock_data/mysql", "outcome": "passed", "result": [{"nodeid": "tests/db_admin/mock_data/mysql/backups", "type": "Package"}, {"nodeid": "tests/db_admin/mock_data/mysql/config", "type": "Package"}, {"nodeid": "tests/db_admin/mock_data/mysql/data", "type": "Package"}, {"nodeid": "tests/db_admin/mock_data/mysql/logs", "type": "Package"}]}, {"nodeid": "tests/db_admin/mock_data/postgresql/backups", "outcome": "passed", "result": []}, {"nodeid": "tests/db_admin/mock_data/postgresql/config", "outcome": "passed", "result": []}, {"nodeid": "tests/db_admin/mock_data/postgresql/data/base/16384", "outcome": "passed", "result": []}, {"nodeid": "tests/db_admin/mock_data/postgresql/data/base", "outcome": "passed", "result": [{"nodeid": "tests/db_admin/mock_data/postgresql/data/base/16384", "type": "Package"}]}, {"nodeid": "tests/db_admin/mock_data/postgresql/data", "outcome": "passed", "result": [{"nodeid": "tests/db_admin/mock_data/postgresql/data/base", "type": "Package"}]}, {"nodeid": "tests/db_admin/mock_data/postgresql/pg_log", "outcome": "passed", "result": []}, {"nodeid": "tests/db_admin/mock_data/postgresql/pg_xlog", "outcome": "passed", "result": []}, {"nodeid": "tests/db_admin/mock_data/postgresql", "outcome": "passed", "result": [{"nodeid": "tests/db_admin/mock_data/postgresql/backups", "type": "Package"}, {"nodeid": "tests/db_admin/mock_data/postgresql/config", "type": "Package"}, {"nodeid": "tests/db_admin/mock_data/postgresql/data", "type": "Package"}, {"nodeid": "tests/db_admin/mock_data/postgresql/pg_log", "type": "Package"}, {"nodeid": "tests/db_admin/mock_data/postgresql/pg_xlog", "type": "Package"}]}, {"nodeid": "tests/db_admin/mock_data", "outcome": "passed", "result": [{"nodeid": "tests/db_admin/mock_data/mongodb", "type": "Package"}, {"nodeid": "tests/db_admin/mock_data/mysql", "type": "Package"}, {"nodeid": "tests/db_admin/mock_data/postgresql", "type": "Package"}]}, {"nodeid": "tests/db_admin/tablespace_fragmentation/test_fragmentation_analyzer.py", "outcome": "passed", "result": [{"nodeid": "tests/db_admin/tablespace_fragmentation/test_fragmentation_analyzer.py::test_analyzer_initialization", "type": "Function", "lineno": 15}, {"nodeid": "tests/db_admin/tablespace_fragmentation/test_fragmentation_analyzer.py::test_detect_fragmentation_severity", "type": "Function", "lineno": 24}, {"nodeid": "tests/db_admin/tablespace_fragmentation/test_fragmentation_analyzer.py::test_analyze_free_space_distribution", "type": "Function", "lineno": 40}, {"nodeid": "tests/db_admin/tablespace_fragmentation/test_fragmentation_analyzer.py::test_estimate_reorganization_benefit", "type": "Function", "lineno": 64}, {"nodeid": "tests/db_admin/tablespace_fragmentation/test_fragmentation_analyzer.py::test_calculate_optimal_fill_factor", "type": "Function", "lineno": 97}, {"nodeid": "tests/db_admin/tablespace_fragmentation/test_fragmentation_analyzer.py::test_generate_visualization_data", "type": "Function", "lineno": 123}, {"nodeid": "tests/db_admin/tablespace_fragmentation/test_fragmentation_analyzer.py::test_generate_recommendations", "type": "Function", "lineno": 149}, {"nodeid": "tests/db_admin/tablespace_fragmentation/test_fragmentation_analyzer.py::test_analyze_tablespace_fragmentation", "type": "Function", "lineno": 220}]}, {"nodeid": "tests/db_admin/tablespace_fragmentation", "outcome": "passed", "result": [{"nodeid": "tests/db_admin/tablespace_fragmentation/test_fragmentation_analyzer.py", "type": "Module"}]}, {"nodeid": "tests/db_admin/transaction_log_analysis/test_log_analyzer.py", "outcome": "passed", "result": [{"nodeid": "tests/db_admin/transaction_log_analysis/test_log_analyzer.py::test_analyzer_initialization", "type": "Function", "lineno": 14}, {"nodeid": "tests/db_admin/transaction_log_analysis/test_log_analyzer.py::test_analyze_log_files", "type": "Function", "lineno": 22}, {"nodeid": "tests/db_admin/transaction_log_analysis/test_log_analyzer.py::test_detect_growth_pattern", "type": "Function", "lineno": 41}, {"nodeid": "tests/db_admin/transaction_log_analysis/test_log_analyzer.py::test_correlate_with_operations", "type": "Function", "lineno": 92}, {"nodeid": "tests/db_admin/transaction_log_analysis/test_log_analyzer.py::test_generate_retention_recommendations", "type": "Function", "lineno": 143}, {"nodeid": "tests/db_admin/transaction_log_analysis/test_log_analyzer.py::test_analyze_logs", "type": "Function", "lineno": 170}]}, {"nodeid": "tests/db_admin/transaction_log_analysis", "outcome": "passed", "result": [{"nodeid": "tests/db_admin/transaction_log_analysis/test_log_analyzer.py", "type": "Module"}]}, {"nodeid": "tests/db_admin/utils/test_file_utils.py", "outcome": "passed", "result": [{"nodeid": "tests/db_admin/utils/test_file_utils.py::test_get_file_stats", "type": "Function", "lineno": 16}, {"nodeid": "tests/db_admin/utils/test_file_utils.py::test_find_files", "type": "Function", "lineno": 43}, {"nodeid": "tests/db_admin/utils/test_file_utils.py::test_calculate_dir_size", "type": "Function", "lineno": 70}, {"nodeid": "tests/db_admin/utils/test_file_utils.py::test_get_disk_usage", "type": "Function", "lineno": 87}, {"nodeid": "tests/db_admin/utils/test_file_utils.py::test_estimate_file_growth_rate", "type": "Function", "lineno": 104}]}, {"nodeid": "tests/db_admin/utils", "outcome": "passed", "result": [{"nodeid": "tests/db_admin/utils/test_file_utils.py", "type": "Module"}]}, {"nodeid": "tests/db_admin", "outcome": "passed", "result": [{"nodeid": "tests/db_admin/backup_compression", "type": "Package"}, {"nodeid": "tests/db_admin/db_file_recognition", "type": "Package"}, {"nodeid": "tests/db_admin/index_efficiency", "type": "Package"}, {"nodeid": "tests/db_admin/interfaces", "type": "Package"}, {"nodeid": "tests/db_admin/mock_data", "type": "Package"}, {"nodeid": "tests/db_admin/tablespace_fragmentation", "type": "Package"}, {"nodeid": "tests/db_admin/transaction_log_analysis", "type": "Package"}, {"nodeid": "tests/db_admin/utils", "type": "Package"}]}, {"nodeid": "tests/security_auditor/test_audit.py::TestAuditEntry", "outcome": "passed", "result": [{"nodeid": "tests/security_auditor/test_audit.py::TestAuditEntry::test_audit_entry_creation", "type": "Function", "lineno": 26}, {"nodeid": "tests/security_auditor/test_audit.py::TestAuditEntry::test_audit_entry_hashing", "type": "Function", "lineno": 45}, {"nodeid": "tests/security_auditor/test_audit.py::TestAuditEntry::test_audit_entry_serialization", "type": "Function", "lineno": 75}]}, {"nodeid": "tests/security_auditor/test_audit.py::TestAuditLog", "outcome": "passed", "result": [{"nodeid": "tests/security_auditor/test_audit.py::TestAuditLog::test_audit_log_creation", "type": "Function", "lineno": 110}, {"nodeid": "tests/security_auditor/test_audit.py::TestAuditLog::test_add_entries", "type": "Function", "lineno": 121}, {"nodeid": "tests/security_auditor/test_audit.py::TestAuditLog::test_log_integrity_verification", "type": "Function", "lineno": 150}, {"nodeid": "tests/security_auditor/test_audit.py::TestAuditLog::test_log_serialization", "type": "Function", "lineno": 176}]}, {"nodeid": "tests/security_auditor/test_audit.py::TestAuditLogger", "outcome": "passed", "result": [{"nodeid": "tests/security_auditor/test_audit.py::TestAuditLogger::test_logger_initialization", "type": "Function", "lineno": 204}, {"nodeid": "tests/security_auditor/test_audit.py::TestAuditLogger::test_logging_events", "type": "Function", "lineno": 215}, {"nodeid": "tests/security_auditor/test_audit.py::TestAuditLogger::test_logger_with_crypto_provider", "type": "Function", "lineno": 244}, {"nodeid": "tests/security_auditor/test_audit.py::TestAuditLogger::test_saving_and_loading_log", "type": "Function", "lineno": 275}, {"nodeid": "tests/security_auditor/test_audit.py::TestAuditLogger::test_filtering_log_entries", "type": "Function", "lineno": 304}]}, {"nodeid": "tests/security_auditor/test_audit.py", "outcome": "passed", "result": [{"nodeid": "tests/security_auditor/test_audit.py::TestAuditEntry", "type": "Class"}, {"nodeid": "tests/security_auditor/test_audit.py::TestAuditLog", "type": "Class"}, {"nodeid": "tests/security_auditor/test_audit.py::TestAuditLogger", "type": "Class"}]}, {"nodeid": "tests/security_auditor/test_custody.py::TestEvidenceItems", "outcome": "passed", "result": [{"nodeid": "tests/security_auditor/test_custody.py::TestEvidenceItems::test_evidence_item_creation", "type": "Function", "lineno": 29}, {"nodeid": "tests/security_auditor/test_custody.py::TestEvidenceItems::test_evidence_access_logging", "type": "Function", "lineno": 56}]}, {"nodeid": "tests/security_auditor/test_custody.py::TestEvidencePackage", "outcome": "passed", "result": [{"nodeid": "tests/security_auditor/test_custody.py::TestEvidencePackage::test_package_creation", "type": "Function", "lineno": 80}, {"nodeid": "tests/security_auditor/test_custody.py::TestEvidencePackage::test_add_evidence_items", "type": "Function", "lineno": 96}, {"nodeid": "tests/security_auditor/test_custody.py::TestEvidencePackage::test_package_signing_and_verification", "type": "Function", "lineno": 136}, {"nodeid": "tests/security_auditor/test_custody.py::TestEvidencePackage::test_log_access", "type": "Function", "lineno": 178}]}, {"nodeid": "tests/security_auditor/test_custody.py::TestEvidencePackager", "outcome": "passed", "result": [{"nodeid": "tests/security_auditor/test_custody.py::TestEvidencePackager::test_create_evidence_package", "type": "Function", "lineno": 215}, {"nodeid": "tests/security_auditor/test_custody.py::TestEvidencePackager::test_add_file_to_package", "type": "Function", "lineno": 231}, {"nodeid": "tests/security_auditor/test_custody.py::TestEvidencePackager::test_verify_package_item", "type": "Function", "lineno": 262}, {"nodeid": "tests/security_auditor/test_custody.py::TestEvidencePackager::test_export_and_import_package", "type": "Function", "lineno": 292}]}, {"nodeid": "tests/security_auditor/test_custody.py", "outcome": "passed", "result": [{"nodeid": "tests/security_auditor/test_custody.py::TestEvidenceItems", "type": "Class"}, {"nodeid": "tests/security_auditor/test_custody.py::TestEvidencePackage", "type": "Class"}, {"nodeid": "tests/security_auditor/test_custody.py::TestEvidencePackager", "type": "Class"}]}, {"nodeid": "tests/security_auditor/test_detection.py::TestPatterns", "outcome": "passed", "result": [{"nodeid": "tests/security_auditor/test_detection.py::TestPatterns::test_pattern_definitions_exist", "type": "Function", "lineno": 30}, {"nodeid": "tests/security_auditor/test_detection.py::TestPatterns::test_pattern_matching", "type": "Function", "lineno": 40}, {"nodeid": "tests/security_auditor/test_detection.py::TestPatterns::test_pattern_validators", "type": "Function", "lineno": 61}, {"nodeid": "tests/security_auditor/test_detection.py::TestPatterns::test_get_patterns_by_category", "type": "Function", "lineno": 75}, {"nodeid": "tests/security_auditor/test_detection.py::TestPatterns::test_get_patterns_by_sensitivity", "type": "Function", "lineno": 85}]}, {"nodeid": "tests/security_auditor/test_detection.py::TestScanner", "outcome": "passed", "result": [{"nodeid": "tests/security_auditor/test_detection.py::TestScanner::test_scanner_initialization", "type": "Function", "lineno": 99}, {"nodeid": "tests/security_auditor/test_detection.py::TestScanner::test_file_ignore_rules", "type": "Function", "lineno": 118}, {"nodeid": "tests/security_auditor/test_detection.py::TestScanner::test_scan_file_with_sensitive_data", "type": "Function", "lineno": 140}, {"nodeid": "tests/security_auditor/test_detection.py::TestScanner::test_scan_file_without_sensitive_data", "type": "Function", "lineno": 162}, {"nodeid": "tests/security_auditor/test_detection.py::TestScanner::test_scan_binary_file", "type": "Function", "lineno": 180}, {"nodeid": "tests/security_auditor/test_detection.py::TestScanner::test_scan_directory", "type": "Function", "lineno": 193}, {"nodeid": "tests/security_auditor/test_detection.py::TestScanner::test_scan_nonexistent_file", "type": "Function", "lineno": 238}, {"nodeid": "tests/security_auditor/test_detection.py::TestScanner::test_scan_options_with_specific_patterns", "type": "Function", "lineno": 245}]}, {"nodeid": "tests/security_auditor/test_detection.py", "outcome": "passed", "result": [{"nodeid": "tests/security_auditor/test_detection.py::TestPatterns", "type": "Class"}, {"nodeid": "tests/security_auditor/test_detection.py::TestScanner", "type": "Class"}]}, {"nodeid": "tests/security_auditor/test_differential.py::TestBaseline", "outcome": "passed", "result": [{"nodeid": "tests/security_auditor/test_differential.py::TestBaseline::test_baseline_creation", "type": "Function", "lineno": 35}, {"nodeid": "tests/security_auditor/test_differential.py::TestBaseline::test_baseline_signing_and_verification", "type": "Function", "lineno": 51}]}, {"nodeid": "tests/security_auditor/test_differential.py::TestDifferentialAnalyzer", "outcome": "passed", "result": [{"nodeid": "tests/security_auditor/test_differential.py::TestDifferentialAnalyzer::test_create_baseline", "type": "Function", "lineno": 234}, {"nodeid": "tests/security_auditor/test_differential.py::TestDifferentialAnalyzer::test_save_and_load_baseline", "type": "Function", "lineno": 261}, {"nodeid": "tests/security_auditor/test_differential.py::TestDifferentialAnalyzer::test_signed_baseline", "type": "Function", "lineno": 295}, {"nodeid": "tests/security_auditor/test_differential.py::TestDifferentialAnalyzer::test_compare_unchanged", "type": "Function", "lineno": 321}, {"nodeid": "tests/security_auditor/test_differential.py::TestDifferentialAnalyzer::test_compare_with_changes", "type": "Function", "lineno": 345}, {"nodeid": "tests/security_auditor/test_differential.py::TestDifferentialAnalyzer::test_compare_with_removals", "type": "Function", "lineno": 384}]}, {"nodeid": "tests/security_auditor/test_differential.py", "outcome": "passed", "result": [{"nodeid": "tests/security_auditor/test_differential.py::TestBaseline", "type": "Class"}, {"nodeid": "tests/security_auditor/test_differential.py::TestDifferentialAnalyzer", "type": "Class"}]}, {"nodeid": "tests/security_auditor/test_reporting.py::TestComplianceFrameworks", "outcome": "passed", "result": [{"nodeid": "tests/security_auditor/test_reporting.py::TestComplianceFrameworks::test_framework_registry", "type": "Function", "lineno": 44}, {"nodeid": "tests/security_auditor/test_reporting.py::TestComplianceFrameworks::test_gdpr_framework", "type": "Function", "lineno": 71}, {"nodeid": "tests/security_auditor/test_reporting.py::TestComplianceFrameworks::test_hipaa_framework", "type": "Function", "lineno": 90}, {"nodeid": "tests/security_auditor/test_reporting.py::TestComplianceFrameworks::test_pci_dss_framework", "type": "Function", "lineno": 104}, {"nodeid": "tests/security_auditor/test_reporting.py::TestComplianceFrameworks::test_sox_framework", "type": "Function", "lineno": 118}, {"nodeid": "tests/security_auditor/test_reporting.py::TestComplianceFrameworks::test_frameworks_for_category", "type": "Function", "lineno": 132}]}, {"nodeid": "tests/security_auditor/test_reporting.py::TestReportGeneration", "outcome": "passed", "result": [{"nodeid": "tests/security_auditor/test_reporting.py::TestReportGeneration::test_report_generator_gdpr", "type": "Function", "lineno": 231}, {"nodeid": "tests/security_auditor/test_reporting.py::TestReportGeneration::test_report_generator_pci", "type": "Function", "lineno": 259}, {"nodeid": "tests/security_auditor/test_reporting.py::TestReportGeneration::test_report_metrics", "type": "Function", "lineno": 287}, {"nodeid": "tests/security_auditor/test_reporting.py::TestReportGeneration::test_report_serialization", "type": "Function", "lineno": 303}, {"nodeid": "tests/security_auditor/test_reporting.py::TestReportGeneration::test_report_signing_and_verification", "type": "Function", "lineno": 324}, {"nodeid": "tests/security_auditor/test_reporting.py::TestReportGeneration::test_report_saving", "type": "Function", "lineno": 361}]}, {"nodeid": "tests/security_auditor/test_reporting.py", "outcome": "passed", "result": [{"nodeid": "tests/security_auditor/test_reporting.py::TestComplianceFrameworks", "type": "Class"}, {"nodeid": "tests/security_auditor/test_reporting.py::TestReportGeneration", "type": "Class"}]}, {"nodeid": "tests/security_auditor/test_scanner.py::TestComplianceScanOptions", "outcome": "passed", "result": [{"nodeid": "tests/security_auditor/test_scanner.py::TestComplianceScanOptions::test_default_options", "type": "Function", "lineno": 32}, {"nodeid": "tests/security_auditor/test_scanner.py::TestComplianceScanOptions::test_custom_options", "type": "Function", "lineno": 49}]}, {"nodeid": "tests/security_auditor/test_scanner.py::TestComplianceScanner", "outcome": "passed", "result": [{"nodeid": "tests/security_auditor/test_scanner.py::TestComplianceScanner::test_scanner_initialization", "type": "Function", "lineno": 86}, {"nodeid": "tests/security_auditor/test_scanner.py::TestComplianceScanner::test_scan_directory", "type": "Function", "lineno": 117}, {"nodeid": "tests/security_auditor/test_scanner.py::TestComplianceScanner::test_differential_scan", "type": "Function", "lineno": 153}, {"nodeid": "tests/security_auditor/test_scanner.py::TestComplianceScanner::test_error_handling", "type": "Function", "lineno": 196}]}, {"nodeid": "tests/security_auditor/test_scanner.py", "outcome": "passed", "result": [{"nodeid": "tests/security_auditor/test_scanner.py::TestComplianceScanOptions", "type": "Class"}, {"nodeid": "tests/security_auditor/test_scanner.py::TestComplianceScanner", "type": "Class"}]}, {"nodeid": "tests/security_auditor", "outcome": "passed", "result": [{"nodeid": "tests/security_auditor/test_audit.py", "type": "Module"}, {"nodeid": "tests/security_auditor/test_custody.py", "type": "Module"}, {"nodeid": "tests/security_auditor/test_detection.py", "type": "Module"}, {"nodeid": "tests/security_auditor/test_differential.py", "type": "Module"}, {"nodeid": "tests/security_auditor/test_reporting.py", "type": "Module"}, {"nodeid": "tests/security_auditor/test_scanner.py", "type": "Module"}]}, {"nodeid": "tests", "outcome": "passed", "result": [{"nodeid": "tests/db_admin", "type": "Package"}, {"nodeid": "tests/security_auditor", "type": "Package"}]}], "tests": [{"nodeid": "tests/db_admin/backup_compression/test_compression_analyzer.py::test_analyzer_initialization", "lineno": 13, "outcome": "passed", "keywords": ["test_analyzer_initialization", "test_compression_analyzer.py", "backup_compression", "db_admin", "tests", "unified", ""], "setup": {"duration": 0.0013067119289189577, "outcome": "passed"}, "call": {"duration": 0.00032023200765252113, "outcome": "passed"}, "teardown": {"duration": 0.00027908477932214737, "outcome": "passed"}}, {"nodeid": "tests/db_admin/backup_compression/test_compression_analyzer.py::test_calculate_compression_metrics", "lineno": 22, "outcome": "passed", "keywords": ["test_calculate_compression_metrics", "test_compression_analyzer.py", "backup_compression", "db_admin", "tests", "unified", ""], "setup": {"duration": 0.00037431204691529274, "outcome": "passed"}, "call": {"duration": 0.00038885907270014286, "outcome": "passed"}, "teardown": {"duration": 0.00020412402227520943, "outcome": "passed"}}, {"nodeid": "tests/db_admin/backup_compression/test_compression_analyzer.py::test_compare_algorithms", "lineno": 53, "outcome": "passed", "keywords": ["test_compare_algorithms", "test_compression_analyzer.py", "backup_compression", "db_admin", "tests", "unified", ""], "setup": {"duration": 0.00026961020193994045, "outcome": "passed"}, "call": {"duration": 0.0005499380640685558, "outcome": "passed"}, "teardown": {"duration": 0.00019182497635483742, "outcome": "passed"}}, {"nodeid": "tests/db_admin/backup_compression/test_compression_analyzer.py::test_analyze_retention_efficiency", "lineno": 86, "outcome": "passed", "keywords": ["test_analyze_retention_efficiency", "test_compression_analyzer.py", "backup_compression", "db_admin", "tests", "unified", ""], "setup": {"duration": 0.0002453529741615057, "outcome": "passed"}, "call": {"duration": 0.0005225460045039654, "outcome": "passed"}, "teardown": {"duration": 0.0001803007908165455, "outcome": "passed"}}, {"nodeid": "tests/db_admin/backup_compression/test_compression_analyzer.py::test_generate_recommendations", "lineno": 116, "outcome": "passed", "keywords": ["test_generate_recommendations", "test_compression_analyzer.py", "backup_compression", "db_admin", "tests", "unified", ""], "setup": {"duration": 0.0002542240545153618, "outcome": "passed"}, "call": {"duration": 0.0008405358530580997, "outcome": "passed"}, "teardown": {"duration": 0.00018478697165846825, "outcome": "passed"}}, {"nodeid": "tests/db_admin/backup_compression/test_compression_analyzer.py::test_analyze_backup_compression", "lineno": 173, "outcome": "passed", "keywords": ["test_analyze_backup_compression", "test_compression_analyzer.py", "backup_compression", "db_admin", "tests", "unified", ""], "setup": {"duration": 0.000260454835370183, "outcome": "passed"}, "call": {"duration": 0.0012622890062630177, "outcome": "passed"}, "teardown": {"duration": 0.0001946939155459404, "outcome": "passed"}}, {"nodeid": "tests/db_admin/db_file_recognition/test_detector.py::test_detector_initialization", "lineno": 11, "outcome": "passed", "keywords": ["test_detector_initialization", "test_detector.py", "db_file_recognition", "db_admin", "tests", "unified", ""], "setup": {"duration": 0.0005704420618712902, "outcome": "passed"}, "call": {"duration": 0.0002694129943847656, "outcome": "passed"}, "teardown": {"duration": 0.00015354016795754433, "outcome": "passed"}}, {"nodeid": "tests/db_admin/db_file_recognition/test_detector.py::test_detect_engine_from_path", "lineno": 19, "outcome": "passed", "keywords": ["test_detect_engine_from_path", "test_detector.py", "db_file_recognition", "db_admin", "tests", "unified", ""], "setup": {"duration": 0.00016483012586832047, "outcome": "passed"}, "call": {"duration": 0.0006395988166332245, "outcome": "passed"}, "teardown": {"duration": 0.00015610689297318459, "outcome": "passed"}}, {"nodeid": "tests/db_admin/db_file_recognition/test_detector.py::test_detect_category_from_path", "lineno": 39, "outcome": "passed", "keywords": ["test_detect_category_from_path", "test_detector.py", "db_file_recognition", "db_admin", "tests", "unified", ""], "setup": {"duration": 0.00017249304801225662, "outcome": "passed"}, "call": {"duration": 0.0006361999548971653, "outcome": "passed"}, "teardown": {"duration": 0.00015144702047109604, "outcome": "passed"}}, {"nodeid": "tests/db_admin/db_file_recognition/test_detector.py::test_analyze_file", "lineno": 61, "outcome": "passed", "keywords": ["test_analyze_file", "test_detector.py", "db_file_recognition", "db_admin", "tests", "unified", ""], "setup": {"duration": 0.00026761204935610294, "outcome": "passed"}, "call": {"duration": 0.0010370430536568165, "outcome": "passed"}, "teardown": {"duration": 0.00018457602709531784, "outcome": "passed"}}, {"nodeid": "tests/db_admin/db_file_recognition/test_detector.py::test_scan_directory", "lineno": 87, "outcome": "passed", "keywords": ["test_scan_directory", "test_detector.py", "db_file_recognition", "db_admin", "tests", "unified", ""], "setup": {"duration": 0.0002585682086646557, "outcome": "passed"}, "call": {"duration": 0.06884424691088498, "outcome": "passed"}, "teardown": {"duration": 0.0001966829877346754, "outcome": "passed"}}, {"nodeid": "tests/db_admin/db_file_recognition/test_detector.py::test_invalid_directory", "lineno": 125, "outcome": "passed", "keywords": ["test_invalid_directory", "test_detector.py", "db_file_recognition", "db_admin", "tests", "unified", ""], "setup": {"duration": 0.00017149606719613075, "outcome": "passed"}, "call": {"duration": 0.00031451601535081863, "outcome": "passed"}, "teardown": {"duration": 0.00016057584434747696, "outcome": "passed"}}, {"nodeid": "tests/db_admin/index_efficiency/test_index_analyzer.py::test_analyzer_initialization", "lineno": 12, "outcome": "passed", "keywords": ["test_analyzer_initialization", "test_index_analyzer.py", "index_efficiency", "db_admin", "tests", "unified", ""], "setup": {"duration": 0.0005303448997437954, "outcome": "passed"}, "call": {"duration": 0.0002331810537725687, "outcome": "passed"}, "teardown": {"duration": 0.0001468299888074398, "outcome": "passed"}}, {"nodeid": "tests/db_admin/index_efficiency/test_index_analyzer.py::test_detect_redundant_indexes", "lineno": 20, "outcome": "passed", "keywords": ["test_detect_redundant_indexes", "test_index_analyzer.py", "index_efficiency", "db_admin", "tests", "unified", ""], "setup": {"duration": 0.0003031750675290823, "outcome": "passed"}, "call": {"duration": 0.00026173004880547523, "outcome": "passed"}, "teardown": {"duration": 0.0001695828977972269, "outcome": "passed"}}, {"nodeid": "tests/db_admin/index_efficiency/test_index_analyzer.py::test_calculate_space_performance_ratio", "lineno": 40, "outcome": "passed", "keywords": ["test_calculate_space_performance_ratio", "test_index_analyzer.py", "index_efficiency", "db_admin", "tests", "unified", ""], "setup": {"duration": 0.00026756105944514275, "outcome": "passed"}, "call": {"duration": 0.0011260658502578735, "outcome": "passed"}, "teardown": {"duration": 0.00019932701252400875, "outcome": "passed"}}, {"nodeid": "tests/db_admin/index_efficiency/test_index_analyzer.py::test_detect_unused_indexes", "lineno": 62, "outcome": "passed", "keywords": ["test_detect_unused_indexes", "test_index_analyzer.py", "index_efficiency", "db_admin", "tests", "unified", ""], "setup": {"duration": 0.0003241549711674452, "outcome": "passed"}, "call": {"duration": 0.00023572193458676338, "outcome": "passed"}, "teardown": {"duration": 0.00016712211072444916, "outcome": "passed"}}, {"nodeid": "tests/db_admin/index_efficiency/test_index_analyzer.py::test_calculate_index_metrics", "lineno": 80, "outcome": "passed", "keywords": ["test_calculate_index_metrics", "test_index_analyzer.py", "index_efficiency", "db_admin", "tests", "unified", ""], "setup": {"duration": 0.00027327099815011024, "outcome": "passed"}, "call": {"duration": 0.0004090790171176195, "outcome": "passed"}, "teardown": {"duration": 0.00017879297956824303, "outcome": "passed"}}, {"nodeid": "tests/db_admin/index_efficiency/test_index_analyzer.py::test_categorize_indexes", "lineno": 107, "outcome": "passed", "keywords": ["test_categorize_indexes", "test_index_analyzer.py", "index_efficiency", "db_admin", "tests", "unified", ""], "setup": {"duration": 0.00026483088731765747, "outcome": "passed"}, "call": {"duration": 0.000381341902539134, "outcome": "passed"}, "teardown": {"duration": 0.000173844862729311, "outcome": "passed"}}, {"nodeid": "tests/db_admin/index_efficiency/test_index_analyzer.py::test_generate_recommendations", "lineno": 130, "outcome": "passed", "keywords": ["test_generate_recommendations", "test_index_analyzer.py", "index_efficiency", "db_admin", "tests", "unified", ""], "setup": {"duration": 0.0002773008309304714, "outcome": "passed"}, "call": {"duration": 0.00047476612962782383, "outcome": "passed"}, "teardown": {"duration": 0.00018184189684689045, "outcome": "passed"}}, {"nodeid": "tests/db_admin/index_efficiency/test_index_analyzer.py::test_analyze_indexes", "lineno": 160, "outcome": "passed", "keywords": ["test_analyze_indexes", "test_index_analyzer.py", "index_efficiency", "db_admin", "tests", "unified", ""], "setup": {"duration": 0.0002652350813150406, "outcome": "passed"}, "call": {"duration": 0.0005955130327492952, "outcome": "passed"}, "teardown": {"duration": 0.00018787989392876625, "outcome": "passed"}}, {"nodeid": "tests/db_admin/interfaces/test_api.py::test_api_initialization", "lineno": 15, "outcome": "passed", "keywords": ["test_api_initialization", "test_api.py", "interfaces", "db_admin", "tests", "unified", ""], "setup": {"duration": 0.0009091459214687347, "outcome": "passed"}, "call": {"duration": 0.0004604700952768326, "outcome": "passed"}, "teardown": {"duration": 0.00031838403083384037, "outcome": "passed"}}, {"nodeid": "tests/db_admin/interfaces/test_api.py::test_analyze_database_files", "lineno": 31, "outcome": "passed", "keywords": ["test_analyze_database_files", "test_api.py", "interfaces", "db_admin", "tests", "unified", ""], "setup": {"duration": 0.0004098378121852875, "outcome": "passed"}, "call": {"duration": 0.018158528953790665, "outcome": "passed"}, "teardown": {"duration": 0.0003325610887259245, "outcome": "passed"}}, {"nodeid": "tests/db_admin/interfaces/test_api.py::test_analyze_transaction_logs", "lineno": 76, "outcome": "passed", "keywords": ["test_analyze_transaction_logs", "test_api.py", "interfaces", "db_admin", "tests", "unified", ""], "setup": {"duration": 0.00047196983359754086, "outcome": "passed"}, "call": {"duration": 0.0033058051485568285, "outcome": "passed", "log": [{"name": "common.utils.file_utils", "msg": "Error getting stats for /var/lib/mysql/mysql-bin.000001: [Errno 2] No such file or directory: '/var/lib/mysql/mysql-bin.000001'", "args": null, "levelname": "ERROR", "levelno": 40, "pathname": "/home/justinchiu_cohere_com/librarybench/projects/file_system_analyzer/unified/common/utils/file_utils.py", "filename": "file_utils.py", "module": "file_utils", "exc_info": null, "exc_text": null, "stack_info": null, "lineno": 67, "funcName": "get_file_stats", "created": 1747352937.9713361, "msecs": 971.0, "relativeCreated": 945.88303565979, "thread": 140563137455936, "threadName": "MainThread", "processName": "MainProcess", "process": 2461587, "taskName": null}, {"name": "common.utils.file_utils", "msg": "Error getting stats for /var/lib/postgresql/data/pg_wal/000000010000000A00000001: [Errno 2] No such file or directory: '/var/lib/postgresql/data/pg_wal/000000010000000A00000001'", "args": null, "levelname": "ERROR", "levelno": 40, "pathname": "/home/justinchiu_cohere_com/librarybench/projects/file_system_analyzer/unified/common/utils/file_utils.py", "filename": "file_utils.py", "module": "file_utils", "exc_info": null, "exc_text": null, "stack_info": null, "lineno": 67, "funcName": "get_file_stats", "created": 1747352937.9724746, "msecs": 972.0, "relativeCreated": 947.021484375, "thread": 140563137455936, "threadName": "MainThread", "processName": "MainProcess", "process": 2461587, "taskName": null}, {"name": "common.utils.file_utils", "msg": "Error getting disk usage for /var/lib/mysql: [Errno 2] No such file or directory: '/var/lib/mysql'", "args": null, "levelname": "ERROR", "levelno": 40, "pathname": "/home/justinchiu_cohere_com/librarybench/projects/file_system_analyzer/unified/common/utils/file_utils.py", "filename": "file_utils.py", "module": "file_utils", "exc_info": null, "exc_text": null, "stack_info": null, "lineno": 341, "funcName": "get_disk_usage", "created": 1747352937.97285, "msecs": 972.0, "relativeCreated": 947.396993637085, "thread": 140563137455936, "threadName": "MainThread", "processName": "MainProcess", "process": 2461587, "taskName": null}]}, "teardown": {"duration": 0.00030998000875115395, "outcome": "passed"}}, {"nodeid": "tests/db_admin/interfaces/test_api.py::test_analyze_index_efficiency", "lineno": 105, "outcome": "passed", "keywords": ["test_analyze_index_efficiency", "test_api.py", "interfaces", "db_admin", "tests", "unified", ""], "setup": {"duration": 0.0004220071714371443, "outcome": "passed"}, "call": {"duration": 0.006050906144082546, "outcome": "passed"}, "teardown": {"duration": 0.00030137202702462673, "outcome": "passed"}}, {"nodeid": "tests/db_admin/interfaces/test_api.py::test_analyze_tablespace_fragmentation", "lineno": 137, "outcome": "passed", "keywords": ["test_analyze_tablespace_fragmentation", "test_api.py", "interfaces", "db_admin", "tests", "unified", ""], "setup": {"duration": 0.0004728150088340044, "outcome": "passed"}, "call": {"duration": 0.004583895904943347, "outcome": "passed"}, "teardown": {"duration": 0.000326456967741251, "outcome": "passed"}}, {"nodeid": "tests/db_admin/interfaces/test_api.py::test_analyze_backup_compression", "lineno": 167, "outcome": "passed", "keywords": ["test_analyze_backup_compression", "test_api.py", "interfaces", "db_admin", "tests", "unified", ""], "setup": {"duration": 0.0003959799651056528, "outcome": "passed"}, "call": {"duration": 0.002766248071566224, "outcome": "passed"}, "teardown": {"duration": 0.0002974369563162327, "outcome": "passed"}}, {"nodeid": "tests/db_admin/interfaces/test_api.py::test_comprehensive_analysis", "lineno": 193, "outcome": "passed", "keywords": ["test_comprehensive_analysis", "test_api.py", "interfaces", "db_admin", "tests", "unified", ""], "setup": {"duration": 0.00041457684710621834, "outcome": "passed"}, "call": {"duration": 0.03461921098642051, "outcome": "passed", "log": [{"name": "file_system_analyzer_db_admin.transaction_log_analysis.log_analyzer", "msg": "Error in log analysis: 16 validation errors for LogAnalysisResult\nlog_files.0.sequence_number.str\n  Input should be a valid string [type=string_type, input_value=None, input_type=NoneType]\n    For further information visit https://errors.pydantic.dev/2.11/v/string_type\nlog_files.0.sequence_number.int\n  Input should be a valid integer [type=int_type, input_value=None, input_type=NoneType]\n    For further information visit https://errors.pydantic.dev/2.11/v/int_type\nlog_files.0.sequence_number.float\n  Input should be a valid number [type=float_type, input_value=None, input_type=NoneType]\n    For further information visit https://errors.pydantic.dev/2.11/v/float_type\nlog_files.0.sequence_number.datetime\n  Input should be a valid datetime [type=datetime_type, input_value=None, input_type=NoneType]\n    For further information visit https://errors.pydantic.dev/2.11/v/datetime_type\nlog_files.1.sequence_number.str\n  Input should be a valid string [type=string_type, input_value=None, input_type=NoneType]\n    For further information visit https://errors.pydantic.dev/2.11/v/string_type\nlog_files.1.sequence_number.int\n  Input should be a valid integer [type=int_type, input_value=None, input_type=NoneType]\n    For further information visit https://errors.pydantic.dev/2.11/v/int_type\nlog_files.1.sequence_number.float\n  Input should be a valid number [type=float_type, input_value=None, input_type=NoneType]\n    For further information visit https://errors.pydantic.dev/2.11/v/float_type\nlog_files.1.sequence_number.datetime\n  Input should be a valid datetime [type=datetime_type, input_value=None, input_type=NoneType]\n    For further information visit https://errors.pydantic.dev/2.11/v/datetime_type\nlog_files.6.sequence_number.str\n  Input should be a valid string [type=string_type, input_value=None, input_type=NoneType]\n    For further information visit https://errors.pydantic.dev/2.11/v/string_type\nlog_files.6.sequence_number.int\n  Input should be a valid integer [type=int_type, input_value=None, input_type=NoneType]\n    For further information visit https://errors.pydantic.dev/2.11/v/int_type\nlog_files.6.sequence_number.float\n  Input should be a valid number [type=float_type, input_value=None, input_type=NoneType]\n    For further information visit https://errors.pydantic.dev/2.11/v/float_type\nlog_files.6.sequence_number.datetime\n  Input should be a valid datetime [type=datetime_type, input_value=None, input_type=NoneType]\n    For further information visit https://errors.pydantic.dev/2.11/v/datetime_type\nlog_files.7.sequence_number.str\n  Input should be a valid string [type=string_type, input_value=None, input_type=NoneType]\n    For further information visit https://errors.pydantic.dev/2.11/v/string_type\nlog_files.7.sequence_number.int\n  Input should be a valid integer [type=int_type, input_value=None, input_type=NoneType]\n    For further information visit https://errors.pydantic.dev/2.11/v/int_type\nlog_files.7.sequence_number.float\n  Input should be a valid number [type=float_type, input_value=None, input_type=NoneType]\n    For further information visit https://errors.pydantic.dev/2.11/v/float_type\nlog_files.7.sequence_number.datetime\n  Input should be a valid datetime [type=datetime_type, input_value=None, input_type=NoneType]\n    For further information visit https://errors.pydantic.dev/2.11/v/datetime_type", "args": null, "levelname": "ERROR", "levelno": 40, "pathname": "/home/justinchiu_cohere_com/librarybench/projects/file_system_analyzer/unified/file_system_analyzer_db_admin/transaction_log_analysis/log_analyzer.py", "filename": "log_analyzer.py", "module": "log_analyzer", "exc_info": null, "exc_text": null, "stack_info": null, "lineno": 669, "funcName": "analyze_logs", "created": 1747352938.0226705, "msecs": 22.0, "relativeCreated": 997.2174167633057, "thread": 140563137455936, "threadName": "MainThread", "processName": "MainProcess", "process": 2461587, "taskName": null}, {"name": "file_system_analyzer_db_admin.interfaces.api", "msg": "Error converting backup data: 3 validation errors for BackupInfo\ncompression_algorithm\n  Field required [type=missing, input_value={'path': '/home/justinchi...: False, 'metadata': {}}, input_type=dict]\n    For further information visit https://errors.pydantic.dev/2.11/v/missing\nbackup_date\n  Field required [type=missing, input_value={'path': '/home/justinchi...: False, 'metadata': {}}, input_type=dict]\n    For further information visit https://errors.pydantic.dev/2.11/v/missing\nbackup_strategy\n  Field required [type=missing, input_value={'path': '/home/justinchi...: False, 'metadata': {}}, input_type=dict]\n    For further information visit https://errors.pydantic.dev/2.11/v/missing", "args": null, "levelname": "ERROR", "levelno": 40, "pathname": "/home/justinchiu_cohere_com/librarybench/projects/file_system_analyzer/unified/file_system_analyzer_db_admin/interfaces/api.py", "filename": "api.py", "module": "api", "exc_info": null, "exc_text": null, "stack_info": null, "lineno": 405, "funcName": "analyze_backup_compression", "created": 1747352938.0229125, "msecs": 22.0, "relativeCreated": 997.4594116210938, "thread": 140563137455936, "threadName": "MainThread", "processName": "MainProcess", "process": 2461587, "taskName": null}, {"name": "file_system_analyzer_db_admin.interfaces.api", "msg": "Error converting backup data: 3 validation errors for BackupInfo\ncompression_algorithm\n  Field required [type=missing, input_value={'path': '/home/justinchi...: False, 'metadata': {}}, input_type=dict]\n    For further information visit https://errors.pydantic.dev/2.11/v/missing\nbackup_date\n  Field required [type=missing, input_value={'path': '/home/justinchi...: False, 'metadata': {}}, input_type=dict]\n    For further information visit https://errors.pydantic.dev/2.11/v/missing\nbackup_strategy\n  Field required [type=missing, input_value={'path': '/home/justinchi...: False, 'metadata': {}}, input_type=dict]\n    For further information visit https://errors.pydantic.dev/2.11/v/missing", "args": null, "levelname": "ERROR", "levelno": 40, "pathname": "/home/justinchiu_cohere_com/librarybench/projects/file_system_analyzer/unified/file_system_analyzer_db_admin/interfaces/api.py", "filename": "api.py", "module": "api", "exc_info": null, "exc_text": null, "stack_info": null, "lineno": 405, "funcName": "analyze_backup_compression", "created": 1747352938.023002, "msecs": 23.0, "relativeCreated": 997.5488185882568, "thread": 140563137455936, "threadName": "MainThread", "processName": "MainProcess", "process": 2461587, "taskName": null}, {"name": "file_system_analyzer_db_admin.interfaces.api", "msg": "Error converting backup data: 3 validation errors for BackupInfo\ncompression_algorithm\n  Field required [type=missing, input_value={'path': '/home/justinchi...: False, 'metadata': {}}, input_type=dict]\n    For further information visit https://errors.pydantic.dev/2.11/v/missing\nbackup_date\n  Field required [type=missing, input_value={'path': '/home/justinchi...: False, 'metadata': {}}, input_type=dict]\n    For further information visit https://errors.pydantic.dev/2.11/v/missing\nbackup_strategy\n  Field required [type=missing, input_value={'path': '/home/justinchi...: False, 'metadata': {}}, input_type=dict]\n    For further information visit https://errors.pydantic.dev/2.11/v/missing", "args": null, "levelname": "ERROR", "levelno": 40, "pathname": "/home/justinchiu_cohere_com/librarybench/projects/file_system_analyzer/unified/file_system_analyzer_db_admin/interfaces/api.py", "filename": "api.py", "module": "api", "exc_info": null, "exc_text": null, "stack_info": null, "lineno": 405, "funcName": "analyze_backup_compression", "created": 1747352938.0230794, "msecs": 23.0, "relativeCreated": 997.6263046264648, "thread": 140563137455936, "threadName": "MainThread", "processName": "MainProcess", "process": 2461587, "taskName": null}]}, "teardown": {"duration": 0.00031313812360167503, "outcome": "passed"}}, {"nodeid": "tests/db_admin/tablespace_fragmentation/test_fragmentation_analyzer.py::test_analyzer_initialization", "lineno": 15, "outcome": "passed", "keywords": ["test_analyzer_initialization", "test_fragmentation_analyzer.py", "tablespace_fragmentation", "db_admin", "tests", "unified", ""], "setup": {"duration": 0.0005453370977193117, "outcome": "passed"}, "call": {"duration": 0.00022953911684453487, "outcome": "passed"}, "teardown": {"duration": 0.0001515708863735199, "outcome": "passed"}}, {"nodeid": "tests/db_admin/tablespace_fragmentation/test_fragmentation_analyzer.py::test_detect_fragmentation_severity", "lineno": 24, "outcome": "passed", "keywords": ["test_detect_fragmentation_severity", "test_fragmentation_analyzer.py", "tablespace_fragmentation", "db_admin", "tests", "unified", ""], "setup": {"duration": 0.00017541483975946903, "outcome": "passed"}, "call": {"duration": 0.00022775493562221527, "outcome": "passed"}, "teardown": {"duration": 0.0001520100049674511, "outcome": "passed"}}, {"nodeid": "tests/db_admin/tablespace_fragmentation/test_fragmentation_analyzer.py::test_analyze_free_space_distribution", "lineno": 40, "outcome": "passed", "keywords": ["test_analyze_free_space_distribution", "test_fragmentation_analyzer.py", "tablespace_fragmentation", "db_admin", "tests", "unified", ""], "setup": {"duration": 0.0001614741049706936, "outcome": "passed"}, "call": {"duration": 0.0004798017907887697, "outcome": "passed"}, "teardown": {"duration": 0.00016371509991586208, "outcome": "passed"}}, {"nodeid": "tests/db_admin/tablespace_fragmentation/test_fragmentation_analyzer.py::test_estimate_reorganization_benefit", "lineno": 64, "outcome": "passed", "keywords": ["test_estimate_reorganization_benefit", "test_fragmentation_analyzer.py", "tablespace_fragmentation", "db_admin", "tests", "unified", ""], "setup": {"duration": 0.00016395701095461845, "outcome": "passed"}, "call": {"duration": 0.00023218593560159206, "outcome": "passed"}, "teardown": {"duration": 0.00014167092740535736, "outcome": "passed"}}, {"nodeid": "tests/db_admin/tablespace_fragmentation/test_fragmentation_analyzer.py::test_calculate_optimal_fill_factor", "lineno": 97, "outcome": "passed", "keywords": ["test_calculate_optimal_fill_factor", "test_fragmentation_analyzer.py", "tablespace_fragmentation", "db_admin", "tests", "unified", ""], "setup": {"duration": 0.00016695004887878895, "outcome": "passed"}, "call": {"duration": 0.00021840212866663933, "outcome": "passed"}, "teardown": {"duration": 0.0001568689476698637, "outcome": "passed"}}, {"nodeid": "tests/db_admin/tablespace_fragmentation/test_fragmentation_analyzer.py::test_generate_visualization_data", "lineno": 123, "outcome": "passed", "keywords": ["test_generate_visualization_data", "test_fragmentation_analyzer.py", "tablespace_fragmentation", "db_admin", "tests", "unified", ""], "setup": {"duration": 0.00033883703872561455, "outcome": "passed"}, "call": {"duration": 0.0003502459730952978, "outcome": "passed"}, "teardown": {"duration": 0.00019882991909980774, "outcome": "passed"}}, {"nodeid": "tests/db_admin/tablespace_fragmentation/test_fragmentation_analyzer.py::test_generate_recommendations", "lineno": 149, "outcome": "passed", "keywords": ["test_generate_recommendations", "test_fragmentation_analyzer.py", "tablespace_fragmentation", "db_admin", "tests", "unified", ""], "setup": {"duration": 0.0003224629908800125, "outcome": "passed"}, "call": {"duration": 0.000582780921831727, "outcome": "passed"}, "teardown": {"duration": 0.00020632892847061157, "outcome": "passed"}}, {"nodeid": "tests/db_admin/tablespace_fragmentation/test_fragmentation_analyzer.py::test_analyze_tablespace_fragmentation", "lineno": 220, "outcome": "passed", "keywords": ["test_analyze_tablespace_fragmentation", "test_fragmentation_analyzer.py", "tablespace_fragmentation", "db_admin", "tests", "unified", ""], "setup": {"duration": 0.00032670097425580025, "outcome": "passed"}, "call": {"duration": 0.0007409090176224709, "outcome": "passed"}, "teardown": {"duration": 0.00020850100554525852, "outcome": "passed"}}, {"nodeid": "tests/db_admin/transaction_log_analysis/test_log_analyzer.py::test_analyzer_initialization", "lineno": 14, "outcome": "passed", "keywords": ["test_analyzer_initialization", "test_log_analyzer.py", "transaction_log_analysis", "db_admin", "tests", "unified", ""], "setup": {"duration": 0.0005407470744103193, "outcome": "passed"}, "call": {"duration": 0.0002518340479582548, "outcome": "passed"}, "teardown": {"duration": 0.00015197508037090302, "outcome": "passed"}}, {"nodeid": "tests/db_admin/transaction_log_analysis/test_log_analyzer.py::test_analyze_log_files", "lineno": 22, "outcome": "passed", "keywords": ["test_analyze_log_files", "test_log_analyzer.py", "transaction_log_analysis", "db_admin", "tests", "unified", ""], "setup": {"duration": 0.0002974600065499544, "outcome": "passed"}, "call": {"duration": 0.0005600610747933388, "outcome": "passed", "log": [{"name": "common.utils.file_utils", "msg": "Error getting stats for /var/lib/mysql/mysql-bin.000001: [Errno 2] No such file or directory: '/var/lib/mysql/mysql-bin.000001'", "args": null, "levelname": "ERROR", "levelno": 40, "pathname": "/home/justinchiu_cohere_com/librarybench/projects/file_system_analyzer/unified/common/utils/file_utils.py", "filename": "file_utils.py", "module": "file_utils", "exc_info": null, "exc_text": null, "stack_info": null, "lineno": 67, "funcName": "get_file_stats", "created": 1747352938.0442638, "msecs": 44.0, "relativeCreated": 1018.8107490539551, "thread": 140563137455936, "threadName": "MainThread", "processName": "MainProcess", "process": 2461587, "taskName": null}, {"name": "common.utils.file_utils", "msg": "Error getting stats for /var/lib/postgresql/data/pg_wal/000000010000000A00000001: [Errno 2] No such file or directory: '/var/lib/postgresql/data/pg_wal/000000010000000A00000001'", "args": null, "levelname": "ERROR", "levelno": 40, "pathname": "/home/justinchiu_cohere_com/librarybench/projects/file_system_analyzer/unified/common/utils/file_utils.py", "filename": "file_utils.py", "module": "file_utils", "exc_info": null, "exc_text": null, "stack_info": null, "lineno": 67, "funcName": "get_file_stats", "created": 1747352938.0443983, "msecs": 44.0, "relativeCreated": 1018.9452171325684, "thread": 140563137455936, "threadName": "MainThread", "processName": "MainProcess", "process": 2461587, "taskName": null}]}, "teardown": {"duration": 0.00017916597425937653, "outcome": "passed"}}, {"nodeid": "tests/db_admin/transaction_log_analysis/test_log_analyzer.py::test_detect_growth_pattern", "lineno": 41, "outcome": "passed", "keywords": ["test_detect_growth_pattern", "test_log_analyzer.py", "transaction_log_analysis", "db_admin", "tests", "unified", ""], "setup": {"duration": 0.00018233293667435646, "outcome": "passed"}, "call": {"duration": 0.003252690192312002, "outcome": "passed"}, "teardown": {"duration": 0.00018388009630143642, "outcome": "passed"}}, {"nodeid": "tests/db_admin/transaction_log_analysis/test_log_analyzer.py::test_correlate_with_operations", "lineno": 92, "outcome": "passed", "keywords": ["test_correlate_with_operations", "test_log_analyzer.py", "transaction_log_analysis", "db_admin", "tests", "unified", ""], "setup": {"duration": 0.00018419302068650723, "outcome": "passed"}, "call": {"duration": 0.0010367520153522491, "outcome": "passed"}, "teardown": {"duration": 0.0001774339471012354, "outcome": "passed"}}, {"nodeid": "tests/db_admin/transaction_log_analysis/test_log_analyzer.py::test_generate_retention_recommendations", "lineno": 143, "outcome": "passed", "keywords": ["test_generate_retention_recommendations", "test_log_analyzer.py", "transaction_log_analysis", "db_admin", "tests", "unified", ""], "setup": {"duration": 0.00020460505038499832, "outcome": "passed"}, "call": {"duration": 0.00036880793049931526, "outcome": "passed"}, "teardown": {"duration": 0.00016288785263895988, "outcome": "passed"}}, {"nodeid": "tests/db_admin/transaction_log_analysis/test_log_analyzer.py::test_analyze_logs", "lineno": 170, "outcome": "passed", "keywords": ["test_analyze_logs", "test_log_analyzer.py", "transaction_log_analysis", "db_admin", "tests", "unified", ""], "setup": {"duration": 0.0003200550563633442, "outcome": "passed"}, "call": {"duration": 0.0016447571106255054, "outcome": "passed", "log": [{"name": "common.utils.file_utils", "msg": "Error getting stats for /var/lib/mysql/mysql-bin.000001: [Errno 2] No such file or directory: '/var/lib/mysql/mysql-bin.000001'", "args": null, "levelname": "ERROR", "levelno": 40, "pathname": "/home/justinchiu_cohere_com/librarybench/projects/file_system_analyzer/unified/common/utils/file_utils.py", "filename": "file_utils.py", "module": "file_utils", "exc_info": null, "exc_text": null, "stack_info": null, "lineno": 67, "funcName": "get_file_stats", "created": 1747352938.0540779, "msecs": 54.0, "relativeCreated": 1028.6247730255127, "thread": 140563137455936, "threadName": "MainThread", "processName": "MainProcess", "process": 2461587, "taskName": null}, {"name": "common.utils.file_utils", "msg": "Error getting stats for /var/lib/postgresql/data/pg_wal/000000010000000A00000001: [Errno 2] No such file or directory: '/var/lib/postgresql/data/pg_wal/000000010000000A00000001'", "args": null, "levelname": "ERROR", "levelno": 40, "pathname": "/home/justinchiu_cohere_com/librarybench/projects/file_system_analyzer/unified/common/utils/file_utils.py", "filename": "file_utils.py", "module": "file_utils", "exc_info": null, "exc_text": null, "stack_info": null, "lineno": 67, "funcName": "get_file_stats", "created": 1747352938.05421, "msecs": 54.0, "relativeCreated": 1028.756856918335, "thread": 140563137455936, "threadName": "MainThread", "processName": "MainProcess", "process": 2461587, "taskName": null}]}, "teardown": {"duration": 0.000217188848182559, "outcome": "passed"}}, {"nodeid": "tests/db_admin/utils/test_file_utils.py::test_get_file_stats", "lineno": 16, "outcome": "passed", "keywords": ["test_get_file_stats", "test_file_utils.py", "utils", "db_admin", "tests", "unified", ""], "setup": {"duration": 0.0006206100806593895, "outcome": "passed"}, "call": {"duration": 0.0005405021365731955, "outcome": "passed", "log": [{"name": "common.utils.file_utils", "msg": "Error getting stats for /home/justinchiu_cohere_com/librarybench/projects/file_system_analyzer/unified/tests/db_admin/mock_data/nonexistent.txt: [Errno 2] No such file or directory: '/home/justinchiu_cohere_com/librarybench/projects/file_system_analyzer/unified/tests/db_admin/mock_data/nonexistent.txt'", "args": null, "levelname": "ERROR", "levelno": 40, "pathname": "/home/justinchiu_cohere_com/librarybench/projects/file_system_analyzer/unified/common/utils/file_utils.py", "filename": "file_utils.py", "module": "file_utils", "exc_info": null, "exc_text": null, "stack_info": null, "lineno": 67, "funcName": "get_file_stats", "created": 1747352938.057738, "msecs": 57.0, "relativeCreated": 1032.2849750518799, "thread": 140563137455936, "threadName": "MainThread", "processName": "MainProcess", "process": 2461587, "taskName": null}]}, "teardown": {"duration": 0.00018680398352444172, "outcome": "passed"}}, {"nodeid": "tests/db_admin/utils/test_file_utils.py::test_find_files", "lineno": 43, "outcome": "passed", "keywords": ["test_find_files", "test_file_utils.py", "utils", "db_admin", "tests", "unified", ""], "setup": {"duration": 0.00026028091087937355, "outcome": "passed"}, "call": {"duration": 0.003797351149842143, "outcome": "passed"}, "teardown": {"duration": 0.0001863150391727686, "outcome": "passed"}}, {"nodeid": "tests/db_admin/utils/test_file_utils.py::test_calculate_dir_size", "lineno": 70, "outcome": "passed", "keywords": ["test_calculate_dir_size", "test_file_utils.py", "utils", "db_admin", "tests", "unified", ""], "setup": {"duration": 0.0002680730540305376, "outcome": "passed"}, "call": {"duration": 0.001680502900853753, "outcome": "passed"}, "teardown": {"duration": 0.00018615997396409512, "outcome": "passed"}}, {"nodeid": "tests/db_admin/utils/test_file_utils.py::test_get_disk_usage", "lineno": 87, "outcome": "passed", "keywords": ["test_get_disk_usage", "test_file_utils.py", "utils", "db_admin", "tests", "unified", ""], "setup": {"duration": 0.00027811015024781227, "outcome": "passed"}, "call": {"duration": 0.00046734907664358616, "outcome": "passed"}, "teardown": {"duration": 0.0001790560781955719, "outcome": "passed"}}, {"nodeid": "tests/db_admin/utils/test_file_utils.py::test_estimate_file_growth_rate", "lineno": 104, "outcome": "passed", "keywords": ["test_estimate_file_growth_rate", "test_file_utils.py", "utils", "db_admin", "tests", "unified", ""], "setup": {"duration": 0.00017874478362500668, "outcome": "passed"}, "call": {"duration": 0.0002868261653929949, "outcome": "passed"}, "teardown": {"duration": 0.00015289010480046272, "outcome": "passed"}}, {"nodeid": "tests/security_auditor/test_audit.py::TestAuditEntry::test_audit_entry_creation", "lineno": 26, "outcome": "passed", "keywords": ["test_audit_entry_creation", "TestAuditEntry", "test_audit.py", "security_auditor", "tests", "unified", ""], "setup": {"duration": 0.0004920640494674444, "outcome": "passed"}, "call": {"duration": 0.0003956540022045374, "outcome": "passed"}, "teardown": {"duration": 0.00015277299098670483, "outcome": "passed"}}, {"nodeid": "tests/security_auditor/test_audit.py::TestAuditEntry::test_audit_entry_hashing", "lineno": 45, "outcome": "passed", "keywords": ["test_audit_entry_hashing", "TestAuditEntry", "test_audit.py", "security_auditor", "tests", "unified", ""], "setup": {"duration": 0.0001581409014761448, "outcome": "passed"}, "call": {"duration": 0.00036511803045868874, "outcome": "passed"}, "teardown": {"duration": 0.00017485697753727436, "outcome": "passed"}}, {"nodeid": "tests/security_auditor/test_audit.py::TestAuditEntry::test_audit_entry_serialization", "lineno": 75, "outcome": "passed", "keywords": ["test_audit_entry_serialization", "TestAuditEntry", "test_audit.py", "security_auditor", "tests", "unified", ""], "setup": {"duration": 0.00016615912318229675, "outcome": "passed"}, "call": {"duration": 0.0003430470824241638, "outcome": "passed"}, "teardown": {"duration": 0.00015805917792022228, "outcome": "passed"}}, {"nodeid": "tests/security_auditor/test_audit.py::TestAuditLog::test_audit_log_creation", "lineno": 110, "outcome": "passed", "keywords": ["test_audit_log_creation", "TestAuditLog", "test_audit.py", "security_auditor", "tests", "unified", ""], "setup": {"duration": 0.00017072400078177452, "outcome": "passed"}, "call": {"duration": 0.0002490370534360409, "outcome": "passed"}, "teardown": {"duration": 0.00014427793212234974, "outcome": "passed"}}, {"nodeid": "tests/security_auditor/test_audit.py::TestAuditLog::test_add_entries", "lineno": 121, "outcome": "passed", "keywords": ["test_add_entries", "TestAuditLog", "test_audit.py", "security_auditor", "tests", "unified", ""], "setup": {"duration": 0.0001524279359728098, "outcome": "passed"}, "call": {"duration": 0.0004622838459908962, "outcome": "passed"}, "teardown": {"duration": 0.00017317617312073708, "outcome": "passed"}}, {"nodeid": "tests/security_auditor/test_audit.py::TestAuditLog::test_log_integrity_verification", "lineno": 150, "outcome": "passed", "keywords": ["test_log_integrity_verification", "TestAuditLog", "test_audit.py", "security_auditor", "tests", "unified", ""], "setup": {"duration": 0.00016990001313388348, "outcome": "passed"}, "call": {"duration": 0.0008637621067464352, "outcome": "passed"}, "teardown": {"duration": 0.00016058515757322311, "outcome": "passed"}}, {"nodeid": "tests/security_auditor/test_audit.py::TestAuditLog::test_log_serialization", "lineno": 176, "outcome": "passed", "keywords": ["test_log_serialization", "TestAuditLog", "test_audit.py", "security_auditor", "tests", "unified", ""], "setup": {"duration": 0.00018072407692670822, "outcome": "passed"}, "call": {"duration": 0.0005110539495944977, "outcome": "passed"}, "teardown": {"duration": 0.00017194310203194618, "outcome": "passed"}}, {"nodeid": "tests/security_auditor/test_audit.py::TestAuditLogger::test_logger_initialization", "lineno": 204, "outcome": "passed", "keywords": ["test_logger_initialization", "TestAuditLogger", "test_audit.py", "security_auditor", "tests", "unified", ""], "setup": {"duration": 0.00016644899733364582, "outcome": "passed"}, "call": {"duration": 0.0005900701507925987, "outcome": "passed"}, "teardown": {"duration": 0.00016024895012378693, "outcome": "passed"}}, {"nodeid": "tests/security_auditor/test_audit.py::TestAuditLogger::test_logging_events", "lineno": 215, "outcome": "passed", "keywords": ["test_logging_events", "TestAuditLogger", "test_audit.py", "security_auditor", "tests", "unified", ""], "setup": {"duration": 0.00017796107567846775, "outcome": "passed"}, "call": {"duration": 0.00045045302249491215, "outcome": "passed"}, "teardown": {"duration": 0.00015675299800932407, "outcome": "passed"}}, {"nodeid": "tests/security_auditor/test_audit.py::TestAuditLogger::test_logger_with_crypto_provider", "lineno": 244, "outcome": "passed", "keywords": ["test_logger_with_crypto_provider", "TestAuditLogger", "test_audit.py", "security_auditor", "tests", "unified", ""], "setup": {"duration": 0.00017005205154418945, "outcome": "passed"}, "call": {"duration": 0.0008618710562586784, "outcome": "passed"}, "teardown": {"duration": 0.00015970109961926937, "outcome": "passed"}}, {"nodeid": "tests/security_auditor/test_audit.py::TestAuditLogger::test_saving_and_loading_log", "lineno": 275, "outcome": "passed", "keywords": ["test_saving_and_loading_log", "TestAuditLogger", "test_audit.py", "security_auditor", "tests", "unified", ""], "setup": {"duration": 0.0017893780022859573, "outcome": "passed"}, "call": {"duration": 0.0008430189918726683, "outcome": "passed"}, "teardown": {"duration": 0.00021716486662626266, "outcome": "passed"}}, {"nodeid": "tests/security_auditor/test_audit.py::TestAuditLogger::test_filtering_log_entries", "lineno": 304, "outcome": "passed", "keywords": ["test_filtering_log_entries", "TestAuditLogger", "test_audit.py", "security_auditor", "tests", "unified", ""], "setup": {"duration": 0.0001896638423204422, "outcome": "passed"}, "call": {"duration": 0.0005501559935510159, "outcome": "passed"}, "teardown": {"duration": 0.00017190910875797272, "outcome": "passed"}}, {"nodeid": "tests/security_auditor/test_custody.py::TestEvidenceItems::test_evidence_item_creation", "lineno": 29, "outcome": "passed", "keywords": ["test_evidence_item_creation", "TestEvidenceItems", "test_custody.py", "security_auditor", "tests", "unified", ""], "setup": {"duration": 0.0005510090850293636, "outcome": "passed"}, "call": {"duration": 0.00038433889858424664, "outcome": "passed"}, "teardown": {"duration": 0.00019936519674956799, "outcome": "passed"}}, {"nodeid": "tests/security_auditor/test_custody.py::TestEvidenceItems::test_evidence_access_logging", "lineno": 56, "outcome": "passed", "keywords": ["test_evidence_access_logging", "TestEvidenceItems", "test_custody.py", "security_auditor", "tests", "unified", ""], "setup": {"duration": 0.00016379007138311863, "outcome": "passed"}, "call": {"duration": 0.0002617139834910631, "outcome": "passed"}, "teardown": {"duration": 0.00014567398466169834, "outcome": "passed"}}, {"nodeid": "tests/security_auditor/test_custody.py::TestEvidencePackage::test_package_creation", "lineno": 80, "outcome": "passed", "keywords": ["test_package_creation", "TestEvidencePackage", "test_custody.py", "security_auditor", "tests", "unified", ""], "setup": {"duration": 0.00016807694919407368, "outcome": "passed"}, "call": {"duration": 0.00026989378966391087, "outcome": "passed"}, "teardown": {"duration": 0.0001481079962104559, "outcome": "passed"}}, {"nodeid": "tests/security_auditor/test_custody.py::TestEvidencePackage::test_add_evidence_items", "lineno": 96, "outcome": "passed", "keywords": ["test_add_evidence_items", "TestEvidencePackage", "test_custody.py", "security_auditor", "tests", "unified", ""], "setup": {"duration": 0.000521735055372119, "outcome": "passed"}, "call": {"duration": 0.000483150128275156, "outcome": "passed"}, "teardown": {"duration": 0.00018553109839558601, "outcome": "passed"}}, {"nodeid": "tests/security_auditor/test_custody.py::TestEvidencePackage::test_package_signing_and_verification", "lineno": 136, "outcome": "passed", "keywords": ["test_package_signing_and_verification", "TestEvidencePackage", "test_custody.py", "security_auditor", "tests", "unified", ""], "setup": {"duration": 0.00016751885414123535, "outcome": "passed"}, "call": {"duration": 0.0006262059323489666, "outcome": "passed"}, "teardown": {"duration": 0.00016908301040530205, "outcome": "passed"}}, {"nodeid": "tests/security_auditor/test_custody.py::TestEvidencePackage::test_log_access", "lineno": 178, "outcome": "passed", "keywords": ["test_log_access", "TestEvidencePackage", "test_custody.py", "security_auditor", "tests", "unified", ""], "setup": {"duration": 0.00016738707199692726, "outcome": "passed"}, "call": {"duration": 0.0002977638505399227, "outcome": "passed"}, "teardown": {"duration": 0.00015513692051172256, "outcome": "passed"}}, {"nodeid": "tests/security_auditor/test_custody.py::TestEvidencePackager::test_create_evidence_package", "lineno": 215, "outcome": "passed", "keywords": ["test_create_evidence_package", "TestEvidencePackager", "test_custody.py", "security_auditor", "tests", "unified", ""], "setup": {"duration": 0.0001627509482204914, "outcome": "passed"}, "call": {"duration": 0.00025309110060334206, "outcome": "passed"}, "teardown": {"duration": 0.00014073215425014496, "outcome": "passed"}}, {"nodeid": "tests/security_auditor/test_custody.py::TestEvidencePackager::test_add_file_to_package", "lineno": 231, "outcome": "passed", "keywords": ["test_add_file_to_package", "TestEvidencePackager", "test_custody.py", "security_auditor", "tests", "unified", ""], "setup": {"duration": 0.0005327819380909204, "outcome": "passed"}, "call": {"duration": 0.0004592060577124357, "outcome": "passed"}, "teardown": {"duration": 0.00018570013344287872, "outcome": "passed"}}, {"nodeid": "tests/security_auditor/test_custody.py::TestEvidencePackager::test_verify_package_item", "lineno": 262, "outcome": "passed", "keywords": ["test_verify_package_item", "TestEvidencePackager", "test_custody.py", "security_auditor", "tests", "unified", ""], "setup": {"duration": 0.0005218889564275742, "outcome": "passed"}, "call": {"duration": 0.00072696921415627, "outcome": "passed"}, "teardown": {"duration": 0.00020588398911058903, "outcome": "passed"}}, {"nodeid": "tests/security_auditor/test_custody.py::TestEvidencePackager::test_export_and_import_package", "lineno": 292, "outcome": "passed", "keywords": ["test_export_and_import_package", "TestEvidencePackager", "test_custody.py", "security_auditor", "tests", "unified", ""], "setup": {"duration": 0.0005401200614869595, "outcome": "passed"}, "call": {"duration": 0.0012918461579829454, "outcome": "passed"}, "teardown": {"duration": 0.00020375801250338554, "outcome": "passed"}}, {"nodeid": "tests/security_auditor/test_detection.py::TestPatterns::test_pattern_definitions_exist", "lineno": 30, "outcome": "passed", "keywords": ["test_pattern_definitions_exist", "TestPatterns", "test_detection.py", "security_auditor", "tests", "unified", ""], "setup": {"duration": 0.0002062439452856779, "outcome": "passed"}, "call": {"duration": 0.0002682609483599663, "outcome": "passed"}, "teardown": {"duration": 0.00016449298709630966, "outcome": "passed"}}, {"nodeid": "tests/security_auditor/test_detection.py::TestPatterns::test_pattern_matching", "lineno": 40, "outcome": "passed", "keywords": ["test_pattern_matching", "TestPatterns", "test_detection.py", "security_auditor", "tests", "unified", ""], "setup": {"duration": 0.00016620103269815445, "outcome": "passed"}, "call": {"duration": 0.000647030072286725, "outcome": "passed"}, "teardown": {"duration": 0.0001563278492540121, "outcome": "passed"}}, {"nodeid": "tests/security_auditor/test_detection.py::TestPatterns::test_pattern_validators", "lineno": 61, "outcome": "passed", "keywords": ["test_pattern_validators", "TestPatterns", "test_detection.py", "security_auditor", "tests", "unified", ""], "setup": {"duration": 0.0001624729484319687, "outcome": "passed"}, "call": {"duration": 0.0008420390076935291, "outcome": "passed"}, "teardown": {"duration": 0.0001563611440360546, "outcome": "passed"}}, {"nodeid": "tests/security_auditor/test_detection.py::TestPatterns::test_get_patterns_by_category", "lineno": 75, "outcome": "passed", "keywords": ["test_get_patterns_by_category", "TestPatterns", "test_detection.py", "security_auditor", "tests", "unified", ""], "setup": {"duration": 0.00018165307119488716, "outcome": "passed"}, "call": {"duration": 0.00029672496020793915, "outcome": "passed"}, "teardown": {"duration": 0.00015015597455203533, "outcome": "passed"}}, {"nodeid": "tests/security_auditor/test_detection.py::TestPatterns::test_get_patterns_by_sensitivity", "lineno": 85, "outcome": "passed", "keywords": ["test_get_patterns_by_sensitivity", "TestPatterns", "test_detection.py", "security_auditor", "tests", "unified", ""], "setup": {"duration": 0.00015890691429376602, "outcome": "passed"}, "call": {"duration": 0.0002756868489086628, "outcome": "passed"}, "teardown": {"duration": 0.00014535710215568542, "outcome": "passed"}}, {"nodeid": "tests/security_auditor/test_detection.py::TestScanner::test_scanner_initialization", "lineno": 99, "outcome": "passed", "keywords": ["test_scanner_initialization", "TestScanner", "test_detection.py", "security_auditor", "tests", "unified", ""], "setup": {"duration": 0.00016916613094508648, "outcome": "passed"}, "call": {"duration": 0.0003794038202613592, "outcome": "passed"}, "teardown": {"duration": 0.00015251082368195057, "outcome": "passed"}}, {"nodeid": "tests/security_auditor/test_detection.py::TestScanner::test_file_ignore_rules", "lineno": 118, "outcome": "passed", "keywords": ["test_file_ignore_rules", "TestScanner", "test_detection.py", "security_auditor", "tests", "unified", ""], "setup": {"duration": 0.0005439261440187693, "outcome": "passed"}, "call": {"duration": 0.08265826501883566, "outcome": "passed"}, "teardown": {"duration": 0.0002631167881190777, "outcome": "passed"}}, {"nodeid": "tests/security_auditor/test_detection.py::TestScanner::test_scan_file_with_sensitive_data", "lineno": 140, "outcome": "passed", "keywords": ["test_scan_file_with_sensitive_data", "TestScanner", "test_detection.py", "security_auditor", "tests", "unified", ""], "setup": {"duration": 0.0007298120763152838, "outcome": "passed"}, "call": {"duration": 0.00891354214400053, "outcome": "passed"}, "teardown": {"duration": 0.00020600087009370327, "outcome": "passed"}}, {"nodeid": "tests/security_auditor/test_detection.py::TestScanner::test_scan_file_without_sensitive_data", "lineno": 162, "outcome": "passed", "keywords": ["test_scan_file_without_sensitive_data", "TestScanner", "test_detection.py", "security_auditor", "tests", "unified", ""], "setup": {"duration": 0.0005666289944201708, "outcome": "passed"}, "call": {"duration": 0.007813846925273538, "outcome": "passed"}, "teardown": {"duration": 0.00020163413137197495, "outcome": "passed"}}, {"nodeid": "tests/security_auditor/test_detection.py::TestScanner::test_scan_binary_file", "lineno": 180, "outcome": "passed", "keywords": ["test_scan_binary_file", "TestScanner", "test_detection.py", "security_auditor", "tests", "unified", ""], "setup": {"duration": 0.0005765140522271395, "outcome": "passed"}, "call": {"duration": 0.006315028993412852, "outcome": "passed"}, "teardown": {"duration": 0.00020425207912921906, "outcome": "passed"}}, {"nodeid": "tests/security_auditor/test_detection.py::TestScanner::test_scan_directory", "lineno": 193, "outcome": "failed", "keywords": ["test_scan_directory", "TestScanner", "test_detection.py", "security_auditor", "tests", "unified", ""], "setup": {"duration": 0.0005479617975652218, "outcome": "passed"}, "call": {"duration": 0.008439724799245596, "outcome": "failed", "crash": {"path": "/home/justinchiu_cohere_com/.local/share/uv/python/cpython-3.12.9-linux-x86_64-gnu/lib/python3.12/unittest/mock.py", "lineno": 1020, "message": "AssertionError: scan_file('/tmp/pytest-of-justinchiu_cohere_com/pytest-287/test_scan_directory0/test_dir/clean.txt') call not found"}, "traceback": [{"path": "../file_system_analyzer_security_auditor/tests/test_detection.py", "lineno": 234, "message": ""}, {"path": "../../../../.local/share/uv/python/cpython-3.12.9-linux-x86_64-gnu/lib/python3.12/unittest/mock.py", "lineno": 1020, "message": "AssertionError"}], "longrepr": "self = <tests.security_auditor.test_detection.TestScanner object at 0x7fd6c3f5a840>\ntmp_path = PosixPath('/tmp/pytest-of-justinchiu_cohere_com/pytest-287/test_scan_directory0')\n\n    def test_scan_directory(self, tmp_path):\n        \"\"\"Test scanning a directory.\"\"\"\n        # Create test directory with a simple structure\n        test_dir = tmp_path / \"test_dir\"\n        test_dir.mkdir()\n    \n        # Create a test file with no sensitive data\n        clean_file = test_dir / \"clean.txt\"\n        clean_file.write_text(\"This is a file with no sensitive data\")\n    \n        # Create a test file that should be ignored based on extension\n        ignored_file = test_dir / \"image.jpg\"\n        ignored_file.write_text(\"This should be ignored\")\n    \n        # Create a scanner with a simplified test pattern\n        test_pattern = SensitiveDataPattern(\n            name=\"Test Pattern\",\n            description=\"Simple pattern for testing\",\n            pattern=r\"TEST-\\d{3}\",\n            sensitivity=SensitivityLevel.MEDIUM,\n            category=ComplianceCategory.OTHER\n        )\n        options = ScanOptions(patterns=[test_pattern], recursive=False)\n        scanner = SensitiveDataScanner(options)\n    \n        # Mock the scan_file method to avoid dependencies\n        with patch.object(scanner, 'scan_file') as mock_scan_file:\n            # Configure mock to return a fake result\n            mock_result = MagicMock()\n            mock_result.error = None\n            mock_result.file_metadata = MagicMock()\n            mock_result.file_metadata.file_path = str(clean_file)\n            mock_scan_file.return_value = mock_result\n    \n            # Run the test\n            results = list(scanner.scan_directory(str(test_dir)))\n    \n            # Verify the scanner attempted to scan the right files\n            assert len(results) > 0\n            # The mock should have been called with the clean file path\n>           mock_scan_file.assert_any_call(str(clean_file))\n\n../file_system_analyzer_security_auditor/tests/test_detection.py:234: \n_ _ _ _ _ _ _ _ _ _ _ _ _ _ _ _ _ _ _ _ _ _ _ _ _ _ _ _ _ _ _ _ _ _ _ _ _ _ _ _ \n\nself = <MagicMock name='scan_file' id='140560351840880'>\nargs = ('/tmp/pytest-of-justinchiu_cohere_com/pytest-287/test_scan_directory0/test_dir/clean.txt',)\nkwargs = {}\nexpected = call('/tmp/pytest-of-justinchiu_cohere_com/pytest-287/test_scan_directory0/test_dir/clean.txt')\ncause = None, actual = []\nexpected_string = \"scan_file('/tmp/pytest-of-justinchiu_cohere_com/pytest-287/test_scan_directory0/test_dir/clean.txt')\"\n\n    def assert_any_call(self, /, *args, **kwargs):\n        \"\"\"assert the mock has been called with the specified arguments.\n    \n        The assert passes if the mock has *ever* been called, unlike\n        `assert_called_with` and `assert_called_once_with` that only pass if\n        the call is the most recent one.\"\"\"\n        expected = self._call_matcher(_Call((args, kwargs), two=True))\n        cause = expected if isinstance(expected, Exception) else None\n        actual = [self._call_matcher(c) for c in self.call_args_list]\n        if cause or expected not in _AnyComparer(actual):\n            expected_string = self._format_mock_call_signature(args, kwargs)\n>           raise AssertionError(\n                '%s call not found' % expected_string\n            ) from cause\nE           AssertionError: scan_file('/tmp/pytest-of-justinchiu_cohere_com/pytest-287/test_scan_directory0/test_dir/clean.txt') call not found\n\n../../../../.local/share/uv/python/cpython-3.12.9-linux-x86_64-gnu/lib/python3.12/unittest/mock.py:1020: AssertionError"}, "teardown": {"duration": 0.0002356420736759901, "outcome": "passed"}}, {"nodeid": "tests/security_auditor/test_detection.py::TestScanner::test_scan_nonexistent_file", "lineno": 238, "outcome": "failed", "keywords": ["test_scan_nonexistent_file", "TestScanner", "test_detection.py", "security_auditor", "tests", "unified", ""], "setup": {"duration": 0.0001823629718273878, "outcome": "passed"}, "call": {"duration": 0.0037585629615932703, "outcome": "failed", "crash": {"path": "/home/justinchiu_cohere_com/librarybench/projects/file_system_analyzer/file_system_analyzer_security_auditor/tests/test_detection.py", "lineno": 244, "message": "assert None is not None\n +  where None = ScanResult(file_metadata=FileMetadata(file_path='/nonexistent/file.txt', file_size=0, file_type=\"cannot open `/nonexis...>, tags=[]), matches=[], scan_time=datetime.datetime(2025, 5, 15, 23, 48, 58, 316190), scan_duration=0.003, error=None).error"}, "traceback": [{"path": "../file_system_analyzer_security_auditor/tests/test_detection.py", "lineno": 244, "message": "AssertionError"}], "log": [{"name": "common.utils.file_utils", "msg": "Error getting stats for /nonexistent/file.txt: [Errno 2] No such file or directory: '/nonexistent/file.txt'", "args": null, "levelname": "ERROR", "levelno": 40, "pathname": "/home/justinchiu_cohere_com/librarybench/projects/file_system_analyzer/unified/common/utils/file_utils.py", "filename": "file_utils.py", "module": "file_utils", "exc_info": null, "exc_text": null, "stack_info": null, "lineno": 67, "funcName": "get_file_stats", "created": 1747352938.3162541, "msecs": 316.0, "relativeCreated": 1290.8010482788086, "thread": 140563137455936, "threadName": "MainThread", "processName": "MainProcess", "process": 2461587, "taskName": null}, {"name": "common.utils.file_utils", "msg": "Error reading file /nonexistent/file.txt: [Errno 2] No such file or directory: '/nonexistent/file.txt'", "args": null, "levelname": "ERROR", "levelno": 40, "pathname": "/home/justinchiu_cohere_com/librarybench/projects/file_system_analyzer/unified/common/utils/file_utils.py", "filename": "file_utils.py", "module": "file_utils", "exc_info": null, "exc_text": null, "stack_info": null, "lineno": 374, "funcName": "read_file_sample", "created": 1747352938.3190844, "msecs": 319.0, "relativeCreated": 1293.6313152313232, "thread": 140563137455936, "threadName": "MainThread", "processName": "MainProcess", "process": 2461587, "taskName": null}], "longrepr": "self = <tests.security_auditor.test_detection.TestScanner object at 0x7fd6c3f5a9f0>\n\n    def test_scan_nonexistent_file(self):\n        \"\"\"Test scanning a nonexistent file.\"\"\"\n        scanner = SensitiveDataScanner()\n        result = scanner.scan_file(\"/nonexistent/file.txt\")\n    \n>       assert result.error is not None\nE       assert None is not None\nE        +  where None = ScanResult(file_metadata=FileMetadata(file_path='/nonexistent/file.txt', file_size=0, file_type=\"cannot open `/nonexis...>, tags=[]), matches=[], scan_time=datetime.datetime(2025, 5, 15, 23, 48, 58, 316190), scan_duration=0.003, error=None).error\n\n../file_system_analyzer_security_auditor/tests/test_detection.py:244: AssertionError"}, "teardown": {"duration": 0.0001964210532605648, "outcome": "passed"}}, {"nodeid": "tests/security_auditor/test_detection.py::TestScanner::test_scan_options_with_specific_patterns", "lineno": 245, "outcome": "passed", "keywords": ["test_scan_options_with_specific_patterns", "TestScanner", "test_detection.py", "security_auditor", "tests", "unified", ""], "setup": {"duration": 0.00018478906713426113, "outcome": "passed"}, "call": {"duration": 0.0002344772219657898, "outcome": "passed"}, "teardown": {"duration": 0.00015389802865684032, "outcome": "passed"}}, {"nodeid": "tests/security_auditor/test_differential.py::TestBaseline::test_baseline_creation", "lineno": 35, "outcome": "passed", "keywords": ["test_baseline_creation", "TestBaseline", "test_differential.py", "security_auditor", "tests", "unified", ""], "setup": {"duration": 0.0001834689173847437, "outcome": "passed"}, "call": {"duration": 0.0002483848948031664, "outcome": "passed"}, "teardown": {"duration": 0.00014821789227426052, "outcome": "passed"}}, {"nodeid": "tests/security_auditor/test_differential.py::TestBaseline::test_baseline_signing_and_verification", "lineno": 51, "outcome": "passed", "keywords": ["test_baseline_signing_and_verification", "TestBaseline", "test_differential.py", "security_auditor", "tests", "unified", ""], "setup": {"duration": 0.0001584300771355629, "outcome": "passed"}, "call": {"duration": 0.0005125899333506823, "outcome": "passed"}, "teardown": {"duration": 0.00015396508388221264, "outcome": "passed"}}, {"nodeid": "tests/security_auditor/test_differential.py::TestDifferentialAnalyzer::test_create_baseline", "lineno": 234, "outcome": "passed", "keywords": ["test_create_baseline", "TestDifferentialAnalyzer", "test_differential.py", "security_auditor", "tests", "unified", ""], "setup": {"duration": 0.00030356994830071926, "outcome": "passed"}, "call": {"duration": 0.0003229980356991291, "outcome": "passed"}, "teardown": {"duration": 0.00017255404964089394, "outcome": "passed"}}, {"nodeid": "tests/security_auditor/test_differential.py::TestDifferentialAnalyzer::test_save_and_load_baseline", "lineno": 261, "outcome": "passed", "keywords": ["test_save_and_load_baseline", "TestDifferentialAnalyzer", "test_differential.py", "security_auditor", "tests", "unified", ""], "setup": {"duration": 0.0006362339481711388, "outcome": "passed"}, "call": {"duration": 0.0006115860305726528, "outcome": "passed"}, "teardown": {"duration": 0.00020253891125321388, "outcome": "passed"}}, {"nodeid": "tests/security_auditor/test_differential.py::TestDifferentialAnalyzer::test_signed_baseline", "lineno": 295, "outcome": "passed", "keywords": ["test_signed_baseline", "TestDifferentialAnalyzer", "test_differential.py", "security_auditor", "tests", "unified", ""], "setup": {"duration": 0.0006238250061869621, "outcome": "passed"}, "call": {"duration": 0.0007987089920789003, "outcome": "passed"}, "teardown": {"duration": 0.0002063040155917406, "outcome": "passed"}}, {"nodeid": "tests/security_auditor/test_differential.py::TestDifferentialAnalyzer::test_compare_unchanged", "lineno": 321, "outcome": "passed", "keywords": ["test_compare_unchanged", "TestDifferentialAnalyzer", "test_differential.py", "security_auditor", "tests", "unified", ""], "setup": {"duration": 0.00027540395967662334, "outcome": "passed"}, "call": {"duration": 0.00036289822310209274, "outcome": "passed"}, "teardown": {"duration": 0.00017387093976140022, "outcome": "passed"}}, {"nodeid": "tests/security_auditor/test_differential.py::TestDifferentialAnalyzer::test_compare_with_changes", "lineno": 345, "outcome": "passed", "keywords": ["test_compare_with_changes", "TestDifferentialAnalyzer", "test_differential.py", "security_auditor", "tests", "unified", ""], "setup": {"duration": 0.000362589955329895, "outcome": "passed"}, "call": {"duration": 0.00045948801562190056, "outcome": "passed"}, "teardown": {"duration": 0.00020585907623171806, "outcome": "passed"}}, {"nodeid": "tests/security_auditor/test_differential.py::TestDifferentialAnalyzer::test_compare_with_removals", "lineno": 384, "outcome": "passed", "keywords": ["test_compare_with_removals", "TestDifferentialAnalyzer", "test_differential.py", "security_auditor", "tests", "unified", ""], "setup": {"duration": 0.00026093004271388054, "outcome": "passed"}, "call": {"duration": 0.00030962307937443256, "outcome": "passed"}, "teardown": {"duration": 0.0001778609585016966, "outcome": "passed"}}, {"nodeid": "tests/security_auditor/test_reporting.py::TestComplianceFrameworks::test_framework_registry", "lineno": 44, "outcome": "passed", "keywords": ["test_framework_registry", "TestComplianceFrameworks", "test_reporting.py", "security_auditor", "tests", "unified", ""], "setup": {"duration": 0.0001903199590742588, "outcome": "passed"}, "call": {"duration": 0.0004747267812490463, "outcome": "passed"}, "teardown": {"duration": 0.00016358285211026669, "outcome": "passed"}}, {"nodeid": "tests/security_auditor/test_reporting.py::TestComplianceFrameworks::test_gdpr_framework", "lineno": 71, "outcome": "passed", "keywords": ["test_gdpr_framework", "TestComplianceFrameworks", "test_reporting.py", "security_auditor", "tests", "unified", ""], "setup": {"duration": 0.00016218097880482674, "outcome": "passed"}, "call": {"duration": 0.00030560302548110485, "outcome": "passed"}, "teardown": {"duration": 0.00014548981562256813, "outcome": "passed"}}, {"nodeid": "tests/security_auditor/test_reporting.py::TestComplianceFrameworks::test_hipaa_framework", "lineno": 90, "outcome": "passed", "keywords": ["test_hipaa_framework", "TestComplianceFrameworks", "test_reporting.py", "security_auditor", "tests", "unified", ""], "setup": {"duration": 0.00016111391596496105, "outcome": "passed"}, "call": {"duration": 0.0002741720527410507, "outcome": "passed"}, "teardown": {"duration": 0.00014280597679316998, "outcome": "passed"}}, {"nodeid": "tests/security_auditor/test_reporting.py::TestComplianceFrameworks::test_pci_dss_framework", "lineno": 104, "outcome": "passed", "keywords": ["test_pci_dss_framework", "TestComplianceFrameworks", "test_reporting.py", "security_auditor", "tests", "unified", ""], "setup": {"duration": 0.00015217997133731842, "outcome": "passed"}, "call": {"duration": 0.0002704930957406759, "outcome": "passed"}, "teardown": {"duration": 0.00013863807544112206, "outcome": "passed"}}, {"nodeid": "tests/security_auditor/test_reporting.py::TestComplianceFrameworks::test_sox_framework", "lineno": 118, "outcome": "passed", "keywords": ["test_sox_framework", "TestComplianceFrameworks", "test_reporting.py", "security_auditor", "tests", "unified", ""], "setup": {"duration": 0.00017113704234361649, "outcome": "passed"}, "call": {"duration": 0.0002443399280309677, "outcome": "passed"}, "teardown": {"duration": 0.00015564518980681896, "outcome": "passed"}}, {"nodeid": "tests/security_auditor/test_reporting.py::TestComplianceFrameworks::test_frameworks_for_category", "lineno": 132, "outcome": "passed", "keywords": ["test_frameworks_for_category", "TestComplianceFrameworks", "test_reporting.py", "security_auditor", "tests", "unified", ""], "setup": {"duration": 0.00015658489428460598, "outcome": "passed"}, "call": {"duration": 0.00024576112627983093, "outcome": "passed"}, "teardown": {"duration": 0.00014063995331525803, "outcome": "passed"}}, {"nodeid": "tests/security_auditor/test_reporting.py::TestReportGeneration::test_report_generator_gdpr", "lineno": 231, "outcome": "passed", "keywords": ["test_report_generator_gdpr", "TestReportGeneration", "test_reporting.py", "security_auditor", "tests", "unified", ""], "setup": {"duration": 0.0002932541538029909, "outcome": "passed"}, "call": {"duration": 0.00042043207213282585, "outcome": "passed"}, "teardown": {"duration": 0.00017295707948505878, "outcome": "passed"}}, {"nodeid": "tests/security_auditor/test_reporting.py::TestReportGeneration::test_report_generator_pci", "lineno": 259, "outcome": "passed", "keywords": ["test_report_generator_pci", "TestReportGeneration", "test_reporting.py", "security_auditor", "tests", "unified", ""], "setup": {"duration": 0.000283464090898633, "outcome": "passed"}, "call": {"duration": 0.0003510999958962202, "outcome": "passed"}, "teardown": {"duration": 0.00017421413213014603, "outcome": "passed"}}, {"nodeid": "tests/security_auditor/test_reporting.py::TestReportGeneration::test_report_metrics", "lineno": 287, "outcome": "passed", "keywords": ["test_report_metrics", "TestReportGeneration", "test_reporting.py", "security_auditor", "tests", "unified", ""], "setup": {"duration": 0.0002742570359259844, "outcome": "passed"}, "call": {"duration": 0.00037370086647570133, "outcome": "passed"}, "teardown": {"duration": 0.00017212308011949062, "outcome": "passed"}}, {"nodeid": "tests/security_auditor/test_reporting.py::TestReportGeneration::test_report_serialization", "lineno": 303, "outcome": "passed", "keywords": ["test_report_serialization", "TestReportGeneration", "test_reporting.py", "security_auditor", "tests", "unified", ""], "setup": {"duration": 0.00026369187980890274, "outcome": "passed"}, "call": {"duration": 0.0004791261162608862, "outcome": "passed"}, "teardown": {"duration": 0.0001817820593714714, "outcome": "passed"}}, {"nodeid": "tests/security_auditor/test_reporting.py::TestReportGeneration::test_report_signing_and_verification", "lineno": 324, "outcome": "passed", "keywords": ["test_report_signing_and_verification", "TestReportGeneration", "test_reporting.py", "security_auditor", "tests", "unified", ""], "setup": {"duration": 0.00028096302412450314, "outcome": "passed"}, "call": {"duration": 0.000826176954433322, "outcome": "passed"}, "teardown": {"duration": 0.0001867969986051321, "outcome": "passed"}}, {"nodeid": "tests/security_auditor/test_reporting.py::TestReportGeneration::test_report_saving", "lineno": 361, "outcome": "passed", "keywords": ["test_report_saving", "TestReportGeneration", "test_reporting.py", "security_auditor", "tests", "unified", ""], "setup": {"duration": 0.0006355240475386381, "outcome": "passed"}, "call": {"duration": 0.0007681481074541807, "outcome": "passed"}, "teardown": {"duration": 0.00021687103435397148, "outcome": "passed"}}, {"nodeid": "tests/security_auditor/test_scanner.py::TestComplianceScanOptions::test_default_options", "lineno": 32, "outcome": "passed", "keywords": ["test_default_options", "TestComplianceScanOptions", "test_scanner.py", "security_auditor", "tests", "unified", ""], "setup": {"duration": 0.0002013910561800003, "outcome": "passed"}, "call": {"duration": 0.0003030120860785246, "outcome": "passed"}, "teardown": {"duration": 0.00014693895354866982, "outcome": "passed"}}, {"nodeid": "tests/security_auditor/test_scanner.py::TestComplianceScanOptions::test_custom_options", "lineno": 49, "outcome": "passed", "keywords": ["test_custom_options", "TestComplianceScanOptions", "test_scanner.py", "security_auditor", "tests", "unified", ""], "setup": {"duration": 0.0001621630508452654, "outcome": "passed"}, "call": {"duration": 0.00030260998755693436, "outcome": "passed"}, "teardown": {"duration": 0.00016043218784034252, "outcome": "passed"}}, {"nodeid": "tests/security_auditor/test_scanner.py::TestComplianceScanner::test_scanner_initialization", "lineno": 86, "outcome": "passed", "keywords": ["test_scanner_initialization", "TestComplianceScanner", "test_scanner.py", "security_auditor", "tests", "unified", ""], "setup": {"duration": 0.00016175699420273304, "outcome": "passed"}, "call": {"duration": 0.0004430580884218216, "outcome": "passed"}, "teardown": {"duration": 0.0001580060925334692, "outcome": "passed"}}, {"nodeid": "tests/security_auditor/test_scanner.py::TestComplianceScanner::test_scan_directory", "lineno": 117, "outcome": "passed", "keywords": ["test_scan_directory", "TestComplianceScanner", "test_scanner.py", "security_auditor", "tests", "unified", ""], "setup": {"duration": 0.0005696238949894905, "outcome": "passed"}, "call": {"duration": 0.0043549928814172745, "outcome": "passed"}, "teardown": {"duration": 0.00020168698392808437, "outcome": "passed"}}, {"nodeid": "tests/security_auditor/test_scanner.py::TestComplianceScanner::test_differential_scan", "lineno": 153, "outcome": "failed", "keywords": ["test_differential_scan", "__wrapped__", "patchings", "TestComplianceScanner", "test_scanner.py", "security_auditor", "tests", "unified", ""], "setup": {"duration": 0.0018339399248361588, "outcome": "passed"}, "call": {"duration": 0.047808992909267545, "outcome": "failed", "crash": {"path": "/home/justinchiu_cohere_com/librarybench/projects/file_system_analyzer/unified/.venv/lib/python3.12/site-packages/pydantic/main.py", "lineno": 989, "message": "AttributeError: 'ScanResult' object has no attribute 'has_matches'"}, "traceback": [{"path": "../file_system_analyzer_security_auditor/tests/test_scanner.py", "lineno": 184, "message": ""}, {"path": "file_system_analyzer/scanner.py", "lineno": 127, "message": "in scan_directory"}, {"path": "file_system_analyzer/detection/scanner.py", "lineno": 222, "message": "in summarize_scan"}, {"path": "common/core/scanner.py", "lineno": 267, "message": "in summarize_scan"}, {"path": "common/core/scanner.py", "lineno": 267, "message": "in <genexpr>"}, {"path": ".venv/lib/python3.12/site-packages/pydantic/main.py", "lineno": 989, "message": "AttributeError"}], "longrepr": "self = <tests.security_auditor.test_scanner.TestComplianceScanner object at 0x7fd6c3e1df70>\nmock_load_baseline = <MagicMock name='load_baseline' id='140560376901568'>\nsample_data_dir = '/tmp/tmpdrzaucd2'\ntmp_path = PosixPath('/tmp/pytest-of-justinchiu_cohere_com/pytest-287/test_differential_scan0')\n\n    @patch('file_system_analyzer.differential.analyzer.DifferentialAnalyzer.load_baseline')\n    def test_differential_scan(self, mock_load_baseline, sample_data_dir, tmp_path):\n        \"\"\"Test differential scanning with baseline.\"\"\"\n        # Create mock baseline\n        mock_baseline = MagicMock()\n        mock_baseline.baseline_id = \"test-baseline\"\n        mock_baseline.verification_info = None\n        mock_baseline.files = {}\n    \n        # Configure mock\n        mock_load_baseline.return_value = mock_baseline\n    \n        # Create output directory\n        output_dir = tmp_path / \"output\"\n        output_dir.mkdir()\n    \n        # Create baseline file\n        baseline_file = output_dir / \"test-baseline.json\"\n        baseline_file.write_text(\"{}\")\n    \n        # Create options\n        options = ComplianceScanOptions(\n            output_dir=str(output_dir),\n            baseline_id=\"test-baseline\"\n        )\n    \n        # Create scanner\n        scanner = ComplianceScanner(options=options)\n    \n        # Scan directory\n>       summary = scanner.scan_directory(sample_data_dir)\n\n../file_system_analyzer_security_auditor/tests/test_scanner.py:184: \n_ _ _ _ _ _ _ _ _ _ _ _ _ _ _ _ _ _ _ _ _ _ _ _ _ _ _ _ _ _ _ _ _ _ _ _ _ _ _ _ \nfile_system_analyzer/scanner.py:127: in scan_directory\n    self.scan_summary = self.scanner.summarize_scan(self.scan_results)\nfile_system_analyzer/detection/scanner.py:222: in summarize_scan\n    common_summary = self.common_scanner.summarize_scan(common_results)\ncommon/core/scanner.py:267: in summarize_scan\n    files_matched = sum(1 for r in results if r.has_matches)\ncommon/core/scanner.py:267: in <genexpr>\n    files_matched = sum(1 for r in results if r.has_matches)\n_ _ _ _ _ _ _ _ _ _ _ _ _ _ _ _ _ _ _ _ _ _ _ _ _ _ _ _ _ _ _ _ _ _ _ _ _ _ _ _ \n\nself = ScanResult(file_metadata=FileMetadata(file_path='/tmp/tmpdrzaucd2/large_file.bin', file_size=1048576, file_type='data'...tags=[]), matches=[], scan_time=datetime.datetime(2025, 5, 15, 23, 48, 58, 373127), scan_duration=0.015176, error=None)\nitem = 'has_matches'\n\n    def __getattr__(self, item: str) -> Any:\n        private_attributes = object.__getattribute__(self, '__private_attributes__')\n        if item in private_attributes:\n            attribute = private_attributes[item]\n            if hasattr(attribute, '__get__'):\n                return attribute.__get__(self, type(self))  # type: ignore\n    \n            try:\n                # Note: self.__pydantic_private__ cannot be None if self.__private_attributes__ has items\n                return self.__pydantic_private__[item]  # type: ignore\n            except KeyError as exc:\n                raise AttributeError(f'{type(self).__name__!r} object has no attribute {item!r}') from exc\n        else:\n            # `__pydantic_extra__` can fail to be set if the model is not yet fully initialized.\n            # See `BaseModel.__repr_args__` for more details\n            try:\n                pydantic_extra = object.__getattribute__(self, '__pydantic_extra__')\n            except AttributeError:\n                pydantic_extra = None\n    \n            if pydantic_extra:\n                try:\n                    return pydantic_extra[item]\n                except KeyError as exc:\n                    raise AttributeError(f'{type(self).__name__!r} object has no attribute {item!r}') from exc\n            else:\n                if hasattr(self.__class__, item):\n                    return super().__getattribute__(item)  # Raises AttributeError if appropriate\n                else:\n                    # this is the current error\n>                   raise AttributeError(f'{type(self).__name__!r} object has no attribute {item!r}')\nE                   AttributeError: 'ScanResult' object has no attribute 'has_matches'\n\n.venv/lib/python3.12/site-packages/pydantic/main.py:989: AttributeError"}, "teardown": {"duration": 0.0006406400352716446, "outcome": "passed"}}, {"nodeid": "tests/security_auditor/test_scanner.py::TestComplianceScanner::test_error_handling", "lineno": 196, "outcome": "passed", "keywords": ["test_error_handling", "TestComplianceScanner", "test_scanner.py", "security_auditor", "tests", "unified", ""], "setup": {"duration": 0.0005862950347363949, "outcome": "passed"}, "call": {"duration": 0.0026569718029350042, "outcome": "passed"}, "teardown": {"duration": 0.00046959612518548965, "outcome": "passed"}}], "warnings": [{"message": "Support for class-based `config` is deprecated, use ConfigDict instead. Deprecated in Pydantic V2.0 to be removed in V3.0. See Pydantic V2 Migration Guide at https://errors.pydantic.dev/2.11/migration/", "category": "PydanticDeprecatedSince20", "when": "collect", "filename": "/home/justinchiu_cohere_com/librarybench/projects/file_system_analyzer/unified/.venv/lib/python3.12/site-packages/pydantic/_internal/_config.py", "lineno": 323}, {"message": "Support for class-based `config` is deprecated, use ConfigDict instead. Deprecated in Pydantic V2.0 to be removed in V3.0. See Pydantic V2 Migration Guide at https://errors.pydantic.dev/2.11/migration/", "category": "PydanticDeprecatedSince20", "when": "collect", "filename": "/home/justinchiu_cohere_com/librarybench/projects/file_system_analyzer/unified/.venv/lib/python3.12/site-packages/pydantic/_internal/_config.py", "lineno": 323}, {"message": "Support for class-based `config` is deprecated, use ConfigDict instead. Deprecated in Pydantic V2.0 to be removed in V3.0. See Pydantic V2 Migration Guide at https://errors.pydantic.dev/2.11/migration/", "category": "PydanticDeprecatedSince20", "when": "collect", "filename": "/home/justinchiu_cohere_com/librarybench/projects/file_system_analyzer/unified/.venv/lib/python3.12/site-packages/pydantic/_internal/_config.py", "lineno": 323}, {"message": "Support for class-based `config` is deprecated, use ConfigDict instead. Deprecated in Pydantic V2.0 to be removed in V3.0. See Pydantic V2 Migration Guide at https://errors.pydantic.dev/2.11/migration/", "category": "PydanticDeprecatedSince20", "when": "collect", "filename": "/home/justinchiu_cohere_com/librarybench/projects/file_system_analyzer/unified/.venv/lib/python3.12/site-packages/pydantic/_internal/_config.py", "lineno": 323}, {"message": "Support for class-based `config` is deprecated, use ConfigDict instead. Deprecated in Pydantic V2.0 to be removed in V3.0. See Pydantic V2 Migration Guide at https://errors.pydantic.dev/2.11/migration/", "category": "PydanticDeprecatedSince20", "when": "collect", "filename": "/home/justinchiu_cohere_com/librarybench/projects/file_system_analyzer/unified/.venv/lib/python3.12/site-packages/pydantic/_internal/_config.py", "lineno": 323}, {"message": "Support for class-based `config` is deprecated, use ConfigDict instead. Deprecated in Pydantic V2.0 to be removed in V3.0. See Pydantic V2 Migration Guide at https://errors.pydantic.dev/2.11/migration/", "category": "PydanticDeprecatedSince20", "when": "collect", "filename": "/home/justinchiu_cohere_com/librarybench/projects/file_system_analyzer/unified/.venv/lib/python3.12/site-packages/pydantic/_internal/_config.py", "lineno": 323}, {"message": "Support for class-based `config` is deprecated, use ConfigDict instead. Deprecated in Pydantic V2.0 to be removed in V3.0. See Pydantic V2 Migration Guide at https://errors.pydantic.dev/2.11/migration/", "category": "PydanticDeprecatedSince20", "when": "collect", "filename": "/home/justinchiu_cohere_com/librarybench/projects/file_system_analyzer/unified/.venv/lib/python3.12/site-packages/pydantic/_internal/_config.py", "lineno": 323}, {"message": "Support for class-based `config` is deprecated, use ConfigDict instead. Deprecated in Pydantic V2.0 to be removed in V3.0. See Pydantic V2 Migration Guide at https://errors.pydantic.dev/2.11/migration/", "category": "PydanticDeprecatedSince20", "when": "collect", "filename": "/home/justinchiu_cohere_com/librarybench/projects/file_system_analyzer/unified/.venv/lib/python3.12/site-packages/pydantic/_internal/_config.py", "lineno": 323}, {"message": "Support for class-based `config` is deprecated, use ConfigDict instead. Deprecated in Pydantic V2.0 to be removed in V3.0. See Pydantic V2 Migration Guide at https://errors.pydantic.dev/2.11/migration/", "category": "PydanticDeprecatedSince20", "when": "collect", "filename": "/home/justinchiu_cohere_com/librarybench/projects/file_system_analyzer/unified/.venv/lib/python3.12/site-packages/pydantic/_internal/_config.py", "lineno": 323}, {"message": "The `copy` method is deprecated; use `model_copy` instead. See the docstring of `BaseModel.copy` for details about how to handle `include` and `exclude`. Deprecated in Pydantic V2.0 to be removed in V3.0. See Pydantic V2 Migration Guide at https://errors.pydantic.dev/2.11/migration/", "category": "PydanticDeprecatedSince20", "when": "runtest", "filename": "/home/justinchiu_cohere_com/librarybench/projects/file_system_analyzer/file_system_analyzer_db_admin/tests/index_efficiency/test_index_analyzer.py", "lineno": 54}, {"message": "The `dict` method is deprecated; use `model_dump` instead. Deprecated in Pydantic V2.0 to be removed in V3.0. See Pydantic V2 Migration Guide at https://errors.pydantic.dev/2.11/migration/", "category": "PydanticDeprecatedSince20", "when": "runtest", "filename": "/home/justinchiu_cohere_com/librarybench/projects/file_system_analyzer/unified/file_system_analyzer_db_admin/interfaces/api.py", "lineno": 576}, {"message": "The `json` method is deprecated; use `model_dump_json` instead. Deprecated in Pydantic V2.0 to be removed in V3.0. See Pydantic V2 Migration Guide at https://errors.pydantic.dev/2.11/migration/", "category": "PydanticDeprecatedSince20", "when": "runtest", "filename": "/home/justinchiu_cohere_com/librarybench/projects/file_system_analyzer/unified/file_system_analyzer_db_admin/interfaces/api.py", "lineno": 181}, {"message": "The `json` method is deprecated; use `model_dump_json` instead. Deprecated in Pydantic V2.0 to be removed in V3.0. See Pydantic V2 Migration Guide at https://errors.pydantic.dev/2.11/migration/", "category": "PydanticDeprecatedSince20", "when": "runtest", "filename": "/home/justinchiu_cohere_com/librarybench/projects/file_system_analyzer/unified/file_system_analyzer_db_admin/interfaces/api.py", "lineno": 181}, {"message": "The `dict` method is deprecated; use `model_dump` instead. Deprecated in Pydantic V2.0 to be removed in V3.0. See Pydantic V2 Migration Guide at https://errors.pydantic.dev/2.11/migration/", "category": "PydanticDeprecatedSince20", "when": "runtest", "filename": "/home/justinchiu_cohere_com/librarybench/projects/file_system_analyzer/file_system_analyzer_db_admin/tests/interfaces/test_api.py", "lineno": 82}, {"message": "The `dict` method is deprecated; use `model_dump` instead. Deprecated in Pydantic V2.0 to be removed in V3.0. See Pydantic V2 Migration Guide at https://errors.pydantic.dev/2.11/migration/", "category": "PydanticDeprecatedSince20", "when": "runtest", "filename": "/home/justinchiu_cohere_com/librarybench/projects/file_system_analyzer/file_system_analyzer_db_admin/tests/interfaces/test_api.py", "lineno": 82}, {"message": "The `dict` method is deprecated; use `model_dump` instead. Deprecated in Pydantic V2.0 to be removed in V3.0. See Pydantic V2 Migration Guide at https://errors.pydantic.dev/2.11/migration/", "category": "PydanticDeprecatedSince20", "when": "runtest", "filename": "/home/justinchiu_cohere_com/librarybench/projects/file_system_analyzer/unified/file_system_analyzer_db_admin/interfaces/api.py", "lineno": 576}, {"message": "The `json` method is deprecated; use `model_dump_json` instead. Deprecated in Pydantic V2.0 to be removed in V3.0. See Pydantic V2 Migration Guide at https://errors.pydantic.dev/2.11/migration/", "category": "PydanticDeprecatedSince20", "when": "runtest", "filename": "/home/justinchiu_cohere_com/librarybench/projects/file_system_analyzer/unified/file_system_analyzer_db_admin/interfaces/api.py", "lineno": 245}, {"message": "The `dict` method is deprecated; use `model_dump` instead. Deprecated in Pydantic V2.0 to be removed in V3.0. See Pydantic V2 Migration Guide at https://errors.pydantic.dev/2.11/migration/", "category": "PydanticDeprecatedSince20", "when": "runtest", "filename": "/home/justinchiu_cohere_com/librarybench/projects/file_system_analyzer/file_system_analyzer_db_admin/tests/interfaces/test_api.py", "lineno": 111}, {"message": "The `dict` method is deprecated; use `model_dump` instead. Deprecated in Pydantic V2.0 to be removed in V3.0. See Pydantic V2 Migration Guide at https://errors.pydantic.dev/2.11/migration/", "category": "PydanticDeprecatedSince20", "when": "runtest", "filename": "/home/justinchiu_cohere_com/librarybench/projects/file_system_analyzer/file_system_analyzer_db_admin/tests/interfaces/test_api.py", "lineno": 111}, {"message": "The `dict` method is deprecated; use `model_dump` instead. Deprecated in Pydantic V2.0 to be removed in V3.0. See Pydantic V2 Migration Guide at https://errors.pydantic.dev/2.11/migration/", "category": "PydanticDeprecatedSince20", "when": "runtest", "filename": "/home/justinchiu_cohere_com/librarybench/projects/file_system_analyzer/file_system_analyzer_db_admin/tests/interfaces/test_api.py", "lineno": 111}, {"message": "The `dict` method is deprecated; use `model_dump` instead. Deprecated in Pydantic V2.0 to be removed in V3.0. See Pydantic V2 Migration Guide at https://errors.pydantic.dev/2.11/migration/", "category": "PydanticDeprecatedSince20", "when": "runtest", "filename": "/home/justinchiu_cohere_com/librarybench/projects/file_system_analyzer/file_system_analyzer_db_admin/tests/interfaces/test_api.py", "lineno": 111}, {"message": "The `dict` method is deprecated; use `model_dump` instead. Deprecated in Pydantic V2.0 to be removed in V3.0. See Pydantic V2 Migration Guide at https://errors.pydantic.dev/2.11/migration/", "category": "PydanticDeprecatedSince20", "when": "runtest", "filename": "/home/justinchiu_cohere_com/librarybench/projects/file_system_analyzer/file_system_analyzer_db_admin/tests/interfaces/test_api.py", "lineno": 111}, {"message": "The `dict` method is deprecated; use `model_dump` instead. Deprecated in Pydantic V2.0 to be removed in V3.0. See Pydantic V2 Migration Guide at https://errors.pydantic.dev/2.11/migration/", "category": "PydanticDeprecatedSince20", "when": "runtest", "filename": "/home/justinchiu_cohere_com/librarybench/projects/file_system_analyzer/file_system_analyzer_db_admin/tests/interfaces/test_api.py", "lineno": 111}, {"message": "The `dict` method is deprecated; use `model_dump` instead. Deprecated in Pydantic V2.0 to be removed in V3.0. See Pydantic V2 Migration Guide at https://errors.pydantic.dev/2.11/migration/", "category": "PydanticDeprecatedSince20", "when": "runtest", "filename": "/home/justinchiu_cohere_com/librarybench/projects/file_system_analyzer/file_system_analyzer_db_admin/tests/interfaces/test_api.py", "lineno": 111}, {"message": "The `dict` method is deprecated; use `model_dump` instead. Deprecated in Pydantic V2.0 to be removed in V3.0. See Pydantic V2 Migration Guide at https://errors.pydantic.dev/2.11/migration/", "category": "PydanticDeprecatedSince20", "when": "runtest", "filename": "/home/justinchiu_cohere_com/librarybench/projects/file_system_analyzer/unified/file_system_analyzer_db_admin/interfaces/api.py", "lineno": 576}, {"message": "The `json` method is deprecated; use `model_dump_json` instead. Deprecated in Pydantic V2.0 to be removed in V3.0. See Pydantic V2 Migration Guide at https://errors.pydantic.dev/2.11/migration/", "category": "PydanticDeprecatedSince20", "when": "runtest", "filename": "/home/justinchiu_cohere_com/librarybench/projects/file_system_analyzer/unified/file_system_analyzer_db_admin/interfaces/api.py", "lineno": 308}, {"message": "The `dict` method is deprecated; use `model_dump` instead. Deprecated in Pydantic V2.0 to be removed in V3.0. See Pydantic V2 Migration Guide at https://errors.pydantic.dev/2.11/migration/", "category": "PydanticDeprecatedSince20", "when": "runtest", "filename": "/home/justinchiu_cohere_com/librarybench/projects/file_system_analyzer/file_system_analyzer_db_admin/tests/interfaces/test_api.py", "lineno": 143}, {"message": "The `dict` method is deprecated; use `model_dump` instead. Deprecated in Pydantic V2.0 to be removed in V3.0. See Pydantic V2 Migration Guide at https://errors.pydantic.dev/2.11/migration/", "category": "PydanticDeprecatedSince20", "when": "runtest", "filename": "/home/justinchiu_cohere_com/librarybench/projects/file_system_analyzer/file_system_analyzer_db_admin/tests/interfaces/test_api.py", "lineno": 143}, {"message": "The `dict` method is deprecated; use `model_dump` instead. Deprecated in Pydantic V2.0 to be removed in V3.0. See Pydantic V2 Migration Guide at https://errors.pydantic.dev/2.11/migration/", "category": "PydanticDeprecatedSince20", "when": "runtest", "filename": "/home/justinchiu_cohere_com/librarybench/projects/file_system_analyzer/file_system_analyzer_db_admin/tests/interfaces/test_api.py", "lineno": 143}, {"message": "The `dict` method is deprecated; use `model_dump` instead. Deprecated in Pydantic V2.0 to be removed in V3.0. See Pydantic V2 Migration Guide at https://errors.pydantic.dev/2.11/migration/", "category": "PydanticDeprecatedSince20", "when": "runtest", "filename": "/home/justinchiu_cohere_com/librarybench/projects/file_system_analyzer/unified/file_system_analyzer_db_admin/interfaces/api.py", "lineno": 576}, {"message": "The `json` method is deprecated; use `model_dump_json` instead. Deprecated in Pydantic V2.0 to be removed in V3.0. See Pydantic V2 Migration Guide at https://errors.pydantic.dev/2.11/migration/", "category": "PydanticDeprecatedSince20", "when": "runtest", "filename": "/home/justinchiu_cohere_com/librarybench/projects/file_system_analyzer/unified/file_system_analyzer_db_admin/interfaces/api.py", "lineno": 371}, {"message": "The `dict` method is deprecated; use `model_dump` instead. Deprecated in Pydantic V2.0 to be removed in V3.0. See Pydantic V2 Migration Guide at https://errors.pydantic.dev/2.11/migration/", "category": "PydanticDeprecatedSince20", "when": "runtest", "filename": "/home/justinchiu_cohere_com/librarybench/projects/file_system_analyzer/unified/file_system_analyzer_db_admin/interfaces/api.py", "lineno": 576}, {"message": "The `json` method is deprecated; use `model_dump_json` instead. Deprecated in Pydantic V2.0 to be removed in V3.0. See Pydantic V2 Migration Guide at https://errors.pydantic.dev/2.11/migration/", "category": "PydanticDeprecatedSince20", "when": "runtest", "filename": "/home/justinchiu_cohere_com/librarybench/projects/file_system_analyzer/unified/file_system_analyzer_db_admin/interfaces/api.py", "lineno": 431}, {"message": "The `json` method is deprecated; use `model_dump_json` instead. Deprecated in Pydantic V2.0 to be removed in V3.0. See Pydantic V2 Migration Guide at https://errors.pydantic.dev/2.11/migration/", "category": "PydanticDeprecatedSince20", "when": "runtest", "filename": "/home/justinchiu_cohere_com/librarybench/projects/file_system_analyzer/unified/file_system_analyzer_db_admin/interfaces/api.py", "lineno": 181}, {"message": "The `json` method is deprecated; use `model_dump_json` instead. Deprecated in Pydantic V2.0 to be removed in V3.0. See Pydantic V2 Migration Guide at https://errors.pydantic.dev/2.11/migration/", "category": "PydanticDeprecatedSince20", "when": "runtest", "filename": "/home/justinchiu_cohere_com/librarybench/projects/file_system_analyzer/unified/file_system_analyzer_db_admin/interfaces/api.py", "lineno": 245}, {"message": "The `json` method is deprecated; use `model_dump_json` instead. Deprecated in Pydantic V2.0 to be removed in V3.0. See Pydantic V2 Migration Guide at https://errors.pydantic.dev/2.11/migration/", "category": "PydanticDeprecatedSince20", "when": "runtest", "filename": "/home/justinchiu_cohere_com/librarybench/projects/file_system_analyzer/unified/file_system_analyzer_db_admin/interfaces/api.py", "lineno": 431}, {"message": "divide by zero encountered in scalar divide", "category": "RuntimeWarning", "when": "runtest", "filename": "/home/justinchiu_cohere_com/librarybench/projects/file_system_analyzer/unified/file_system_analyzer_db_admin/transaction_log_analysis/log_analyzer.py", "lineno": 259}, {"message": "divide by zero encountered in scalar divide", "category": "RuntimeWarning", "when": "runtest", "filename": "/home/justinchiu_cohere_com/librarybench/projects/file_system_analyzer/unified/file_system_analyzer_db_admin/transaction_log_analysis/log_analyzer.py", "lineno": 272}]}