================================================================ test session starts =================================================================
platform darwin -- Python 3.13.2, pytest-8.3.5, pluggy-1.5.0
rootdir: /Users/celine/Research/librarybench
configfile: pyproject.toml
plugins: anyio-4.9.0, json-report-1.5.0, timeout-2.4.0, metadata-3.1.1
timeout: 60.0s
timeout method: signal
timeout func_only: False
collected 11 items

test_fswatcher.py .......F...                                                                                                                  [100%]

====================================================================== FAILURES ======================================================================
_________________________________________________________________ test_async_watcher _________________________________________________________________

pyfuncitem = <Function test_async_watcher>

    def pytest_pyfunc_call(pyfuncitem):
        """
        Execute async test functions in their own event loop if no pytestâ€asyncio plugin is present.
        """
        testfunc = pyfuncitem.obj
        if asyncio.iscoroutinefunction(testfunc):
            # Gather fixture arguments
            funcargs = pyfuncitem.funcargs
            # Create a fresh event loop for this test
            loop = asyncio.new_event_loop()
            try:
                asyncio.set_event_loop(loop)
                # Run the coroutine
>               loop.run_until_complete(testfunc(**funcargs))
E               TypeError: test_async_watcher() got an unexpected keyword argument 'tmp_path_factory'

conftest.py:24: TypeError
-------------------------------------------------------------------- JSON report ---------------------------------------------------------------------
report saved to: report.json
============================================================== short test summary info ===============================================================
FAILED test_fswatcher.py::test_async_watcher - TypeError: test_async_watcher() got an unexpected keyword argument 'tmp_path_factory'
============================================================ 1 failed, 10 passed in 3.75s ============================================================
