======================================== test session starts ========================================
platform darwin -- Python 3.13.2, pytest-8.3.5, pluggy-1.5.0
rootdir: /Users/celine/Research/librarybench
configfile: pyproject.toml
plugins: anyio-4.9.0, json-report-1.5.0, metadata-3.1.1
collected 41 items

Security_Expert/tests/test_codec.py ..........                                                [ 24%]
Technical_Writer/test_format_specification.py ...............                                 [ 60%]
DevOps_Engineer/test_compression.py F...                                                      [ 70%]
DevOps_Engineer/test_endianness.py .......                                                    [ 87%]
DevOps_Engineer/test_streaming.py ...                                                         [ 95%]
DevOps_Engineer/test_integration.py ..                                                        [100%]

============================================= FAILURES ==============================================
_____________________________ test_compression_option_str_compressible ______________________________

    def test_compression_option_str_compressible():
        data = 'aaaaaa'  # compressible
        result = compression_option(data)
        assert isinstance(result, (bytes, bytearray))
        # decompress should recover original
>       assert zlib.decompress(result).decode('utf-8') == data
E       zlib.error: Error -3 while decompressing data: incorrect header check

../data_encoder_o4-mini_group0_original/DevOps_Engineer/test_compression.py:10: error
-------------------------------------------- JSON report --------------------------------------------
report saved to: report.json
====================================== short test summary info ======================================
FAILED DevOps_Engineer/test_compression.py::test_compression_option_str_compressible - zlib.error:...
=================================== 1 failed, 40 passed in 0.10s ====================================
