{"created": 1746042700.069361, "duration": 0.07043910026550293, "exitcode": 1, "root": "/Users/celine/Research/librarybench", "environment": {}, "summary": {"passed": 6, "failed": 1, "total": 7, "collected": 7}, "collectors": [{"nodeid": "", "outcome": "passed", "result": [{"nodeid": "workflow_orchestration_SoftwareDeveloper_o4-mini_iterative", "type": "Dir"}]}, {"nodeid": "workflow_orchestration_SoftwareDeveloper_o4-mini_iterative/tasks", "outcome": "passed", "result": []}, {"nodeid": "workflow_orchestration_SoftwareDeveloper_o4-mini_iterative/test_backoff_strategy.py", "outcome": "passed", "result": [{"nodeid": "workflow_orchestration_SoftwareDeveloper_o4-mini_iterative/test_backoff_strategy.py::test_exponential_backoff", "type": "Function", "lineno": 4}]}, {"nodeid": "workflow_orchestration_SoftwareDeveloper_o4-mini_iterative/test_dynamic_task_creation.py", "outcome": "passed", "result": [{"nodeid": "workflow_orchestration_SoftwareDeveloper_o4-mini_iterative/test_dynamic_task_creation.py::test_register_and_execute_at_runtime", "type": "Function", "lineno": 4}]}, {"nodeid": "workflow_orchestration_SoftwareDeveloper_o4-mini_iterative/test_metadata_and_alerting.py", "outcome": "passed", "result": [{"nodeid": "workflow_orchestration_SoftwareDeveloper_o4-mini_iterative/test_metadata_and_alerting.py::test_metadata_records_and_alert_payload", "type": "Function", "lineno": 6}]}, {"nodeid": "workflow_orchestration_SoftwareDeveloper_o4-mini_iterative/test_output.txt", "outcome": "passed", "result": []}, {"nodeid": "workflow_orchestration_SoftwareDeveloper_o4-mini_iterative/test_task_retry.py", "outcome": "passed", "result": [{"nodeid": "workflow_orchestration_SoftwareDeveloper_o4-mini_iterative/test_task_retry.py::test_retry_and_success", "type": "Function", "lineno": 5}, {"nodeid": "workflow_orchestration_SoftwareDeveloper_o4-mini_iterative/test_task_retry.py::test_always_fail_and_alert", "type": "Function", "lineno": 37}]}, {"nodeid": "workflow_orchestration_SoftwareDeveloper_o4-mini_iterative/test_task_success.py", "outcome": "passed", "result": [{"nodeid": "workflow_orchestration_SoftwareDeveloper_o4-mini_iterative/test_task_success.py::test_simple_success", "type": "Function", "lineno": 6}]}, {"nodeid": "workflow_orchestration_SoftwareDeveloper_o4-mini_iterative/test_timeout.py", "outcome": "passed", "result": [{"nodeid": "workflow_orchestration_SoftwareDeveloper_o4-mini_iterative/test_timeout.py::test_timeout_and_retry", "type": "Function", "lineno": 5}]}, {"nodeid": "workflow_orchestration_SoftwareDeveloper_o4-mini_iterative", "outcome": "passed", "result": [{"nodeid": "workflow_orchestration_SoftwareDeveloper_o4-mini_iterative/tasks", "type": "Package"}, {"nodeid": "workflow_orchestration_SoftwareDeveloper_o4-mini_iterative/test_backoff_strategy.py", "type": "Module"}, {"nodeid": "workflow_orchestration_SoftwareDeveloper_o4-mini_iterative/test_dynamic_task_creation.py", "type": "Module"}, {"nodeid": "workflow_orchestration_SoftwareDeveloper_o4-mini_iterative/test_metadata_and_alerting.py", "type": "Module"}, {"nodeid": "workflow_orchestration_SoftwareDeveloper_o4-mini_iterative/test_output.txt", "type": "DoctestTextfile"}, {"nodeid": "workflow_orchestration_SoftwareDeveloper_o4-mini_iterative/test_task_retry.py", "type": "Module"}, {"nodeid": "workflow_orchestration_SoftwareDeveloper_o4-mini_iterative/test_task_success.py", "type": "Module"}, {"nodeid": "workflow_orchestration_SoftwareDeveloper_o4-mini_iterative/test_timeout.py", "type": "Module"}]}], "tests": [{"nodeid": "workflow_orchestration_SoftwareDeveloper_o4-mini_iterative/test_backoff_strategy.py::test_exponential_backoff", "lineno": 4, "outcome": "passed", "keywords": ["test_exponential_backoff", "test_backoff_strategy.py", "workflow_orchestration_SoftwareDeveloper_o4-mini_iterative", "librarybench", ""], "setup": {"duration": 0.00014258298324421048, "outcome": "passed"}, "call": {"duration": 0.0005727500247303396, "outcome": "passed"}, "teardown": {"duration": 0.00010929099516943097, "outcome": "passed"}}, {"nodeid": "workflow_orchestration_SoftwareDeveloper_o4-mini_iterative/test_dynamic_task_creation.py::test_register_and_execute_at_runtime", "lineno": 4, "outcome": "passed", "keywords": ["test_register_and_execute_at_runtime", "test_dynamic_task_creation.py", "workflow_orchestration_SoftwareDeveloper_o4-mini_iterative", "librarybench", ""], "setup": {"duration": 9.933300316333771e-05, "outcome": "passed"}, "call": {"duration": 0.0003051670209970325, "outcome": "passed"}, "teardown": {"duration": 7.73330102674663e-05, "outcome": "passed"}}, {"nodeid": "workflow_orchestration_SoftwareDeveloper_o4-mini_iterative/test_metadata_and_alerting.py::test_metadata_records_and_alert_payload", "lineno": 6, "outcome": "passed", "keywords": ["test_metadata_records_and_alert_payload", "test_metadata_and_alerting.py", "workflow_orchestration_SoftwareDeveloper_o4-mini_iterative", "librarybench", ""], "setup": {"duration": 7.812498370185494e-05, "outcome": "passed"}, "call": {"duration": 0.0002582919842097908, "outcome": "passed"}, "teardown": {"duration": 7.750000804662704e-05, "outcome": "passed"}}, {"nodeid": "workflow_orchestration_SoftwareDeveloper_o4-mini_iterative/test_task_retry.py::test_retry_and_success", "lineno": 5, "outcome": "passed", "keywords": ["test_retry_and_success", "test_task_retry.py", "workflow_orchestration_SoftwareDeveloper_o4-mini_iterative", "librarybench", ""], "setup": {"duration": 7.966699195094407e-05, "outcome": "passed"}, "call": {"duration": 0.0002792080049403012, "outcome": "passed"}, "teardown": {"duration": 7.149999146349728e-05, "outcome": "passed"}}, {"nodeid": "workflow_orchestration_SoftwareDeveloper_o4-mini_iterative/test_task_retry.py::test_always_fail_and_alert", "lineno": 37, "outcome": "passed", "keywords": ["test_always_fail_and_alert", "test_task_retry.py", "workflow_orchestration_SoftwareDeveloper_o4-mini_iterative", "librarybench", ""], "setup": {"duration": 7.949999417178333e-05, "outcome": "passed"}, "call": {"duration": 0.00022808299399912357, "outcome": "passed"}, "teardown": {"duration": 6.562500493600965e-05, "outcome": "passed"}}, {"nodeid": "workflow_orchestration_SoftwareDeveloper_o4-mini_iterative/test_task_success.py::test_simple_success", "lineno": 6, "outcome": "passed", "keywords": ["test_simple_success", "test_task_success.py", "workflow_orchestration_SoftwareDeveloper_o4-mini_iterative", "librarybench", ""], "setup": {"duration": 7.270800415426493e-05, "outcome": "passed"}, "call": {"duration": 0.00020825001411139965, "outcome": "passed"}, "teardown": {"duration": 7.062501390464604e-05, "outcome": "passed"}}, {"nodeid": "workflow_orchestration_SoftwareDeveloper_o4-mini_iterative/test_timeout.py::test_timeout_and_retry", "lineno": 5, "outcome": "failed", "keywords": ["test_timeout_and_retry", "test_timeout.py", "workflow_orchestration_SoftwareDeveloper_o4-mini_iterative", "librarybench", ""], "setup": {"duration": 7.245800225064158e-05, "outcome": "passed"}, "call": {"duration": 0.012906916002975777, "outcome": "failed", "crash": {"path": "/Users/celine/Research/librarybench/workflow_orchestration_SoftwareDeveloper_o4-mini_iterative/test_timeout.py", "lineno": 26, "message": "assert 'timeout' in ''\n +  where '' = <built-in method lower of str object at 0x100bb7d58>()\n +    where <built-in method lower of str object at 0x100bb7d58> = ''.lower\n +      where '' = str(TimeoutError())\n +        where TimeoutError() = TaskExecutionError(\"Task 'slow' failed after retries: \").original_exception\n +          where TaskExecutionError(\"Task 'slow' failed after retries: \") = <ExceptionInfo TaskExecutionError(\"Task 'slow' failed after retries: \") tblen=2>.value"}, "traceback": [{"path": "test_timeout.py", "lineno": 26, "message": "AssertionError"}], "longrepr": "def test_timeout_and_retry():\n        # sleep beyond timeout\n        def sleeper(ctx):\n            time.sleep(0.05)\n            return {\"done\": True}\n    \n        # no retries, timeout=0.01\n        executor = TaskExecutor()\n        t = Task(name=\"slow\",\n                 func=sleeper,\n                 input_keys=[],\n                 output_keys=['done'],\n                 max_retries=0,\n                 retry_delay_seconds=0,\n                 timeout=0.01)\n        executor.register_task(t)\n    \n        with pytest.raises(TaskExecutionError) as ei:\n            executor.execute(\"slow\")\n        # original exception is FutureTimeoutError\n>       assert \"timeout\" in str(ei.value.original_exception).lower()\nE       assert 'timeout' in ''\nE        +  where '' = <built-in method lower of str object at 0x100bb7d58>()\nE        +    where <built-in method lower of str object at 0x100bb7d58> = ''.lower\nE        +      where '' = str(TimeoutError())\nE        +        where TimeoutError() = TaskExecutionError(\"Task 'slow' failed after retries: \").original_exception\nE        +          where TaskExecutionError(\"Task 'slow' failed after retries: \") = <ExceptionInfo TaskExecutionError(\"Task 'slow' failed after retries: \") tblen=2>.value\n\ntest_timeout.py:26: AssertionError"}, "teardown": {"duration": 9.629200212657452e-05, "outcome": "passed"}}]}